<?xml version="1.0" encoding="UTF-8"?>
<robot generator="Robot 7.0 (Python 3.10.12 on linux)" generated="2025-10-31T12:35:00.116354" rpa="false" schemaversion="5">
<suite id="s1" name="Testcases" source="/home/gregoryozaki/Documentos/compass/challenge-final/api-tests/testcases">
<suite id="s1-s1" name="Auth Tests" source="/home/gregoryozaki/Documentos/compass/challenge-final/api-tests/testcases/auth_tests.robot">
<test id="s1-s1-t1" name="CT01 - Registro de novo usuário válido" line="9">
<kw name="Create Unauthorized Session" owner="keywords">
<kw name="Create Session" owner="RequestsLibrary">
<msg time="2025-10-31T12:35:00.246329" level="INFO">Creating Session using : alias=api, url=http://localhost:5000/api/v1, headers={'Content-Type': 'application/json'},                     cookies={}, auth=None, timeout=None, proxies=None, verify=False,                     debug=0 </msg>
<arg>api</arg>
<arg>${BASE_URL}</arg>
<arg>headers={"Content-Type": "application/json"}</arg>
<doc>Create Session: create a HTTP session to a server</doc>
<status status="PASS" start="2025-10-31T12:35:00.246143" elapsed="0.000324"/>
</kw>
<status status="PASS" start="2025-10-31T12:35:00.245675" elapsed="0.000852"/>
</kw>
<kw name="Generate Random String" owner="String">
<msg time="2025-10-31T12:35:00.246802" level="INFO">${random_suffix} = dpcbl</msg>
<var>${random_suffix}</var>
<arg>5</arg>
<arg>[LOWER]</arg>
<doc>Generates a string with a desired ``length`` from the given ``chars``.</doc>
<status status="PASS" start="2025-10-31T12:35:00.246635" elapsed="0.000182"/>
</kw>
<kw name="Set Variable" owner="BuiltIn">
<msg time="2025-10-31T12:35:00.247032" level="INFO">${new_email} = testuserdpcbl@mail.com</msg>
<var>${new_email}</var>
<arg>${NEW_USER_EMAIL_PREFIX}${random_suffix}@mail.com</arg>
<doc>Returns the given values which can then be assigned to a variables.</doc>
<status status="PASS" start="2025-10-31T12:35:00.246912" elapsed="0.000132"/>
</kw>
<kw name="Create Dictionary" owner="BuiltIn">
<msg time="2025-10-31T12:35:00.247330" level="INFO">${body} = {'email': 'testuserdpcbl@mail.com', 'password': '123456', 'name': 'Test User'}</msg>
<var>${body}</var>
<arg>email=${new_email}</arg>
<arg>password=123456</arg>
<arg>name=Test User</arg>
<doc>Creates and returns a dictionary based on the given ``items``.</doc>
<status status="PASS" start="2025-10-31T12:35:00.247129" elapsed="0.000214"/>
</kw>
<kw name="POST On Session" owner="RequestsLibrary">
<msg time="2025-10-31T12:35:00.308967" level="INFO">POST Request : url=http://localhost:5000/api/v1/auth/register 
 path_url=/api/v1/auth/register 
 headers={'User-Agent': 'python-requests/2.32.4', 'Accept-Encoding': 'gzip, deflate, br', 'Accept': '*/*', 'Connection': 'keep-alive', 'Content-Type': 'application/json', 'Content-Length': '78'} 
 body=b'{"email": "testuserdpcbl@mail.com", "password": "123456", "name": "Test User"}' 
 </msg>
<msg time="2025-10-31T12:35:00.309046" level="INFO">POST Response : url=http://localhost:5000/api/v1/auth/register 
 status=201, reason=Created 
 headers={'X-Powered-By': 'Express', 'Access-Control-Allow-Origin': '*', 'Content-Type': 'application/json; charset=utf-8', 'Content-Length': '306', 'ETag': 'W/"132-KoshuiXUUcfV3CNGYFX1bnd14RM"', 'Date': 'Fri, 31 Oct 2025 16:35:00 GMT', 'Connection': 'keep-alive', 'Keep-Alive': 'timeout=5'} 
 body={"success":true,"data":{"_id":"6904e5347918e3c013d5b1b4","name":"Test User","email":"testuserdpcbl@mail.com","role":"user","token":"eyJhbGciOiJIUzI1NiIsInR5cCI6IkpXVCJ9.eyJpZCI6IjY5MDRlNTM0NzkxOGUzYzAxM2Q1YjFiNCIsImlhdCI6MTc2MTkyODUwMCwiZXhwIjoxNzYyMDE0OTAwfQ.Iy4VWWHkSII4cT0Uk6sXs_BvmRVZsZcqSjOhPvZdgpQ"}} 
 </msg>
<msg time="2025-10-31T12:35:00.309153" level="INFO">${response} = &lt;Response [201]&gt;</msg>
<var>${response}</var>
<arg>api</arg>
<arg>/auth/register</arg>
<arg>json=${body}</arg>
<doc>Sends a POST request on a previously created HTTP Session.</doc>
<status status="PASS" start="2025-10-31T12:35:00.247430" elapsed="0.061738"/>
</kw>
<kw name="Validate 201 Created Response" owner="keywords">
<kw name="Should Be Equal As Integers" owner="BuiltIn">
<msg time="2025-10-31T12:35:00.309946" level="INFO">Argument types are:
&lt;class 'int'&gt;
&lt;class 'str'&gt;</msg>
<arg>${response.status_code}</arg>
<arg>201</arg>
<doc>Fails if objects are unequal after converting them to integers.</doc>
<status status="PASS" start="2025-10-31T12:35:00.309605" elapsed="0.000380"/>
</kw>
<kw name="Log To Console" owner="BuiltIn">
<arg>🟢 Status 201 Created validado.</arg>
<doc>Logs the given message to the console.</doc>
<status status="PASS" start="2025-10-31T12:35:00.310066" elapsed="0.000081"/>
</kw>
<arg>${response}</arg>
<status status="PASS" start="2025-10-31T12:35:00.309366" elapsed="0.000820"/>
</kw>
<kw name="Run Keywords" owner="BuiltIn" type="TEARDOWN">
<kw name="Full Cleanup Teardown" owner="keywords">
<kw name="Run Keywords" owner="BuiltIn">
<kw name="Delete Resource By ID" owner="keywords">
<kw name="Run Keyword If" owner="BuiltIn">
<arg>'${resource_id}' != 'None' and '${TOKEN_ADMIN}' != 'None'</arg>
<arg>Run Keywords</arg>
<arg>Create Authorized Session</arg>
<arg>${TOKEN_ADMIN}</arg>
<arg>AND</arg>
<arg>DELETE On Session</arg>
<arg>api</arg>
<arg>${endpoint}${resource_id}</arg>
<arg>expected_status=any</arg>
<doc>Runs the given keyword with the given arguments, if ``condition`` is true.</doc>
<status status="PASS" start="2025-10-31T12:35:00.310935" elapsed="0.000111"/>
</kw>
<arg>${CREATED_RESERVATION_ID}</arg>
<arg>/reservations/</arg>
<status status="PASS" start="2025-10-31T12:35:00.310746" elapsed="0.000345"/>
</kw>
<kw name="Delete Resource By ID" owner="keywords">
<kw name="Run Keyword If" owner="BuiltIn">
<arg>'${resource_id}' != 'None' and '${TOKEN_ADMIN}' != 'None'</arg>
<arg>Run Keywords</arg>
<arg>Create Authorized Session</arg>
<arg>${TOKEN_ADMIN}</arg>
<arg>AND</arg>
<arg>DELETE On Session</arg>
<arg>api</arg>
<arg>${endpoint}${resource_id}</arg>
<arg>expected_status=any</arg>
<doc>Runs the given keyword with the given arguments, if ``condition`` is true.</doc>
<status status="PASS" start="2025-10-31T12:35:00.311345" elapsed="0.000101"/>
</kw>
<arg>${CREATED_SESSION_ID}</arg>
<arg>/sessions/</arg>
<status status="PASS" start="2025-10-31T12:35:00.311169" elapsed="0.000320"/>
</kw>
<kw name="Delete Resource By ID" owner="keywords">
<kw name="Run Keyword If" owner="BuiltIn">
<arg>'${resource_id}' != 'None' and '${TOKEN_ADMIN}' != 'None'</arg>
<arg>Run Keywords</arg>
<arg>Create Authorized Session</arg>
<arg>${TOKEN_ADMIN}</arg>
<arg>AND</arg>
<arg>DELETE On Session</arg>
<arg>api</arg>
<arg>${endpoint}${resource_id}</arg>
<arg>expected_status=any</arg>
<doc>Runs the given keyword with the given arguments, if ``condition`` is true.</doc>
<status status="PASS" start="2025-10-31T12:35:00.311758" elapsed="0.000101"/>
</kw>
<arg>${CREATED_MOVIE_ID}</arg>
<arg>/movies/</arg>
<status status="PASS" start="2025-10-31T12:35:00.311570" elapsed="0.000331"/>
</kw>
<kw name="Delete Resource By ID" owner="keywords">
<kw name="Run Keyword If" owner="BuiltIn">
<arg>'${resource_id}' != 'None' and '${TOKEN_ADMIN}' != 'None'</arg>
<arg>Run Keywords</arg>
<arg>Create Authorized Session</arg>
<arg>${TOKEN_ADMIN}</arg>
<arg>AND</arg>
<arg>DELETE On Session</arg>
<arg>api</arg>
<arg>${endpoint}${resource_id}</arg>
<arg>expected_status=any</arg>
<doc>Runs the given keyword with the given arguments, if ``condition`` is true.</doc>
<status status="PASS" start="2025-10-31T12:35:00.312154" elapsed="0.000093"/>
</kw>
<arg>${CREATED_THEATER_ID}</arg>
<arg>/theaters/</arg>
<status status="PASS" start="2025-10-31T12:35:00.311978" elapsed="0.000310"/>
</kw>
<kw name="Delete Resource By ID" owner="keywords">
<kw name="Run Keyword If" owner="BuiltIn">
<arg>'${resource_id}' != 'None' and '${TOKEN_ADMIN}' != 'None'</arg>
<arg>Run Keywords</arg>
<arg>Create Authorized Session</arg>
<arg>${TOKEN_ADMIN}</arg>
<arg>AND</arg>
<arg>DELETE On Session</arg>
<arg>api</arg>
<arg>${endpoint}${resource_id}</arg>
<arg>expected_status=any</arg>
<doc>Runs the given keyword with the given arguments, if ``condition`` is true.</doc>
<status status="PASS" start="2025-10-31T12:35:00.312534" elapsed="0.000091"/>
</kw>
<arg>${CREATED_USER_ID}</arg>
<arg>/users/</arg>
<status status="PASS" start="2025-10-31T12:35:00.312361" elapsed="0.000352"/>
</kw>
<arg>Delete Resource By ID</arg>
<arg>${CREATED_RESERVATION_ID}</arg>
<arg>/reservations/</arg>
<arg>AND</arg>
<arg>Delete Resource By ID</arg>
<arg>${CREATED_SESSION_ID}</arg>
<arg>/sessions/</arg>
<arg>AND</arg>
<arg>Delete Resource By ID</arg>
<arg>${CREATED_MOVIE_ID}</arg>
<arg>/movies/</arg>
<arg>AND</arg>
<arg>Delete Resource By ID</arg>
<arg>${CREATED_THEATER_ID}</arg>
<arg>/theaters/</arg>
<arg>AND</arg>
<arg>Delete Resource By ID</arg>
<arg>${CREATED_USER_ID}</arg>
<arg>/users/</arg>
<doc>Executes all the given keywords in a sequence.</doc>
<status status="PASS" start="2025-10-31T12:35:00.310598" elapsed="0.002142"/>
</kw>
<status status="PASS" start="2025-10-31T12:35:00.310448" elapsed="0.002343"/>
</kw>
<arg>Full Cleanup Teardown</arg>
<doc>Executes all the given keywords in a sequence.</doc>
<status status="PASS" start="2025-10-31T12:35:00.310326" elapsed="0.002483"/>
</kw>
<status status="PASS" start="2025-10-31T12:35:00.245346" elapsed="0.067506"/>
</test>
<test id="s1-s1-t2" name="CT02 - Registro com e-mail existente (Falha - 400)" line="20">
<kw name="Create Unauthorized Session" owner="keywords">
<kw name="Create Session" owner="RequestsLibrary">
<msg time="2025-10-31T12:35:00.313529" level="INFO">Creating Session using : alias=api, url=http://localhost:5000/api/v1, headers={'Content-Type': 'application/json'},                     cookies={}, auth=None, timeout=None, proxies=None, verify=False,                     debug=0 </msg>
<arg>api</arg>
<arg>${BASE_URL}</arg>
<arg>headers={"Content-Type": "application/json"}</arg>
<doc>Create Session: create a HTTP session to a server</doc>
<status status="PASS" start="2025-10-31T12:35:00.313386" elapsed="0.000241"/>
</kw>
<status status="PASS" start="2025-10-31T12:35:00.313248" elapsed="0.000415"/>
</kw>
<kw name="Create Dictionary" owner="BuiltIn">
<msg time="2025-10-31T12:35:00.313901" level="INFO">${body} = {'email': 'user@example.com', 'password': 'password123', 'name': 'Existing User'}</msg>
<var>${body}</var>
<arg>email=${USER_EMAIL}</arg>
<arg>password=password123</arg>
<arg>name=Existing User</arg>
<doc>Creates and returns a dictionary based on the given ``items``.</doc>
<status status="PASS" start="2025-10-31T12:35:00.313750" elapsed="0.000165"/>
</kw>
<kw name="POST On Session" owner="RequestsLibrary">
<msg time="2025-10-31T12:35:00.316754" level="INFO">POST Request : url=http://localhost:5000/api/v1/auth/register 
 path_url=/api/v1/auth/register 
 headers={'User-Agent': 'python-requests/2.32.4', 'Accept-Encoding': 'gzip, deflate, br', 'Accept': '*/*', 'Connection': 'keep-alive', 'Content-Type': 'application/json', 'Content-Length': '81'} 
 body=b'{"email": "user@example.com", "password": "password123", "name": "Existing User"}' 
 </msg>
<msg time="2025-10-31T12:35:00.316801" level="INFO">POST Response : url=http://localhost:5000/api/v1/auth/register 
 status=400, reason=Bad Request 
 headers={'X-Powered-By': 'Express', 'Access-Control-Allow-Origin': '*', 'Content-Type': 'application/json; charset=utf-8', 'Content-Length': '49', 'ETag': 'W/"31-WKEMg8zALB1Ko0WjUHi/6RBGHVc"', 'Date': 'Fri, 31 Oct 2025 16:35:00 GMT', 'Connection': 'keep-alive', 'Keep-Alive': 'timeout=5'} 
 body={"success":false,"message":"User already exists"} 
 </msg>
<msg time="2025-10-31T12:35:00.316873" level="INFO">${response} = &lt;Response [400]&gt;</msg>
<var>${response}</var>
<arg>api</arg>
<arg>/auth/register</arg>
<arg>json=${body}</arg>
<arg>expected_status=any</arg>
<doc>Sends a POST request on a previously created HTTP Session.</doc>
<status status="PASS" start="2025-10-31T12:35:00.314000" elapsed="0.002886"/>
</kw>
<kw name="Validate 400 Bad Request Response" owner="keywords">
<kw name="Should Be Equal As Integers" owner="BuiltIn">
<msg time="2025-10-31T12:35:00.317552" level="INFO">Argument types are:
&lt;class 'int'&gt;
&lt;class 'str'&gt;</msg>
<arg>${response.status_code}</arg>
<arg>400</arg>
<doc>Fails if objects are unequal after converting them to integers.</doc>
<status status="PASS" start="2025-10-31T12:35:00.317241" elapsed="0.000348"/>
</kw>
<kw name="Log To Console" owner="BuiltIn">
<arg>🟠 Status 400 Bad Request validado.</arg>
<doc>Logs the given message to the console.</doc>
<status status="PASS" start="2025-10-31T12:35:00.317662" elapsed="0.000081"/>
</kw>
<arg>${response}</arg>
<status status="PASS" start="2025-10-31T12:35:00.317040" elapsed="0.000738"/>
</kw>
<kw name="Run Keywords" owner="BuiltIn" type="TEARDOWN">
<kw name="Full Cleanup Teardown" owner="keywords">
<kw name="Run Keywords" owner="BuiltIn">
<kw name="Delete Resource By ID" owner="keywords">
<kw name="Run Keyword If" owner="BuiltIn">
<arg>'${resource_id}' != 'None' and '${TOKEN_ADMIN}' != 'None'</arg>
<arg>Run Keywords</arg>
<arg>Create Authorized Session</arg>
<arg>${TOKEN_ADMIN}</arg>
<arg>AND</arg>
<arg>DELETE On Session</arg>
<arg>api</arg>
<arg>${endpoint}${resource_id}</arg>
<arg>expected_status=any</arg>
<doc>Runs the given keyword with the given arguments, if ``condition`` is true.</doc>
<status status="PASS" start="2025-10-31T12:35:00.318536" elapsed="0.000115"/>
</kw>
<arg>${CREATED_RESERVATION_ID}</arg>
<arg>/reservations/</arg>
<status status="PASS" start="2025-10-31T12:35:00.318253" elapsed="0.000449"/>
</kw>
<kw name="Delete Resource By ID" owner="keywords">
<kw name="Run Keyword If" owner="BuiltIn">
<arg>'${resource_id}' != 'None' and '${TOKEN_ADMIN}' != 'None'</arg>
<arg>Run Keywords</arg>
<arg>Create Authorized Session</arg>
<arg>${TOKEN_ADMIN}</arg>
<arg>AND</arg>
<arg>DELETE On Session</arg>
<arg>api</arg>
<arg>${endpoint}${resource_id}</arg>
<arg>expected_status=any</arg>
<doc>Runs the given keyword with the given arguments, if ``condition`` is true.</doc>
<status status="PASS" start="2025-10-31T12:35:00.318966" elapsed="0.000105"/>
</kw>
<arg>${CREATED_SESSION_ID}</arg>
<arg>/sessions/</arg>
<status status="PASS" start="2025-10-31T12:35:00.318786" elapsed="0.000330"/>
</kw>
<kw name="Delete Resource By ID" owner="keywords">
<kw name="Run Keyword If" owner="BuiltIn">
<arg>'${resource_id}' != 'None' and '${TOKEN_ADMIN}' != 'None'</arg>
<arg>Run Keywords</arg>
<arg>Create Authorized Session</arg>
<arg>${TOKEN_ADMIN}</arg>
<arg>AND</arg>
<arg>DELETE On Session</arg>
<arg>api</arg>
<arg>${endpoint}${resource_id}</arg>
<arg>expected_status=any</arg>
<doc>Runs the given keyword with the given arguments, if ``condition`` is true.</doc>
<status status="PASS" start="2025-10-31T12:35:00.319374" elapsed="0.000093"/>
</kw>
<arg>${CREATED_MOVIE_ID}</arg>
<arg>/movies/</arg>
<status status="PASS" start="2025-10-31T12:35:00.319197" elapsed="0.000311"/>
</kw>
<kw name="Delete Resource By ID" owner="keywords">
<kw name="Run Keyword If" owner="BuiltIn">
<arg>'${resource_id}' != 'None' and '${TOKEN_ADMIN}' != 'None'</arg>
<arg>Run Keywords</arg>
<arg>Create Authorized Session</arg>
<arg>${TOKEN_ADMIN}</arg>
<arg>AND</arg>
<arg>DELETE On Session</arg>
<arg>api</arg>
<arg>${endpoint}${resource_id}</arg>
<arg>expected_status=any</arg>
<doc>Runs the given keyword with the given arguments, if ``condition`` is true.</doc>
<status status="PASS" start="2025-10-31T12:35:00.319760" elapsed="0.000092"/>
</kw>
<arg>${CREATED_THEATER_ID}</arg>
<arg>/theaters/</arg>
<status status="PASS" start="2025-10-31T12:35:00.319584" elapsed="0.000310"/>
</kw>
<kw name="Delete Resource By ID" owner="keywords">
<kw name="Run Keyword If" owner="BuiltIn">
<arg>'${resource_id}' != 'None' and '${TOKEN_ADMIN}' != 'None'</arg>
<arg>Run Keywords</arg>
<arg>Create Authorized Session</arg>
<arg>${TOKEN_ADMIN}</arg>
<arg>AND</arg>
<arg>DELETE On Session</arg>
<arg>api</arg>
<arg>${endpoint}${resource_id}</arg>
<arg>expected_status=any</arg>
<doc>Runs the given keyword with the given arguments, if ``condition`` is true.</doc>
<status status="PASS" start="2025-10-31T12:35:00.320153" elapsed="0.000101"/>
</kw>
<arg>${CREATED_USER_ID}</arg>
<arg>/users/</arg>
<status status="PASS" start="2025-10-31T12:35:00.319974" elapsed="0.000321"/>
</kw>
<arg>Delete Resource By ID</arg>
<arg>${CREATED_RESERVATION_ID}</arg>
<arg>/reservations/</arg>
<arg>AND</arg>
<arg>Delete Resource By ID</arg>
<arg>${CREATED_SESSION_ID}</arg>
<arg>/sessions/</arg>
<arg>AND</arg>
<arg>Delete Resource By ID</arg>
<arg>${CREATED_MOVIE_ID}</arg>
<arg>/movies/</arg>
<arg>AND</arg>
<arg>Delete Resource By ID</arg>
<arg>${CREATED_THEATER_ID}</arg>
<arg>/theaters/</arg>
<arg>AND</arg>
<arg>Delete Resource By ID</arg>
<arg>${CREATED_USER_ID}</arg>
<arg>/users/</arg>
<doc>Executes all the given keywords in a sequence.</doc>
<status status="PASS" start="2025-10-31T12:35:00.318159" elapsed="0.002192"/>
</kw>
<status status="PASS" start="2025-10-31T12:35:00.318015" elapsed="0.002383"/>
</kw>
<arg>Full Cleanup Teardown</arg>
<doc>Executes all the given keywords in a sequence.</doc>
<status status="PASS" start="2025-10-31T12:35:00.317903" elapsed="0.002512"/>
</kw>
<doc>Tenta registrar um usuário já existente, deve retornar 400 Bad Request</doc>
<status status="PASS" start="2025-10-31T12:35:00.312987" elapsed="0.007468"/>
</test>
<test id="s1-s1-t3" name="CT03 - Login de sucesso (Admin - 200)" line="27">
<kw name="Login As Admin" owner="keywords">
<kw name="Get Admin Token Manual" owner="admin_token_helper">
<msg time="2025-10-31T12:35:00.325235" level="INFO">${token} = Bearer eyJhbGciOiJIUzI1NiIsInR5cCI6IkpXVCJ9.eyJpZCI6IjY5MDRlM2I1Y2ZlZmM3ZTQzZWE3ZTg5ZSIsImlhdCI6MTc2MTkyODUwMCwiZXhwIjoxNzYxOTMyMTAwfQ.53FSXwD6oy9cS3P7ETTbUA9jiFS_y3d6veBzD_OdgF0</msg>
<var>${token}</var>
<doc>Wrapper simples para ser usado diretamente no Robot Framework.</doc>
<status status="PASS" start="2025-10-31T12:35:00.320928" elapsed="0.004347"/>
</kw>
<kw name="Set Global Variable" owner="BuiltIn">
<msg time="2025-10-31T12:35:00.325736" level="INFO">${TOKEN_ADMIN} = Bearer eyJhbGciOiJIUzI1NiIsInR5cCI6IkpXVCJ9.eyJpZCI6IjY5MDRlM2I1Y2ZlZmM3ZTQzZWE3ZTg5ZSIsImlhdCI6MTc2MTkyODUwMCwiZXhwIjoxNzYxOTMyMTAwfQ.53FSXwD6oy9cS3P7ETTbUA9jiFS_y3d6veBzD_OdgF0</msg>
<arg>${TOKEN_ADMIN}</arg>
<arg>${token}</arg>
<doc>Makes a variable available globally in all tests and suites.</doc>
<status status="PASS" start="2025-10-31T12:35:00.325446" elapsed="0.000339"/>
</kw>
<kw name="Log To Console" owner="BuiltIn">
<arg>✅ Token Admin Gerado com sucesso (WORKAROUND).</arg>
<doc>Logs the given message to the console.</doc>
<status status="PASS" start="2025-10-31T12:35:00.325894" elapsed="0.000135"/>
</kw>
<status status="PASS" start="2025-10-31T12:35:00.320792" elapsed="0.005299"/>
</kw>
<kw name="Should Not Be Equal" owner="BuiltIn">
<arg>${TOKEN_ADMIN}</arg>
<arg>None</arg>
<doc>Fails if the given objects are equal.</doc>
<status status="PASS" start="2025-10-31T12:35:00.326217" elapsed="0.000161"/>
</kw>
<kw name="Log To Console" owner="BuiltIn">
<arg>✅ Token Admin: ${TOKEN_ADMIN}</arg>
<doc>Logs the given message to the console.</doc>
<status status="PASS" start="2025-10-31T12:35:00.326508" elapsed="0.000176"/>
</kw>
<kw name="Run Keywords" owner="BuiltIn" type="TEARDOWN">
<kw name="Full Cleanup Teardown" owner="keywords">
<kw name="Run Keywords" owner="BuiltIn">
<kw name="Delete Resource By ID" owner="keywords">
<kw name="Run Keyword If" owner="BuiltIn">
<arg>'${resource_id}' != 'None' and '${TOKEN_ADMIN}' != 'None'</arg>
<arg>Run Keywords</arg>
<arg>Create Authorized Session</arg>
<arg>${TOKEN_ADMIN}</arg>
<arg>AND</arg>
<arg>DELETE On Session</arg>
<arg>api</arg>
<arg>${endpoint}${resource_id}</arg>
<arg>expected_status=any</arg>
<doc>Runs the given keyword with the given arguments, if ``condition`` is true.</doc>
<status status="PASS" start="2025-10-31T12:35:00.328018" elapsed="0.000192"/>
</kw>
<arg>${CREATED_RESERVATION_ID}</arg>
<arg>/reservations/</arg>
<status status="PASS" start="2025-10-31T12:35:00.327573" elapsed="0.000701"/>
</kw>
<kw name="Delete Resource By ID" owner="keywords">
<kw name="Run Keyword If" owner="BuiltIn">
<arg>'${resource_id}' != 'None' and '${TOKEN_ADMIN}' != 'None'</arg>
<arg>Run Keywords</arg>
<arg>Create Authorized Session</arg>
<arg>${TOKEN_ADMIN}</arg>
<arg>AND</arg>
<arg>DELETE On Session</arg>
<arg>api</arg>
<arg>${endpoint}${resource_id}</arg>
<arg>expected_status=any</arg>
<doc>Runs the given keyword with the given arguments, if ``condition`` is true.</doc>
<status status="PASS" start="2025-10-31T12:35:00.328615" elapsed="0.000121"/>
</kw>
<arg>${CREATED_SESSION_ID}</arg>
<arg>/sessions/</arg>
<status status="PASS" start="2025-10-31T12:35:00.328390" elapsed="0.000396"/>
</kw>
<kw name="Delete Resource By ID" owner="keywords">
<kw name="Run Keyword If" owner="BuiltIn">
<arg>'${resource_id}' != 'None' and '${TOKEN_ADMIN}' != 'None'</arg>
<arg>Run Keywords</arg>
<arg>Create Authorized Session</arg>
<arg>${TOKEN_ADMIN}</arg>
<arg>AND</arg>
<arg>DELETE On Session</arg>
<arg>api</arg>
<arg>${endpoint}${resource_id}</arg>
<arg>expected_status=any</arg>
<doc>Runs the given keyword with the given arguments, if ``condition`` is true.</doc>
<status status="PASS" start="2025-10-31T12:35:00.329055" elapsed="0.000098"/>
</kw>
<arg>${CREATED_MOVIE_ID}</arg>
<arg>/movies/</arg>
<status status="PASS" start="2025-10-31T12:35:00.328870" elapsed="0.000327"/>
</kw>
<kw name="Delete Resource By ID" owner="keywords">
<kw name="Run Keyword If" owner="BuiltIn">
<arg>'${resource_id}' != 'None' and '${TOKEN_ADMIN}' != 'None'</arg>
<arg>Run Keywords</arg>
<arg>Create Authorized Session</arg>
<arg>${TOKEN_ADMIN}</arg>
<arg>AND</arg>
<arg>DELETE On Session</arg>
<arg>api</arg>
<arg>${endpoint}${resource_id}</arg>
<arg>expected_status=any</arg>
<doc>Runs the given keyword with the given arguments, if ``condition`` is true.</doc>
<status status="PASS" start="2025-10-31T12:35:00.329444" elapsed="0.000113"/>
</kw>
<arg>${CREATED_THEATER_ID}</arg>
<arg>/theaters/</arg>
<status status="PASS" start="2025-10-31T12:35:00.329271" elapsed="0.000334"/>
</kw>
<kw name="Delete Resource By ID" owner="keywords">
<kw name="Run Keyword If" owner="BuiltIn">
<arg>'${resource_id}' != 'None' and '${TOKEN_ADMIN}' != 'None'</arg>
<arg>Run Keywords</arg>
<arg>Create Authorized Session</arg>
<arg>${TOKEN_ADMIN}</arg>
<arg>AND</arg>
<arg>DELETE On Session</arg>
<arg>api</arg>
<arg>${endpoint}${resource_id}</arg>
<arg>expected_status=any</arg>
<doc>Runs the given keyword with the given arguments, if ``condition`` is true.</doc>
<status status="PASS" start="2025-10-31T12:35:00.329877" elapsed="0.000175"/>
</kw>
<arg>${CREATED_USER_ID}</arg>
<arg>/users/</arg>
<status status="PASS" start="2025-10-31T12:35:00.329683" elapsed="0.000419"/>
</kw>
<arg>Delete Resource By ID</arg>
<arg>${CREATED_RESERVATION_ID}</arg>
<arg>/reservations/</arg>
<arg>AND</arg>
<arg>Delete Resource By ID</arg>
<arg>${CREATED_SESSION_ID}</arg>
<arg>/sessions/</arg>
<arg>AND</arg>
<arg>Delete Resource By ID</arg>
<arg>${CREATED_MOVIE_ID}</arg>
<arg>/movies/</arg>
<arg>AND</arg>
<arg>Delete Resource By ID</arg>
<arg>${CREATED_THEATER_ID}</arg>
<arg>/theaters/</arg>
<arg>AND</arg>
<arg>Delete Resource By ID</arg>
<arg>${CREATED_USER_ID}</arg>
<arg>/users/</arg>
<doc>Executes all the given keywords in a sequence.</doc>
<status status="PASS" start="2025-10-31T12:35:00.327400" elapsed="0.002726"/>
</kw>
<status status="PASS" start="2025-10-31T12:35:00.327094" elapsed="0.003078"/>
</kw>
<arg>Full Cleanup Teardown</arg>
<doc>Executes all the given keywords in a sequence.</doc>
<status status="PASS" start="2025-10-31T12:35:00.326904" elapsed="0.003285"/>
</kw>
<doc>Login com credenciais do Admin</doc>
<status status="PASS" start="2025-10-31T12:35:00.320575" elapsed="0.009663"/>
</test>
<test id="s1-s1-t4" name="CT04 - Login de sucesso (Usuário - 200)" line="33">
<kw name="Login As User" owner="keywords">
<kw name="Create Session" owner="RequestsLibrary">
<msg time="2025-10-31T12:35:00.330859" level="INFO">Creating Session using : alias=api, url=http://localhost:5000/api/v1, headers={},                     cookies={}, auth=None, timeout=None, proxies=None, verify=False,                     debug=0 </msg>
<arg>api</arg>
<arg>${BASE_URL}</arg>
<doc>Create Session: create a HTTP session to a server</doc>
<status status="PASS" start="2025-10-31T12:35:00.330770" elapsed="0.000194"/>
</kw>
<kw name="Create Dictionary" owner="BuiltIn">
<msg time="2025-10-31T12:35:00.331247" level="INFO">${body} = {'email': 'user@example.com', 'password': 'password123'}</msg>
<var>${body}</var>
<arg>email=${USER_EMAIL}</arg>
<arg>password=${USER_PASSWORD}</arg>
<doc>Creates and returns a dictionary based on the given ``items``.</doc>
<status status="PASS" start="2025-10-31T12:35:00.331079" elapsed="0.000182"/>
</kw>
<kw name="POST On Session" owner="RequestsLibrary">
<msg time="2025-10-31T12:35:00.390549" level="INFO">POST Request : url=http://localhost:5000/api/v1/auth/login 
 path_url=/api/v1/auth/login 
 headers={'User-Agent': 'python-requests/2.32.4', 'Accept-Encoding': 'gzip, deflate, br', 'Accept': '*/*', 'Connection': 'keep-alive', 'Content-Length': '56', 'Content-Type': 'application/json'} 
 body=b'{"email": "user@example.com", "password": "password123"}' 
 </msg>
<msg time="2025-10-31T12:35:00.390636" level="INFO">POST Response : url=http://localhost:5000/api/v1/auth/login 
 status=200, reason=OK 
 headers={'X-Powered-By': 'Express', 'Access-Control-Allow-Origin': '*', 'Content-Type': 'application/json; charset=utf-8', 'Content-Length': '303', 'ETag': 'W/"12f-os+5fJrKUp68UMitHmaNM8kEZok"', 'Date': 'Fri, 31 Oct 2025 16:35:00 GMT', 'Connection': 'keep-alive', 'Keep-Alive': 'timeout=5'} 
 body={"success":true,"data":{"_id":"6904e3b5cfefc7e43ea7e89f","name":"Regular User","email":"user@example.com","role":"user","token":"eyJhbGciOiJIUzI1NiIsInR5cCI6IkpXVCJ9.eyJpZCI6IjY5MDRlM2I1Y2ZlZmM3ZTQzZWE3ZTg5ZiIsImlhdCI6MTc2MTkyODUwMCwiZXhwIjoxNzYyMDE0OTAwfQ.fyL-stMNyBK-1aBZ4niimF685zZf6VvIw3hCtHMMTvM"}} 
 </msg>
<msg time="2025-10-31T12:35:00.390770" level="INFO">${response} = &lt;Response [200]&gt;</msg>
<var>${response}</var>
<arg>api</arg>
<arg>/auth/login</arg>
<arg>json=${body}</arg>
<doc>Sends a POST request on a previously created HTTP Session.</doc>
<status status="PASS" start="2025-10-31T12:35:00.331331" elapsed="0.059457"/>
</kw>
<kw name="Validate 200 OK Response" owner="keywords">
<kw name="Should Be Equal As Integers" owner="BuiltIn">
<msg time="2025-10-31T12:35:00.391534" level="INFO">Argument types are:
&lt;class 'int'&gt;
&lt;class 'str'&gt;</msg>
<arg>${response.status_code}</arg>
<arg>200</arg>
<doc>Fails if objects are unequal after converting them to integers.</doc>
<status status="PASS" start="2025-10-31T12:35:00.391219" elapsed="0.000352"/>
</kw>
<kw name="Log To Console" owner="BuiltIn">
<arg>🟢 Status 200 OK validado.</arg>
<doc>Logs the given message to the console.</doc>
<status status="PASS" start="2025-10-31T12:35:00.391647" elapsed="0.000088"/>
</kw>
<arg>${response}</arg>
<status status="PASS" start="2025-10-31T12:35:00.390984" elapsed="0.000787"/>
</kw>
<kw name="Get From Dictionary" owner="Collections">
<msg time="2025-10-31T12:35:00.392164" level="INFO">${data} = {'_id': '6904e3b5cfefc7e43ea7e89f', 'name': 'Regular User', 'email': 'user@example.com', 'role': 'user', 'token': 'eyJhbGciOiJIUzI1NiIsInR5cCI6IkpXVCJ9.eyJpZCI6IjY5MDRlM2I1Y2ZlZmM3ZTQzZWE3ZTg5ZiIsImlh...</msg>
<var>${data}</var>
<arg>${response.json()}</arg>
<arg>data</arg>
<doc>Returns a value from the given ``dictionary`` based on the given ``key``.</doc>
<status status="PASS" start="2025-10-31T12:35:00.391834" elapsed="0.000346"/>
</kw>
<kw name="Get From Dictionary" owner="Collections">
<msg time="2025-10-31T12:35:00.392352" level="INFO">${token} = eyJhbGciOiJIUzI1NiIsInR5cCI6IkpXVCJ9.eyJpZCI6IjY5MDRlM2I1Y2ZlZmM3ZTQzZWE3ZTg5ZiIsImlhdCI6MTc2MTkyODUwMCwiZXhwIjoxNzYyMDE0OTAwfQ.fyL-stMNyBK-1aBZ4niimF685zZf6VvIw3hCtHMMTvM</msg>
<var>${token}</var>
<arg>${data}</arg>
<arg>token</arg>
<doc>Returns a value from the given ``dictionary`` based on the given ``key``.</doc>
<status status="PASS" start="2025-10-31T12:35:00.392253" elapsed="0.000112"/>
</kw>
<kw name="Set Global Variable" owner="BuiltIn">
<msg time="2025-10-31T12:35:00.392559" level="INFO">${TOKEN_USER} = eyJhbGciOiJIUzI1NiIsInR5cCI6IkpXVCJ9.eyJpZCI6IjY5MDRlM2I1Y2ZlZmM3ZTQzZWE3ZTg5ZiIsImlhdCI6MTc2MTkyODUwMCwiZXhwIjoxNzYyMDE0OTAwfQ.fyL-stMNyBK-1aBZ4niimF685zZf6VvIw3hCtHMMTvM</msg>
<arg>${TOKEN_USER}</arg>
<arg>${token}</arg>
<doc>Makes a variable available globally in all tests and suites.</doc>
<status status="PASS" start="2025-10-31T12:35:00.392433" elapsed="0.000147"/>
</kw>
<kw name="Log To Console" owner="BuiltIn">
<arg>✅ Token User: ${token}</arg>
<doc>Logs the given message to the console.</doc>
<status status="PASS" start="2025-10-31T12:35:00.392639" elapsed="0.000095"/>
</kw>
<status status="PASS" start="2025-10-31T12:35:00.330616" elapsed="0.062154"/>
</kw>
<kw name="Should Not Be Equal" owner="BuiltIn">
<arg>${TOKEN_USER}</arg>
<arg>None</arg>
<doc>Fails if the given objects are equal.</doc>
<status status="PASS" start="2025-10-31T12:35:00.392848" elapsed="0.000093"/>
</kw>
<kw name="Log To Console" owner="BuiltIn">
<arg>✅ Token User: ${TOKEN_USER}</arg>
<doc>Logs the given message to the console.</doc>
<status status="PASS" start="2025-10-31T12:35:00.393019" elapsed="0.000084"/>
</kw>
<kw name="Run Keywords" owner="BuiltIn" type="TEARDOWN">
<kw name="Full Cleanup Teardown" owner="keywords">
<kw name="Run Keywords" owner="BuiltIn">
<kw name="Delete Resource By ID" owner="keywords">
<kw name="Run Keyword If" owner="BuiltIn">
<arg>'${resource_id}' != 'None' and '${TOKEN_ADMIN}' != 'None'</arg>
<arg>Run Keywords</arg>
<arg>Create Authorized Session</arg>
<arg>${TOKEN_ADMIN}</arg>
<arg>AND</arg>
<arg>DELETE On Session</arg>
<arg>api</arg>
<arg>${endpoint}${resource_id}</arg>
<arg>expected_status=any</arg>
<doc>Runs the given keyword with the given arguments, if ``condition`` is true.</doc>
<status status="PASS" start="2025-10-31T12:35:00.393767" elapsed="0.000112"/>
</kw>
<arg>${CREATED_RESERVATION_ID}</arg>
<arg>/reservations/</arg>
<status status="PASS" start="2025-10-31T12:35:00.393578" elapsed="0.000348"/>
</kw>
<kw name="Delete Resource By ID" owner="keywords">
<kw name="Run Keyword If" owner="BuiltIn">
<arg>'${resource_id}' != 'None' and '${TOKEN_ADMIN}' != 'None'</arg>
<arg>Run Keywords</arg>
<arg>Create Authorized Session</arg>
<arg>${TOKEN_ADMIN}</arg>
<arg>AND</arg>
<arg>DELETE On Session</arg>
<arg>api</arg>
<arg>${endpoint}${resource_id}</arg>
<arg>expected_status=any</arg>
<doc>Runs the given keyword with the given arguments, if ``condition`` is true.</doc>
<status status="PASS" start="2025-10-31T12:35:00.394176" elapsed="0.000196"/>
</kw>
<arg>${CREATED_SESSION_ID}</arg>
<arg>/sessions/</arg>
<status status="PASS" start="2025-10-31T12:35:00.394002" elapsed="0.000420"/>
</kw>
<kw name="Delete Resource By ID" owner="keywords">
<kw name="Run Keyword If" owner="BuiltIn">
<arg>'${resource_id}' != 'None' and '${TOKEN_ADMIN}' != 'None'</arg>
<arg>Run Keywords</arg>
<arg>Create Authorized Session</arg>
<arg>${TOKEN_ADMIN}</arg>
<arg>AND</arg>
<arg>DELETE On Session</arg>
<arg>api</arg>
<arg>${endpoint}${resource_id}</arg>
<arg>expected_status=any</arg>
<doc>Runs the given keyword with the given arguments, if ``condition`` is true.</doc>
<status status="PASS" start="2025-10-31T12:35:00.394693" elapsed="0.000101"/>
</kw>
<arg>${CREATED_MOVIE_ID}</arg>
<arg>/movies/</arg>
<status status="PASS" start="2025-10-31T12:35:00.394508" elapsed="0.000329"/>
</kw>
<kw name="Delete Resource By ID" owner="keywords">
<kw name="Run Keyword If" owner="BuiltIn">
<arg>'${resource_id}' != 'None' and '${TOKEN_ADMIN}' != 'None'</arg>
<arg>Run Keywords</arg>
<arg>Create Authorized Session</arg>
<arg>${TOKEN_ADMIN}</arg>
<arg>AND</arg>
<arg>DELETE On Session</arg>
<arg>api</arg>
<arg>${endpoint}${resource_id}</arg>
<arg>expected_status=any</arg>
<doc>Runs the given keyword with the given arguments, if ``condition`` is true.</doc>
<status status="PASS" start="2025-10-31T12:35:00.395089" elapsed="0.000097"/>
</kw>
<arg>${CREATED_THEATER_ID}</arg>
<arg>/theaters/</arg>
<status status="PASS" start="2025-10-31T12:35:00.394914" elapsed="0.000313"/>
</kw>
<kw name="Delete Resource By ID" owner="keywords">
<kw name="Run Keyword If" owner="BuiltIn">
<arg>'${resource_id}' != 'None' and '${TOKEN_ADMIN}' != 'None'</arg>
<arg>Run Keywords</arg>
<arg>Create Authorized Session</arg>
<arg>${TOKEN_ADMIN}</arg>
<arg>AND</arg>
<arg>DELETE On Session</arg>
<arg>api</arg>
<arg>${endpoint}${resource_id}</arg>
<arg>expected_status=any</arg>
<doc>Runs the given keyword with the given arguments, if ``condition`` is true.</doc>
<status status="PASS" start="2025-10-31T12:35:00.395468" elapsed="0.000095"/>
</kw>
<arg>${CREATED_USER_ID}</arg>
<arg>/users/</arg>
<status status="PASS" start="2025-10-31T12:35:00.395300" elapsed="0.000341"/>
</kw>
<arg>Delete Resource By ID</arg>
<arg>${CREATED_RESERVATION_ID}</arg>
<arg>/reservations/</arg>
<arg>AND</arg>
<arg>Delete Resource By ID</arg>
<arg>${CREATED_SESSION_ID}</arg>
<arg>/sessions/</arg>
<arg>AND</arg>
<arg>Delete Resource By ID</arg>
<arg>${CREATED_MOVIE_ID}</arg>
<arg>/movies/</arg>
<arg>AND</arg>
<arg>Delete Resource By ID</arg>
<arg>${CREATED_THEATER_ID}</arg>
<arg>/theaters/</arg>
<arg>AND</arg>
<arg>Delete Resource By ID</arg>
<arg>${CREATED_USER_ID}</arg>
<arg>/users/</arg>
<doc>Executes all the given keywords in a sequence.</doc>
<status status="PASS" start="2025-10-31T12:35:00.393480" elapsed="0.002185"/>
</kw>
<status status="PASS" start="2025-10-31T12:35:00.393335" elapsed="0.002378"/>
</kw>
<arg>Full Cleanup Teardown</arg>
<doc>Executes all the given keywords in a sequence.</doc>
<status status="PASS" start="2025-10-31T12:35:00.393228" elapsed="0.002506"/>
</kw>
<doc>Login com credenciais do Usuário</doc>
<status status="PASS" start="2025-10-31T12:35:00.330367" elapsed="0.065413"/>
</test>
<test id="s1-s1-t5" name="CT05 - Login inválido retorna 401 (esperado)" line="39">
<kw name="Create Unauthorized Session" owner="keywords">
<kw name="Create Session" owner="RequestsLibrary">
<msg time="2025-10-31T12:35:00.396397" level="INFO">Creating Session using : alias=api, url=http://localhost:5000/api/v1, headers={'Content-Type': 'application/json'},                     cookies={}, auth=None, timeout=None, proxies=None, verify=False,                     debug=0 </msg>
<arg>api</arg>
<arg>${BASE_URL}</arg>
<arg>headers={"Content-Type": "application/json"}</arg>
<doc>Create Session: create a HTTP session to a server</doc>
<status status="PASS" start="2025-10-31T12:35:00.396258" elapsed="0.000246"/>
</kw>
<status status="PASS" start="2025-10-31T12:35:00.396120" elapsed="0.000426"/>
</kw>
<kw name="Create Dictionary" owner="BuiltIn">
<msg time="2025-10-31T12:35:00.396748" level="INFO">${body} = {'email': 'wrong@mail.com', 'password': 'wrong'}</msg>
<var>${body}</var>
<arg>email=wrong@mail.com</arg>
<arg>password=wrong</arg>
<doc>Creates and returns a dictionary based on the given ``items``.</doc>
<status status="PASS" start="2025-10-31T12:35:00.396629" elapsed="0.000132"/>
</kw>
<kw name="POST On Session" owner="RequestsLibrary">
<msg time="2025-10-31T12:35:00.399486" level="INFO">POST Request : url=http://localhost:5000/api/v1/auth/login 
 path_url=/api/v1/auth/login 
 headers={'User-Agent': 'python-requests/2.32.4', 'Accept-Encoding': 'gzip, deflate, br', 'Accept': '*/*', 'Connection': 'keep-alive', 'Content-Type': 'application/json', 'Content-Length': '48'} 
 body=b'{"email": "wrong@mail.com", "password": "wrong"}' 
 </msg>
<msg time="2025-10-31T12:35:00.399532" level="INFO">POST Response : url=http://localhost:5000/api/v1/auth/login 
 status=401, reason=Unauthorized 
 headers={'X-Powered-By': 'Express', 'Access-Control-Allow-Origin': '*', 'Content-Type': 'application/json; charset=utf-8', 'Content-Length': '55', 'ETag': 'W/"37-5uDpJTljPBecOPs/j7OXFdPRcmQ"', 'Date': 'Fri, 31 Oct 2025 16:35:00 GMT', 'Connection': 'keep-alive', 'Keep-Alive': 'timeout=5'} 
 body={"success":false,"message":"Invalid email or password"} 
 </msg>
<msg time="2025-10-31T12:35:00.399607" level="INFO">${response} = &lt;Response [401]&gt;</msg>
<var>${response}</var>
<arg>api</arg>
<arg>/auth/login</arg>
<arg>json=${body}</arg>
<arg>expected_status=any</arg>
<doc>Sends a POST request on a previously created HTTP Session.</doc>
<status status="PASS" start="2025-10-31T12:35:00.396842" elapsed="0.002780"/>
</kw>
<kw name="Validate 401 Unauthorized Response" owner="keywords">
<kw name="Should Be Equal As Integers" owner="BuiltIn">
<msg time="2025-10-31T12:35:00.400294" level="INFO">Argument types are:
&lt;class 'int'&gt;
&lt;class 'str'&gt;</msg>
<arg>${response.status_code}</arg>
<arg>401</arg>
<doc>Fails if objects are unequal after converting them to integers.</doc>
<status status="PASS" start="2025-10-31T12:35:00.399987" elapsed="0.000344"/>
</kw>
<kw name="Log To Console" owner="BuiltIn">
<arg>🔒 Status 401 Unauthorized validado.</arg>
<doc>Logs the given message to the console.</doc>
<status status="PASS" start="2025-10-31T12:35:00.400407" elapsed="0.000078"/>
</kw>
<arg>${response}</arg>
<status status="PASS" start="2025-10-31T12:35:00.399785" elapsed="0.000737"/>
</kw>
<kw name="Run Keywords" owner="BuiltIn" type="TEARDOWN">
<kw name="Full Cleanup Teardown" owner="keywords">
<kw name="Run Keywords" owner="BuiltIn">
<kw name="Delete Resource By ID" owner="keywords">
<kw name="Run Keyword If" owner="BuiltIn">
<arg>'${resource_id}' != 'None' and '${TOKEN_ADMIN}' != 'None'</arg>
<arg>Run Keywords</arg>
<arg>Create Authorized Session</arg>
<arg>${TOKEN_ADMIN}</arg>
<arg>AND</arg>
<arg>DELETE On Session</arg>
<arg>api</arg>
<arg>${endpoint}${resource_id}</arg>
<arg>expected_status=any</arg>
<doc>Runs the given keyword with the given arguments, if ``condition`` is true.</doc>
<status status="PASS" start="2025-10-31T12:35:00.401192" elapsed="0.000109"/>
</kw>
<arg>${CREATED_RESERVATION_ID}</arg>
<arg>/reservations/</arg>
<status status="PASS" start="2025-10-31T12:35:00.401005" elapsed="0.000345"/>
</kw>
<kw name="Delete Resource By ID" owner="keywords">
<kw name="Run Keyword If" owner="BuiltIn">
<arg>'${resource_id}' != 'None' and '${TOKEN_ADMIN}' != 'None'</arg>
<arg>Run Keywords</arg>
<arg>Create Authorized Session</arg>
<arg>${TOKEN_ADMIN}</arg>
<arg>AND</arg>
<arg>DELETE On Session</arg>
<arg>api</arg>
<arg>${endpoint}${resource_id}</arg>
<arg>expected_status=any</arg>
<doc>Runs the given keyword with the given arguments, if ``condition`` is true.</doc>
<status status="PASS" start="2025-10-31T12:35:00.401611" elapsed="0.000103"/>
</kw>
<arg>${CREATED_SESSION_ID}</arg>
<arg>/sessions/</arg>
<status status="PASS" start="2025-10-31T12:35:00.401430" elapsed="0.000327"/>
</kw>
<kw name="Delete Resource By ID" owner="keywords">
<kw name="Run Keyword If" owner="BuiltIn">
<arg>'${resource_id}' != 'None' and '${TOKEN_ADMIN}' != 'None'</arg>
<arg>Run Keywords</arg>
<arg>Create Authorized Session</arg>
<arg>${TOKEN_ADMIN}</arg>
<arg>AND</arg>
<arg>DELETE On Session</arg>
<arg>api</arg>
<arg>${endpoint}${resource_id}</arg>
<arg>expected_status=any</arg>
<doc>Runs the given keyword with the given arguments, if ``condition`` is true.</doc>
<status status="PASS" start="2025-10-31T12:35:00.402000" elapsed="0.000093"/>
</kw>
<arg>${CREATED_MOVIE_ID}</arg>
<arg>/movies/</arg>
<status status="PASS" start="2025-10-31T12:35:00.401830" elapsed="0.000305"/>
</kw>
<kw name="Delete Resource By ID" owner="keywords">
<kw name="Run Keyword If" owner="BuiltIn">
<arg>'${resource_id}' != 'None' and '${TOKEN_ADMIN}' != 'None'</arg>
<arg>Run Keywords</arg>
<arg>Create Authorized Session</arg>
<arg>${TOKEN_ADMIN}</arg>
<arg>AND</arg>
<arg>DELETE On Session</arg>
<arg>api</arg>
<arg>${endpoint}${resource_id}</arg>
<arg>expected_status=any</arg>
<doc>Runs the given keyword with the given arguments, if ``condition`` is true.</doc>
<status status="PASS" start="2025-10-31T12:35:00.402374" elapsed="0.000208"/>
</kw>
<arg>${CREATED_THEATER_ID}</arg>
<arg>/theaters/</arg>
<status status="PASS" start="2025-10-31T12:35:00.402206" elapsed="0.000426"/>
</kw>
<kw name="Delete Resource By ID" owner="keywords">
<kw name="Run Keyword If" owner="BuiltIn">
<arg>'${resource_id}' != 'None' and '${TOKEN_ADMIN}' != 'None'</arg>
<arg>Run Keywords</arg>
<arg>Create Authorized Session</arg>
<arg>${TOKEN_ADMIN}</arg>
<arg>AND</arg>
<arg>DELETE On Session</arg>
<arg>api</arg>
<arg>${endpoint}${resource_id}</arg>
<arg>expected_status=any</arg>
<doc>Runs the given keyword with the given arguments, if ``condition`` is true.</doc>
<status status="PASS" start="2025-10-31T12:35:00.402922" elapsed="0.000102"/>
</kw>
<arg>${CREATED_USER_ID}</arg>
<arg>/users/</arg>
<status status="PASS" start="2025-10-31T12:35:00.402722" elapsed="0.000385"/>
</kw>
<arg>Delete Resource By ID</arg>
<arg>${CREATED_RESERVATION_ID}</arg>
<arg>/reservations/</arg>
<arg>AND</arg>
<arg>Delete Resource By ID</arg>
<arg>${CREATED_SESSION_ID}</arg>
<arg>/sessions/</arg>
<arg>AND</arg>
<arg>Delete Resource By ID</arg>
<arg>${CREATED_MOVIE_ID}</arg>
<arg>/movies/</arg>
<arg>AND</arg>
<arg>Delete Resource By ID</arg>
<arg>${CREATED_THEATER_ID}</arg>
<arg>/theaters/</arg>
<arg>AND</arg>
<arg>Delete Resource By ID</arg>
<arg>${CREATED_USER_ID}</arg>
<arg>/users/</arg>
<doc>Executes all the given keywords in a sequence.</doc>
<status status="PASS" start="2025-10-31T12:35:00.400906" elapsed="0.002229"/>
</kw>
<status status="PASS" start="2025-10-31T12:35:00.400762" elapsed="0.002423"/>
</kw>
<arg>Full Cleanup Teardown</arg>
<doc>Executes all the given keywords in a sequence.</doc>
<status status="PASS" start="2025-10-31T12:35:00.400647" elapsed="0.002557"/>
</kw>
<doc>Tentativa de login com credenciais inválidas</doc>
<status status="PASS" start="2025-10-31T12:35:00.395903" elapsed="0.007345"/>
</test>
<test id="s1-s1-t6" name="CT06 - Acessar perfil autenticado (/auth/me - 200)" line="46">
<kw name="Login As User" owner="keywords">
<kw name="Create Session" owner="RequestsLibrary">
<msg time="2025-10-31T12:35:00.403829" level="INFO">Creating Session using : alias=api, url=http://localhost:5000/api/v1, headers={},                     cookies={}, auth=None, timeout=None, proxies=None, verify=False,                     debug=0 </msg>
<arg>api</arg>
<arg>${BASE_URL}</arg>
<doc>Create Session: create a HTTP session to a server</doc>
<status status="PASS" start="2025-10-31T12:35:00.403738" elapsed="0.000192"/>
</kw>
<kw name="Create Dictionary" owner="BuiltIn">
<msg time="2025-10-31T12:35:00.404190" level="INFO">${body} = {'email': 'user@example.com', 'password': 'password123'}</msg>
<var>${body}</var>
<arg>email=${USER_EMAIL}</arg>
<arg>password=${USER_PASSWORD}</arg>
<doc>Creates and returns a dictionary based on the given ``items``.</doc>
<status status="PASS" start="2025-10-31T12:35:00.404014" elapsed="0.000189"/>
</kw>
<kw name="POST On Session" owner="RequestsLibrary">
<msg time="2025-10-31T12:35:00.463409" level="INFO">POST Request : url=http://localhost:5000/api/v1/auth/login 
 path_url=/api/v1/auth/login 
 headers={'User-Agent': 'python-requests/2.32.4', 'Accept-Encoding': 'gzip, deflate, br', 'Accept': '*/*', 'Connection': 'keep-alive', 'Content-Length': '56', 'Content-Type': 'application/json'} 
 body=b'{"email": "user@example.com", "password": "password123"}' 
 </msg>
<msg time="2025-10-31T12:35:00.463474" level="INFO">POST Response : url=http://localhost:5000/api/v1/auth/login 
 status=200, reason=OK 
 headers={'X-Powered-By': 'Express', 'Access-Control-Allow-Origin': '*', 'Content-Type': 'application/json; charset=utf-8', 'Content-Length': '303', 'ETag': 'W/"12f-os+5fJrKUp68UMitHmaNM8kEZok"', 'Date': 'Fri, 31 Oct 2025 16:35:00 GMT', 'Connection': 'keep-alive', 'Keep-Alive': 'timeout=5'} 
 body={"success":true,"data":{"_id":"6904e3b5cfefc7e43ea7e89f","name":"Regular User","email":"user@example.com","role":"user","token":"eyJhbGciOiJIUzI1NiIsInR5cCI6IkpXVCJ9.eyJpZCI6IjY5MDRlM2I1Y2ZlZmM3ZTQzZWE3ZTg5ZiIsImlhdCI6MTc2MTkyODUwMCwiZXhwIjoxNzYyMDE0OTAwfQ.fyL-stMNyBK-1aBZ4niimF685zZf6VvIw3hCtHMMTvM"}} 
 </msg>
<msg time="2025-10-31T12:35:00.463573" level="INFO">${response} = &lt;Response [200]&gt;</msg>
<var>${response}</var>
<arg>api</arg>
<arg>/auth/login</arg>
<arg>json=${body}</arg>
<doc>Sends a POST request on a previously created HTTP Session.</doc>
<status status="PASS" start="2025-10-31T12:35:00.404270" elapsed="0.059318"/>
</kw>
<kw name="Validate 200 OK Response" owner="keywords">
<kw name="Should Be Equal As Integers" owner="BuiltIn">
<msg time="2025-10-31T12:35:00.464349" level="INFO">Argument types are:
&lt;class 'int'&gt;
&lt;class 'str'&gt;</msg>
<arg>${response.status_code}</arg>
<arg>200</arg>
<doc>Fails if objects are unequal after converting them to integers.</doc>
<status status="PASS" start="2025-10-31T12:35:00.464030" elapsed="0.000357"/>
</kw>
<kw name="Log To Console" owner="BuiltIn">
<arg>🟢 Status 200 OK validado.</arg>
<doc>Logs the given message to the console.</doc>
<status status="PASS" start="2025-10-31T12:35:00.464460" elapsed="0.000086"/>
</kw>
<arg>${response}</arg>
<status status="PASS" start="2025-10-31T12:35:00.463777" elapsed="0.000806"/>
</kw>
<kw name="Get From Dictionary" owner="Collections">
<msg time="2025-10-31T12:35:00.464971" level="INFO">${data} = {'_id': '6904e3b5cfefc7e43ea7e89f', 'name': 'Regular User', 'email': 'user@example.com', 'role': 'user', 'token': 'eyJhbGciOiJIUzI1NiIsInR5cCI6IkpXVCJ9.eyJpZCI6IjY5MDRlM2I1Y2ZlZmM3ZTQzZWE3ZTg5ZiIsImlh...</msg>
<var>${data}</var>
<arg>${response.json()}</arg>
<arg>data</arg>
<doc>Returns a value from the given ``dictionary`` based on the given ``key``.</doc>
<status status="PASS" start="2025-10-31T12:35:00.464646" elapsed="0.000340"/>
</kw>
<kw name="Get From Dictionary" owner="Collections">
<msg time="2025-10-31T12:35:00.465153" level="INFO">${token} = eyJhbGciOiJIUzI1NiIsInR5cCI6IkpXVCJ9.eyJpZCI6IjY5MDRlM2I1Y2ZlZmM3ZTQzZWE3ZTg5ZiIsImlhdCI6MTc2MTkyODUwMCwiZXhwIjoxNzYyMDE0OTAwfQ.fyL-stMNyBK-1aBZ4niimF685zZf6VvIw3hCtHMMTvM</msg>
<var>${token}</var>
<arg>${data}</arg>
<arg>token</arg>
<doc>Returns a value from the given ``dictionary`` based on the given ``key``.</doc>
<status status="PASS" start="2025-10-31T12:35:00.465058" elapsed="0.000107"/>
</kw>
<kw name="Set Global Variable" owner="BuiltIn">
<msg time="2025-10-31T12:35:00.465362" level="INFO">${TOKEN_USER} = eyJhbGciOiJIUzI1NiIsInR5cCI6IkpXVCJ9.eyJpZCI6IjY5MDRlM2I1Y2ZlZmM3ZTQzZWE3ZTg5ZiIsImlhdCI6MTc2MTkyODUwMCwiZXhwIjoxNzYyMDE0OTAwfQ.fyL-stMNyBK-1aBZ4niimF685zZf6VvIw3hCtHMMTvM</msg>
<arg>${TOKEN_USER}</arg>
<arg>${token}</arg>
<doc>Makes a variable available globally in all tests and suites.</doc>
<status status="PASS" start="2025-10-31T12:35:00.465234" elapsed="0.000148"/>
</kw>
<kw name="Log To Console" owner="BuiltIn">
<arg>✅ Token User: ${token}</arg>
<doc>Logs the given message to the console.</doc>
<status status="PASS" start="2025-10-31T12:35:00.465440" elapsed="0.000090"/>
</kw>
<status status="PASS" start="2025-10-31T12:35:00.403592" elapsed="0.061975"/>
</kw>
<kw name="Create Authorized Session" owner="keywords">
<kw name="Catenate" owner="BuiltIn">
<msg time="2025-10-31T12:35:00.465931" level="INFO">${auth_header} = BearereyJhbGciOiJIUzI1NiIsInR5cCI6IkpXVCJ9.eyJpZCI6IjY5MDRlM2I1Y2ZlZmM3ZTQzZWE3ZTg5ZiIsImlhdCI6MTc2MTkyODUwMCwiZXhwIjoxNzYyMDE0OTAwfQ.fyL-stMNyBK-1aBZ4niimF685zZf6VvIw3hCtHMMTvM</msg>
<var>${auth_header}</var>
<arg>SEPARATOR=</arg>
<arg>Bearer</arg>
<arg>${token}</arg>
<doc>Catenates the given items together and returns the resulted string.</doc>
<status status="PASS" start="2025-10-31T12:35:00.465832" elapsed="0.000112"/>
</kw>
<kw name="Create Session" owner="RequestsLibrary">
<msg time="2025-10-31T12:35:00.466163" level="INFO">Creating Session using : alias=api, url=http://localhost:5000/api/v1, headers={'Authorization': 'BearereyJhbGciOiJIUzI1NiIsInR5cCI6IkpXVCJ9.eyJpZCI6IjY5MDRlM2I1Y2ZlZmM3ZTQzZWE3ZTg5ZiIsImlhdCI6MTc2MTkyODUwMCwiZXhwIjoxNzYyMDE0OTAwfQ.fyL-stMNyBK-1aBZ4niimF685zZf6VvIw3hCtHMMTvM', 'Content-Type': 'application/json'},                     cookies={}, auth=None, timeout=None, proxies=None, verify=False,                     debug=0 </msg>
<arg>api</arg>
<arg>${BASE_URL}</arg>
<arg>headers={"Authorization": "${auth_header}", "Content-Type": "application/json"}</arg>
<doc>Create Session: create a HTTP session to a server</doc>
<status status="PASS" start="2025-10-31T12:35:00.466007" elapsed="0.000255"/>
</kw>
<arg>${TOKEN_USER}</arg>
<status status="PASS" start="2025-10-31T12:35:00.465670" elapsed="0.000632"/>
</kw>
<kw name="GET On Session" owner="RequestsLibrary">
<msg time="2025-10-31T12:35:00.467839" level="INFO">GET Request : url=http://localhost:5000/api/v1/auth/me 
 path_url=/api/v1/auth/me 
 headers={'User-Agent': 'python-requests/2.32.4', 'Accept-Encoding': 'gzip, deflate, br', 'Accept': '*/*', 'Connection': 'keep-alive', 'Authorization': 'BearereyJhbGciOiJIUzI1NiIsInR5cCI6IkpXVCJ9.eyJpZCI6IjY5MDRlM2I1Y2ZlZmM3ZTQzZWE3ZTg5ZiIsImlhdCI6MTc2MTkyODUwMCwiZXhwIjoxNzYyMDE0OTAwfQ.fyL-stMNyBK-1aBZ4niimF685zZf6VvIw3hCtHMMTvM', 'Content-Type': 'application/json'} 
 body=None 
 </msg>
<msg time="2025-10-31T12:35:00.467923" level="INFO">GET Response : url=http://localhost:5000/api/v1/auth/me 
 status=401, reason=Unauthorized 
 headers={'X-Powered-By': 'Express', 'Access-Control-Allow-Origin': '*', 'Content-Type': 'application/json; charset=utf-8', 'Content-Length': '65', 'ETag': 'W/"41-TJq3LYiwj1On+7IZ17oLU5tM1Zs"', 'Date': 'Fri, 31 Oct 2025 16:35:00 GMT', 'Connection': 'keep-alive', 'Keep-Alive': 'timeout=5'} 
 body={"success":false,"message":"Not authorized to access this route"} 
 </msg>
<msg time="2025-10-31T12:35:00.467989" level="INFO">${response} = &lt;Response [401]&gt;</msg>
<var>${response}</var>
<arg>api</arg>
<arg>/auth/me</arg>
<arg>expected_status=any</arg>
<doc>Sends a GET request on a previously created HTTP Session.</doc>
<status status="PASS" start="2025-10-31T12:35:00.466388" elapsed="0.001614"/>
</kw>
<kw name="Log To Console" owner="BuiltIn">
<arg>🔎 Status: ${response.status_code}</arg>
<doc>Logs the given message to the console.</doc>
<status status="PASS" start="2025-10-31T12:35:00.468116" elapsed="0.000327"/>
</kw>
<kw name="Run Keyword If" owner="BuiltIn">
<kw name="Validate 401 Unauthorized Response" owner="keywords">
<kw name="Should Be Equal As Integers" owner="BuiltIn">
<msg time="2025-10-31T12:35:00.469432" level="INFO">Argument types are:
&lt;class 'int'&gt;
&lt;class 'str'&gt;</msg>
<arg>${response.status_code}</arg>
<arg>401</arg>
<doc>Fails if objects are unequal after converting them to integers.</doc>
<status status="PASS" start="2025-10-31T12:35:00.469178" elapsed="0.000288"/>
</kw>
<kw name="Log To Console" owner="BuiltIn">
<arg>🔒 Status 401 Unauthorized validado.</arg>
<doc>Logs the given message to the console.</doc>
<status status="PASS" start="2025-10-31T12:35:00.469535" elapsed="0.000073"/>
</kw>
<arg>${response}</arg>
<status status="PASS" start="2025-10-31T12:35:00.469007" elapsed="0.000635"/>
</kw>
<arg>'${response.status_code}'=='200'</arg>
<arg>Validate 200 OK Response</arg>
<arg>${response}</arg>
<arg>ELSE</arg>
<arg>Validate 401 Unauthorized Response</arg>
<arg>${response}</arg>
<doc>Runs the given keyword with the given arguments, if ``condition`` is true.</doc>
<status status="PASS" start="2025-10-31T12:35:00.468546" elapsed="0.001119"/>
</kw>
<kw name="Run Keywords" owner="BuiltIn" type="TEARDOWN">
<kw name="Full Cleanup Teardown" owner="keywords">
<kw name="Run Keywords" owner="BuiltIn">
<kw name="Delete Resource By ID" owner="keywords">
<kw name="Run Keyword If" owner="BuiltIn">
<arg>'${resource_id}' != 'None' and '${TOKEN_ADMIN}' != 'None'</arg>
<arg>Run Keywords</arg>
<arg>Create Authorized Session</arg>
<arg>${TOKEN_ADMIN}</arg>
<arg>AND</arg>
<arg>DELETE On Session</arg>
<arg>api</arg>
<arg>${endpoint}${resource_id}</arg>
<arg>expected_status=any</arg>
<doc>Runs the given keyword with the given arguments, if ``condition`` is true.</doc>
<status status="PASS" start="2025-10-31T12:35:00.470325" elapsed="0.000101"/>
</kw>
<arg>${CREATED_RESERVATION_ID}</arg>
<arg>/reservations/</arg>
<status status="PASS" start="2025-10-31T12:35:00.470149" elapsed="0.000322"/>
</kw>
<kw name="Delete Resource By ID" owner="keywords">
<kw name="Run Keyword If" owner="BuiltIn">
<arg>'${resource_id}' != 'None' and '${TOKEN_ADMIN}' != 'None'</arg>
<arg>Run Keywords</arg>
<arg>Create Authorized Session</arg>
<arg>${TOKEN_ADMIN}</arg>
<arg>AND</arg>
<arg>DELETE On Session</arg>
<arg>api</arg>
<arg>${endpoint}${resource_id}</arg>
<arg>expected_status=any</arg>
<doc>Runs the given keyword with the given arguments, if ``condition`` is true.</doc>
<status status="PASS" start="2025-10-31T12:35:00.470741" elapsed="0.000101"/>
</kw>
<arg>${CREATED_SESSION_ID}</arg>
<arg>/sessions/</arg>
<status status="PASS" start="2025-10-31T12:35:00.470552" elapsed="0.000333"/>
</kw>
<kw name="Delete Resource By ID" owner="keywords">
<kw name="Run Keyword If" owner="BuiltIn">
<arg>'${resource_id}' != 'None' and '${TOKEN_ADMIN}' != 'None'</arg>
<arg>Run Keywords</arg>
<arg>Create Authorized Session</arg>
<arg>${TOKEN_ADMIN}</arg>
<arg>AND</arg>
<arg>DELETE On Session</arg>
<arg>api</arg>
<arg>${endpoint}${resource_id}</arg>
<arg>expected_status=any</arg>
<doc>Runs the given keyword with the given arguments, if ``condition`` is true.</doc>
<status status="PASS" start="2025-10-31T12:35:00.471134" elapsed="0.000101"/>
</kw>
<arg>${CREATED_MOVIE_ID}</arg>
<arg>/movies/</arg>
<status status="PASS" start="2025-10-31T12:35:00.470961" elapsed="0.000317"/>
</kw>
<kw name="Delete Resource By ID" owner="keywords">
<kw name="Run Keyword If" owner="BuiltIn">
<arg>'${resource_id}' != 'None' and '${TOKEN_ADMIN}' != 'None'</arg>
<arg>Run Keywords</arg>
<arg>Create Authorized Session</arg>
<arg>${TOKEN_ADMIN}</arg>
<arg>AND</arg>
<arg>DELETE On Session</arg>
<arg>api</arg>
<arg>${endpoint}${resource_id}</arg>
<arg>expected_status=any</arg>
<doc>Runs the given keyword with the given arguments, if ``condition`` is true.</doc>
<status status="PASS" start="2025-10-31T12:35:00.471523" elapsed="0.000095"/>
</kw>
<arg>${CREATED_THEATER_ID}</arg>
<arg>/theaters/</arg>
<status status="PASS" start="2025-10-31T12:35:00.471352" elapsed="0.000307"/>
</kw>
<kw name="Delete Resource By ID" owner="keywords">
<kw name="Run Keyword If" owner="BuiltIn">
<arg>'${resource_id}' != 'None' and '${TOKEN_ADMIN}' != 'None'</arg>
<arg>Run Keywords</arg>
<arg>Create Authorized Session</arg>
<arg>${TOKEN_ADMIN}</arg>
<arg>AND</arg>
<arg>DELETE On Session</arg>
<arg>api</arg>
<arg>${endpoint}${resource_id}</arg>
<arg>expected_status=any</arg>
<doc>Runs the given keyword with the given arguments, if ``condition`` is true.</doc>
<status status="PASS" start="2025-10-31T12:35:00.471902" elapsed="0.000092"/>
</kw>
<arg>${CREATED_USER_ID}</arg>
<arg>/users/</arg>
<status status="PASS" start="2025-10-31T12:35:00.471735" elapsed="0.000299"/>
</kw>
<arg>Delete Resource By ID</arg>
<arg>${CREATED_RESERVATION_ID}</arg>
<arg>/reservations/</arg>
<arg>AND</arg>
<arg>Delete Resource By ID</arg>
<arg>${CREATED_SESSION_ID}</arg>
<arg>/sessions/</arg>
<arg>AND</arg>
<arg>Delete Resource By ID</arg>
<arg>${CREATED_MOVIE_ID}</arg>
<arg>/movies/</arg>
<arg>AND</arg>
<arg>Delete Resource By ID</arg>
<arg>${CREATED_THEATER_ID}</arg>
<arg>/theaters/</arg>
<arg>AND</arg>
<arg>Delete Resource By ID</arg>
<arg>${CREATED_USER_ID}</arg>
<arg>/users/</arg>
<doc>Executes all the given keywords in a sequence.</doc>
<status status="PASS" start="2025-10-31T12:35:00.470057" elapsed="0.001999"/>
</kw>
<status status="PASS" start="2025-10-31T12:35:00.469916" elapsed="0.002188"/>
</kw>
<arg>Full Cleanup Teardown</arg>
<doc>Executes all the given keywords in a sequence.</doc>
<status status="PASS" start="2025-10-31T12:35:00.469809" elapsed="0.002313"/>
</kw>
<doc>Acessa /auth/me com token válido</doc>
<status status="PASS" start="2025-10-31T12:35:00.403368" elapsed="0.068798"/>
</test>
<test id="s1-s1-t7" name="CT07 - Acessar perfil sem token (401 esperado)" line="55">
<kw name="Create Unauthorized Session" owner="keywords">
<kw name="Create Session" owner="RequestsLibrary">
<msg time="2025-10-31T12:35:00.472780" level="INFO">Creating Session using : alias=api, url=http://localhost:5000/api/v1, headers={'Content-Type': 'application/json'},                     cookies={}, auth=None, timeout=None, proxies=None, verify=False,                     debug=0 </msg>
<arg>api</arg>
<arg>${BASE_URL}</arg>
<arg>headers={"Content-Type": "application/json"}</arg>
<doc>Create Session: create a HTTP session to a server</doc>
<status status="PASS" start="2025-10-31T12:35:00.472645" elapsed="0.000227"/>
</kw>
<status status="PASS" start="2025-10-31T12:35:00.472511" elapsed="0.000398"/>
</kw>
<kw name="GET On Session" owner="RequestsLibrary">
<msg time="2025-10-31T12:35:00.474299" level="INFO">GET Request : url=http://localhost:5000/api/v1/auth/me 
 path_url=/api/v1/auth/me 
 headers={'User-Agent': 'python-requests/2.32.4', 'Accept-Encoding': 'gzip, deflate, br', 'Accept': '*/*', 'Connection': 'keep-alive', 'Content-Type': 'application/json'} 
 body=None 
 </msg>
<msg time="2025-10-31T12:35:00.474340" level="INFO">GET Response : url=http://localhost:5000/api/v1/auth/me 
 status=401, reason=Unauthorized 
 headers={'X-Powered-By': 'Express', 'Access-Control-Allow-Origin': '*', 'Content-Type': 'application/json; charset=utf-8', 'Content-Length': '65', 'ETag': 'W/"41-TJq3LYiwj1On+7IZ17oLU5tM1Zs"', 'Date': 'Fri, 31 Oct 2025 16:35:00 GMT', 'Connection': 'keep-alive', 'Keep-Alive': 'timeout=5'} 
 body={"success":false,"message":"Not authorized to access this route"} 
 </msg>
<msg time="2025-10-31T12:35:00.474402" level="INFO">${response} = &lt;Response [401]&gt;</msg>
<var>${response}</var>
<arg>api</arg>
<arg>/auth/me</arg>
<arg>expected_status=any</arg>
<doc>Sends a GET request on a previously created HTTP Session.</doc>
<status status="PASS" start="2025-10-31T12:35:00.472988" elapsed="0.001428"/>
</kw>
<kw name="Validate 401 Unauthorized Response" owner="keywords">
<kw name="Should Be Equal As Integers" owner="BuiltIn">
<msg time="2025-10-31T12:35:00.475027" level="INFO">Argument types are:
&lt;class 'int'&gt;
&lt;class 'str'&gt;</msg>
<arg>${response.status_code}</arg>
<arg>401</arg>
<doc>Fails if objects are unequal after converting them to integers.</doc>
<status status="PASS" start="2025-10-31T12:35:00.474741" elapsed="0.000320"/>
</kw>
<kw name="Log To Console" owner="BuiltIn">
<arg>🔒 Status 401 Unauthorized validado.</arg>
<doc>Logs the given message to the console.</doc>
<status status="PASS" start="2025-10-31T12:35:00.475132" elapsed="0.000076"/>
</kw>
<arg>${response}</arg>
<status status="PASS" start="2025-10-31T12:35:00.474549" elapsed="0.000694"/>
</kw>
<kw name="Run Keywords" owner="BuiltIn" type="TEARDOWN">
<kw name="Full Cleanup Teardown" owner="keywords">
<kw name="Run Keywords" owner="BuiltIn">
<kw name="Delete Resource By ID" owner="keywords">
<kw name="Run Keyword If" owner="BuiltIn">
<arg>'${resource_id}' != 'None' and '${TOKEN_ADMIN}' != 'None'</arg>
<arg>Run Keywords</arg>
<arg>Create Authorized Session</arg>
<arg>${TOKEN_ADMIN}</arg>
<arg>AND</arg>
<arg>DELETE On Session</arg>
<arg>api</arg>
<arg>${endpoint}${resource_id}</arg>
<arg>expected_status=any</arg>
<doc>Runs the given keyword with the given arguments, if ``condition`` is true.</doc>
<status status="PASS" start="2025-10-31T12:35:00.476054" elapsed="0.000119"/>
</kw>
<arg>${CREATED_RESERVATION_ID}</arg>
<arg>/reservations/</arg>
<status status="PASS" start="2025-10-31T12:35:00.475856" elapsed="0.000365"/>
</kw>
<kw name="Delete Resource By ID" owner="keywords">
<kw name="Run Keyword If" owner="BuiltIn">
<arg>'${resource_id}' != 'None' and '${TOKEN_ADMIN}' != 'None'</arg>
<arg>Run Keywords</arg>
<arg>Create Authorized Session</arg>
<arg>${TOKEN_ADMIN}</arg>
<arg>AND</arg>
<arg>DELETE On Session</arg>
<arg>api</arg>
<arg>${endpoint}${resource_id}</arg>
<arg>expected_status=any</arg>
<doc>Runs the given keyword with the given arguments, if ``condition`` is true.</doc>
<status status="PASS" start="2025-10-31T12:35:00.476498" elapsed="0.000106"/>
</kw>
<arg>${CREATED_SESSION_ID}</arg>
<arg>/sessions/</arg>
<status status="PASS" start="2025-10-31T12:35:00.476304" elapsed="0.000349"/>
</kw>
<kw name="Delete Resource By ID" owner="keywords">
<kw name="Run Keyword If" owner="BuiltIn">
<arg>'${resource_id}' != 'None' and '${TOKEN_ADMIN}' != 'None'</arg>
<arg>Run Keywords</arg>
<arg>Create Authorized Session</arg>
<arg>${TOKEN_ADMIN}</arg>
<arg>AND</arg>
<arg>DELETE On Session</arg>
<arg>api</arg>
<arg>${endpoint}${resource_id}</arg>
<arg>expected_status=any</arg>
<doc>Runs the given keyword with the given arguments, if ``condition`` is true.</doc>
<status status="PASS" start="2025-10-31T12:35:00.476924" elapsed="0.000105"/>
</kw>
<arg>${CREATED_MOVIE_ID}</arg>
<arg>/movies/</arg>
<status status="PASS" start="2025-10-31T12:35:00.476745" elapsed="0.000331"/>
</kw>
<kw name="Delete Resource By ID" owner="keywords">
<kw name="Run Keyword If" owner="BuiltIn">
<arg>'${resource_id}' != 'None' and '${TOKEN_ADMIN}' != 'None'</arg>
<arg>Run Keywords</arg>
<arg>Create Authorized Session</arg>
<arg>${TOKEN_ADMIN}</arg>
<arg>AND</arg>
<arg>DELETE On Session</arg>
<arg>api</arg>
<arg>${endpoint}${resource_id}</arg>
<arg>expected_status=any</arg>
<doc>Runs the given keyword with the given arguments, if ``condition`` is true.</doc>
<status status="PASS" start="2025-10-31T12:35:00.477347" elapsed="0.000099"/>
</kw>
<arg>${CREATED_THEATER_ID}</arg>
<arg>/theaters/</arg>
<status status="PASS" start="2025-10-31T12:35:00.477159" elapsed="0.000329"/>
</kw>
<kw name="Delete Resource By ID" owner="keywords">
<kw name="Run Keyword If" owner="BuiltIn">
<arg>'${resource_id}' != 'None' and '${TOKEN_ADMIN}' != 'None'</arg>
<arg>Run Keywords</arg>
<arg>Create Authorized Session</arg>
<arg>${TOKEN_ADMIN}</arg>
<arg>AND</arg>
<arg>DELETE On Session</arg>
<arg>api</arg>
<arg>${endpoint}${resource_id}</arg>
<arg>expected_status=any</arg>
<doc>Runs the given keyword with the given arguments, if ``condition`` is true.</doc>
<status status="PASS" start="2025-10-31T12:35:00.477750" elapsed="0.000098"/>
</kw>
<arg>${CREATED_USER_ID}</arg>
<arg>/users/</arg>
<status status="PASS" start="2025-10-31T12:35:00.477564" elapsed="0.000325"/>
</kw>
<arg>Delete Resource By ID</arg>
<arg>${CREATED_RESERVATION_ID}</arg>
<arg>/reservations/</arg>
<arg>AND</arg>
<arg>Delete Resource By ID</arg>
<arg>${CREATED_SESSION_ID}</arg>
<arg>/sessions/</arg>
<arg>AND</arg>
<arg>Delete Resource By ID</arg>
<arg>${CREATED_MOVIE_ID}</arg>
<arg>/movies/</arg>
<arg>AND</arg>
<arg>Delete Resource By ID</arg>
<arg>${CREATED_THEATER_ID}</arg>
<arg>/theaters/</arg>
<arg>AND</arg>
<arg>Delete Resource By ID</arg>
<arg>${CREATED_USER_ID}</arg>
<arg>/users/</arg>
<doc>Executes all the given keywords in a sequence.</doc>
<status status="PASS" start="2025-10-31T12:35:00.475744" elapsed="0.002168"/>
</kw>
<status status="PASS" start="2025-10-31T12:35:00.475568" elapsed="0.002391"/>
</kw>
<arg>Full Cleanup Teardown</arg>
<doc>Executes all the given keywords in a sequence.</doc>
<status status="PASS" start="2025-10-31T12:35:00.475367" elapsed="0.002611"/>
</kw>
<doc>Acessa /auth/me sem token, deve retornar 401</doc>
<status status="PASS" start="2025-10-31T12:35:00.472292" elapsed="0.005738"/>
</test>
<status status="PASS" start="2025-10-31T12:35:00.127768" elapsed="0.350517"/>
</suite>
<suite id="s1-s2" name="Movies Tests" source="/home/gregoryozaki/Documentos/compass/challenge-final/api-tests/testcases/movies_tests.robot">
<test id="s1-s2-t1" name="CT14 - Listar Filmes (Público - 200)" line="15">
<kw name="Login As Admin" owner="keywords" type="SETUP">
<kw name="Get Admin Token Manual" owner="admin_token_helper">
<msg time="2025-10-31T12:35:00.484574" level="INFO">${token} = Bearer eyJhbGciOiJIUzI1NiIsInR5cCI6IkpXVCJ9.eyJpZCI6IjY5MDRlM2I1Y2ZlZmM3ZTQzZWE3ZTg5ZSIsImlhdCI6MTc2MTkyODUwMCwiZXhwIjoxNzYxOTMyMTAwfQ.53FSXwD6oy9cS3P7ETTbUA9jiFS_y3d6veBzD_OdgF0</msg>
<var>${token}</var>
<doc>Wrapper simples para ser usado diretamente no Robot Framework.</doc>
<status status="PASS" start="2025-10-31T12:35:00.481158" elapsed="0.003444"/>
</kw>
<kw name="Set Global Variable" owner="BuiltIn">
<msg time="2025-10-31T12:35:00.484914" level="INFO">${TOKEN_ADMIN} = Bearer eyJhbGciOiJIUzI1NiIsInR5cCI6IkpXVCJ9.eyJpZCI6IjY5MDRlM2I1Y2ZlZmM3ZTQzZWE3ZTg5ZSIsImlhdCI6MTc2MTkyODUwMCwiZXhwIjoxNzYxOTMyMTAwfQ.53FSXwD6oy9cS3P7ETTbUA9jiFS_y3d6veBzD_OdgF0</msg>
<arg>${TOKEN_ADMIN}</arg>
<arg>${token}</arg>
<doc>Makes a variable available globally in all tests and suites.</doc>
<status status="PASS" start="2025-10-31T12:35:00.484735" elapsed="0.000205"/>
</kw>
<kw name="Log To Console" owner="BuiltIn">
<arg>✅ Token Admin Gerado com sucesso (WORKAROUND).</arg>
<doc>Logs the given message to the console.</doc>
<status status="PASS" start="2025-10-31T12:35:00.485014" elapsed="0.000096"/>
</kw>
<status status="PASS" start="2025-10-31T12:35:00.481008" elapsed="0.004184"/>
</kw>
<kw name="Create Unauthorized Session" owner="keywords">
<kw name="Create Session" owner="RequestsLibrary">
<msg time="2025-10-31T12:35:00.485645" level="INFO">Creating Session using : alias=api, url=http://localhost:5000/api/v1, headers={'Content-Type': 'application/json'},                     cookies={}, auth=None, timeout=None, proxies=None, verify=False,                     debug=0 </msg>
<arg>api</arg>
<arg>${BASE_URL}</arg>
<arg>headers={"Content-Type": "application/json"}</arg>
<doc>Create Session: create a HTTP session to a server</doc>
<status status="PASS" start="2025-10-31T12:35:00.485497" elapsed="0.000261"/>
</kw>
<status status="PASS" start="2025-10-31T12:35:00.485332" elapsed="0.000473"/>
</kw>
<kw name="GET On Session" owner="RequestsLibrary">
<msg time="2025-10-31T12:35:00.489745" level="INFO">GET Request : url=http://localhost:5000/api/v1/movies/ 
 path_url=/api/v1/movies/ 
 headers={'User-Agent': 'python-requests/2.32.4', 'Accept-Encoding': 'gzip, deflate, br', 'Accept': '*/*', 'Connection': 'keep-alive', 'Content-Type': 'application/json'} 
 body=None 
 </msg>
<msg time="2025-10-31T12:35:00.489800" level="INFO">GET Response : url=http://localhost:5000/api/v1/movies/ 
 status=200, reason=OK 
 headers={'X-Powered-By': 'Express', 'Access-Control-Allow-Origin': '*', 'Content-Type': 'application/json; charset=utf-8', 'Content-Length': '2440', 'ETag': 'W/"988-5KgQN2r4G1hRW2Ktlc9udg+CsWw"', 'Date': 'Fri, 31 Oct 2025 16:35:00 GMT', 'Connection': 'keep-alive', 'Keep-Alive': 'timeout=5'} 
 body={"success":true,"count":7,"pagination":{},"data":[{"_id":"6904e3be7918e3c013d5b02b","customId":"kcrVC","title":"Filme Atualizado 6398","synopsis":"Filme criado automaticamente para testes.","director":"John Doe","genres":["[\"Action\", \"Adventure\"]"],"duration":120,"classification":"PG-13","poster":"poster_kcrVC.jpg","releaseDate":"2025-01-01T00:00:00.000Z","id":"6904e3be7918e3c013d5b02b"},{"_id":"6904e3bf7918e3c013d5b0b3","customId":"ZxcHc","title":"Novo Filme ZxcHc","synopsis":"Filme criado automaticamente para testes.","director":"John Doe","genres":["[\"Action\", \"Adventure\"]"],"duration":120,"classification":"PG-13","poster":"poster_ZxcHc.jpg","releaseDate":"2025-01-01T00:00:00.000Z","id":"6904e3bf7918e3c013d5b0b3"},{"_id":"6904e3bf7918e3c013d5b0cd","customId":"tEuvv","title":"Novo Filme tEuvv","synopsis":"Filme criado automaticamente para testes.","director":"John Doe","genres":["[\"Action\", \"Adventure\"]"],"duration":120,"classification":"PG-13","poster":"poster_tEuvv.jpg","releaseDate":"2025-01-01T00:00:00.000Z","id":"6904e3bf7918e3c013d5b0cd"},{"_id":"6904e3bf7918e3c013d5b0e1","customId":"LfONg","title":"Novo Filme LfONg","synopsis":"Filme criado automaticamente para testes.","director":"John Doe","genres":["[\"Action\", \"Adventure\"]"],"duration":120,"classification":"PG-13","poster":"poster_LfONg.jpg","releaseDate":"2025-01-01T00:00:00.000Z","id":"6904e3bf7918e3c013d5b0e1"},{"_id":"6904e3b5cfefc7e43ea7e8a2","customId":"2","title":"The Avengers","synopsis":"Earth's mightiest heroes must come together to save the world.","director":"Joss Whedon","genres":["Action","Adventure"],"duration":143,"classification":"PG-13","poster":"avengers.jpg","releaseDate":"2012-05-04T00:00:00.000Z","id":"6904e3b5cfefc7e43ea7e8a2"},{"_id":"6904e3b5cfefc7e43ea7e8a1","customId":"1","title":"Inception","synopsis":"A thief who enters the dreams of others to steal their secrets.","director":"Christopher Nolan","genres":["Science Fiction","Action"],"duration":148,"classification":"PG-13","poster":"inception.jpg","releaseDate":"2010-07-16T00:00:00.000Z","id":"6904e3b5cfefc7e43ea7e8a1"},{"_id":"6904e3b5cfefc7e43ea7e8a3","customId":"3","title":"The Shawshank Redemption","synopsis":"Two imprisoned men bond over a number of years.","director":"Frank Darabont","genres":["Drama"],"duration":142,"classification":"R","poster":"shawshank.jpg","releaseDate":"1994-10-14T00:00:00.000Z","id":"6904e3b5cfefc7e43ea7e8a3"}]} 
 </msg>
<msg time="2025-10-31T12:35:00.489881" level="INFO">${response} = &lt;Response [200]&gt;</msg>
<var>${response}</var>
<arg>api</arg>
<arg>${MOVIE_ENDPOINT}</arg>
<doc>Sends a GET request on a previously created HTTP Session.</doc>
<status status="PASS" start="2025-10-31T12:35:00.485894" elapsed="0.004002"/>
</kw>
<kw name="Validate 200 OK Response" owner="keywords">
<kw name="Should Be Equal As Integers" owner="BuiltIn">
<msg time="2025-10-31T12:35:00.490606" level="INFO">Argument types are:
&lt;class 'int'&gt;
&lt;class 'str'&gt;</msg>
<arg>${response.status_code}</arg>
<arg>200</arg>
<doc>Fails if objects are unequal after converting them to integers.</doc>
<status status="PASS" start="2025-10-31T12:35:00.490273" elapsed="0.000372"/>
</kw>
<kw name="Log To Console" owner="BuiltIn">
<arg>🟢 Status 200 OK validado.</arg>
<doc>Logs the given message to the console.</doc>
<status status="PASS" start="2025-10-31T12:35:00.490734" elapsed="0.000087"/>
</kw>
<arg>${response}</arg>
<status status="PASS" start="2025-10-31T12:35:00.490061" elapsed="0.000802"/>
</kw>
<kw name="Cleanup Movie Teardown" owner="keywords" type="TEARDOWN">
<kw name="Log To Console" owner="BuiltIn">
<arg>...🧹 Limpando filmes criados no teste.</arg>
<doc>Logs the given message to the console.</doc>
<status status="PASS" start="2025-10-31T12:35:00.491163" elapsed="0.000072"/>
</kw>
<kw name="Run Keyword If" owner="BuiltIn">
<arg>'${CREATED_MOVIE_ID}' != 'None'</arg>
<arg>Delete Movie By ID</arg>
<doc>Runs the given keyword with the given arguments, if ``condition`` is true.</doc>
<status status="PASS" start="2025-10-31T12:35:00.491308" elapsed="0.000108"/>
</kw>
<status status="PASS" start="2025-10-31T12:35:00.491013" elapsed="0.000439"/>
</kw>
<doc>Lista todos os filmes disponíveis sem autenticação.</doc>
<status status="PASS" start="2025-10-31T12:35:00.480761" elapsed="0.010731"/>
</test>
<test id="s1-s2-t2" name="CT16 - Criação de Filme (Admin - 201)" line="22">
<kw name="Login As Admin" owner="keywords" type="SETUP">
<kw name="Get Admin Token Manual" owner="admin_token_helper">
<msg time="2025-10-31T12:35:00.495294" level="INFO">${token} = Bearer eyJhbGciOiJIUzI1NiIsInR5cCI6IkpXVCJ9.eyJpZCI6IjY5MDRlM2I1Y2ZlZmM3ZTQzZWE3ZTg5ZSIsImlhdCI6MTc2MTkyODUwMCwiZXhwIjoxNzYxOTMyMTAwfQ.53FSXwD6oy9cS3P7ETTbUA9jiFS_y3d6veBzD_OdgF0</msg>
<var>${token}</var>
<doc>Wrapper simples para ser usado diretamente no Robot Framework.</doc>
<status status="PASS" start="2025-10-31T12:35:00.492035" elapsed="0.003288"/>
</kw>
<kw name="Set Global Variable" owner="BuiltIn">
<msg time="2025-10-31T12:35:00.495635" level="INFO">${TOKEN_ADMIN} = Bearer eyJhbGciOiJIUzI1NiIsInR5cCI6IkpXVCJ9.eyJpZCI6IjY5MDRlM2I1Y2ZlZmM3ZTQzZWE3ZTg5ZSIsImlhdCI6MTc2MTkyODUwMCwiZXhwIjoxNzYxOTMyMTAwfQ.53FSXwD6oy9cS3P7ETTbUA9jiFS_y3d6veBzD_OdgF0</msg>
<arg>${TOKEN_ADMIN}</arg>
<arg>${token}</arg>
<doc>Makes a variable available globally in all tests and suites.</doc>
<status status="PASS" start="2025-10-31T12:35:00.495451" elapsed="0.000213"/>
</kw>
<kw name="Log To Console" owner="BuiltIn">
<arg>✅ Token Admin Gerado com sucesso (WORKAROUND).</arg>
<doc>Logs the given message to the console.</doc>
<status status="PASS" start="2025-10-31T12:35:00.495762" elapsed="0.000107"/>
</kw>
<status status="PASS" start="2025-10-31T12:35:00.491886" elapsed="0.004026"/>
</kw>
<kw name="Create New Movie As Admin" owner="keywords">
<kw name="Login As Admin" owner="keywords">
<kw name="Get Admin Token Manual" owner="admin_token_helper">
<msg time="2025-10-31T12:35:00.499038" level="INFO">${token} = Bearer eyJhbGciOiJIUzI1NiIsInR5cCI6IkpXVCJ9.eyJpZCI6IjY5MDRlM2I1Y2ZlZmM3ZTQzZWE3ZTg5ZSIsImlhdCI6MTc2MTkyODUwMCwiZXhwIjoxNzYxOTMyMTAwfQ.53FSXwD6oy9cS3P7ETTbUA9jiFS_y3d6veBzD_OdgF0</msg>
<var>${token}</var>
<doc>Wrapper simples para ser usado diretamente no Robot Framework.</doc>
<status status="PASS" start="2025-10-31T12:35:00.496418" elapsed="0.002646"/>
</kw>
<kw name="Set Global Variable" owner="BuiltIn">
<msg time="2025-10-31T12:35:00.499347" level="INFO">${TOKEN_ADMIN} = Bearer eyJhbGciOiJIUzI1NiIsInR5cCI6IkpXVCJ9.eyJpZCI6IjY5MDRlM2I1Y2ZlZmM3ZTQzZWE3ZTg5ZSIsImlhdCI6MTc2MTkyODUwMCwiZXhwIjoxNzYxOTMyMTAwfQ.53FSXwD6oy9cS3P7ETTbUA9jiFS_y3d6veBzD_OdgF0</msg>
<arg>${TOKEN_ADMIN}</arg>
<arg>${token}</arg>
<doc>Makes a variable available globally in all tests and suites.</doc>
<status status="PASS" start="2025-10-31T12:35:00.499175" elapsed="0.000232"/>
</kw>
<kw name="Log To Console" owner="BuiltIn">
<arg>✅ Token Admin Gerado com sucesso (WORKAROUND).</arg>
<doc>Logs the given message to the console.</doc>
<status status="PASS" start="2025-10-31T12:35:00.499491" elapsed="0.000099"/>
</kw>
<status status="PASS" start="2025-10-31T12:35:00.496267" elapsed="0.003365"/>
</kw>
<kw name="Create Authorized Session" owner="keywords">
<kw name="Catenate" owner="BuiltIn">
<msg time="2025-10-31T12:35:00.500032" level="INFO">${auth_header} = BearerBearer eyJhbGciOiJIUzI1NiIsInR5cCI6IkpXVCJ9.eyJpZCI6IjY5MDRlM2I1Y2ZlZmM3ZTQzZWE3ZTg5ZSIsImlhdCI6MTc2MTkyODUwMCwiZXhwIjoxNzYxOTMyMTAwfQ.53FSXwD6oy9cS3P7ETTbUA9jiFS_y3d6veBzD_OdgF0</msg>
<var>${auth_header}</var>
<arg>SEPARATOR=</arg>
<arg>Bearer</arg>
<arg>${token}</arg>
<doc>Catenates the given items together and returns the resulted string.</doc>
<status status="PASS" start="2025-10-31T12:35:00.499923" elapsed="0.000124"/>
</kw>
<kw name="Create Session" owner="RequestsLibrary">
<msg time="2025-10-31T12:35:00.500299" level="INFO">Creating Session using : alias=api, url=http://localhost:5000/api/v1, headers={'Authorization': 'BearerBearer eyJhbGciOiJIUzI1NiIsInR5cCI6IkpXVCJ9.eyJpZCI6IjY5MDRlM2I1Y2ZlZmM3ZTQzZWE3ZTg5ZSIsImlhdCI6MTc2MTkyODUwMCwiZXhwIjoxNzYxOTMyMTAwfQ.53FSXwD6oy9cS3P7ETTbUA9jiFS_y3d6veBzD_OdgF0', 'Content-Type': 'application/json'},                     cookies={}, auth=None, timeout=None, proxies=None, verify=False,                     debug=0 </msg>
<arg>api</arg>
<arg>${BASE_URL}</arg>
<arg>headers={"Authorization": "${auth_header}", "Content-Type": "application/json"}</arg>
<doc>Create Session: create a HTTP session to a server</doc>
<status status="PASS" start="2025-10-31T12:35:00.500117" elapsed="0.000296"/>
</kw>
<arg>${TOKEN_ADMIN}</arg>
<status status="PASS" start="2025-10-31T12:35:00.499735" elapsed="0.000722"/>
</kw>
<kw name="Generate Random String" owner="String">
<msg time="2025-10-31T12:35:00.500671" level="INFO">${random_suffix} = LkZQV</msg>
<var>${random_suffix}</var>
<arg>5</arg>
<arg>[LETTERS]</arg>
<doc>Generates a string with a desired ``length`` from the given ``chars``.</doc>
<status status="PASS" start="2025-10-31T12:35:00.500530" elapsed="0.000155"/>
</kw>
<kw name="Catenate" owner="BuiltIn">
<msg time="2025-10-31T12:35:00.500873" level="INFO">${title} = Novo Filme LkZQV</msg>
<var>${title}</var>
<arg>SEPARATOR=</arg>
<arg>Novo Filme ${random_suffix}</arg>
<doc>Catenates the given items together and returns the resulted string.</doc>
<status status="PASS" start="2025-10-31T12:35:00.500766" elapsed="0.000123"/>
</kw>
<kw name="Create Dictionary" owner="BuiltIn">
<msg time="2025-10-31T12:35:00.501186" level="INFO">${body} = {'customId': 'LkZQV', 'title': 'Novo Filme LkZQV', 'synopsis': 'Filme criado automaticamente para testes.', 'director': 'John Doe', 'genres': '["Action", "Adventure"]', 'duration': '120', 'classificat...</msg>
<var>${body}</var>
<arg>customId=${random_suffix}</arg>
<arg>title=${title}</arg>
<arg>synopsis=Filme criado automaticamente para testes.</arg>
<arg>director=John Doe</arg>
<arg>genres=["Action", "Adventure"]</arg>
<arg>duration=120</arg>
<arg>classification=PG-13</arg>
<arg>poster=poster_${random_suffix}.jpg</arg>
<arg>releaseDate=2025-01-01</arg>
<doc>Creates and returns a dictionary based on the given ``items``.</doc>
<status status="PASS" start="2025-10-31T12:35:00.500964" elapsed="0.000235"/>
</kw>
<kw name="POST On Session" owner="RequestsLibrary">
<msg time="2025-10-31T12:35:00.505141" level="INFO">POST Request : url=http://localhost:5000/api/v1/movies/ 
 path_url=/api/v1/movies/ 
 headers={'User-Agent': 'python-requests/2.32.4', 'Accept-Encoding': 'gzip, deflate, br', 'Accept': '*/*', 'Connection': 'keep-alive', 'Authorization': 'BearerBearer eyJhbGciOiJIUzI1NiIsInR5cCI6IkpXVCJ9.eyJpZCI6IjY5MDRlM2I1Y2ZlZmM3ZTQzZWE3ZTg5ZSIsImlhdCI6MTc2MTkyODUwMCwiZXhwIjoxNzYxOTMyMTAwfQ.53FSXwD6oy9cS3P7ETTbUA9jiFS_y3d6veBzD_OdgF0', 'Content-Type': 'application/json', 'Content-Length': '277'} 
 body=b'{"customId": "LkZQV", "title": "Novo Filme LkZQV", "synopsis": "Filme criado automaticamente para testes.", "director": "John Doe", "genres": "[\\"Action\\", \\"Adventure\\"]", "duration": "120", "classification": "PG-13", "poster": "poster_LkZQV.jpg", "releaseDate": "2025-01-01"}' 
 </msg>
<msg time="2025-10-31T12:35:00.505189" level="INFO">POST Response : url=http://localhost:5000/api/v1/movies/ 
 status=201, reason=Created 
 headers={'X-Powered-By': 'Express', 'Access-Control-Allow-Origin': '*', 'Content-Type': 'application/json; charset=utf-8', 'Content-Length': '449', 'ETag': 'W/"1c1-L+Ny4fnIDDqrzny66wPrEebwe6g"', 'Date': 'Fri, 31 Oct 2025 16:35:00 GMT', 'Connection': 'keep-alive', 'Keep-Alive': 'timeout=5'} 
 body={"success":true,"data":{"customId":"LkZQV","title":"Novo Filme LkZQV","synopsis":"Filme criado automaticamente para testes.","director":"John Doe","genres":["[\"Action\", \"Adventure\"]"],"duration":120,"classification":"PG-13","poster":"poster_LkZQV.jpg","releaseDate":"2025-01-01T00:00:00.000Z","_id":"6904e5347918e3c013d5b1bd","createdAt":"2025-10-31T16:35:00.503Z","updatedAt":"2025-10-31T16:35:00.503Z","__v":0,"id":"6904e5347918e3c013d5b1bd"}} 
 </msg>
<msg time="2025-10-31T12:35:00.505263" level="INFO">${response} = &lt;Response [201]&gt;</msg>
<var>${response}</var>
<arg>api</arg>
<arg>/movies/</arg>
<arg>json=${body}</arg>
<arg>expected_status=any</arg>
<doc>Sends a POST request on a previously created HTTP Session.</doc>
<status status="PASS" start="2025-10-31T12:35:00.501278" elapsed="0.003999"/>
</kw>
<kw name="Log To Console" owner="BuiltIn">
<arg>🎬 Tentativa de criação de filme — Status: ${response.status_code}</arg>
<doc>Logs the given message to the console.</doc>
<status status="PASS" start="2025-10-31T12:35:00.505386" elapsed="0.000409"/>
</kw>
<kw name="Validate 201 Created Response" owner="keywords">
<kw name="Should Be Equal As Integers" owner="BuiltIn">
<msg time="2025-10-31T12:35:00.506410" level="INFO">Argument types are:
&lt;class 'int'&gt;
&lt;class 'str'&gt;</msg>
<arg>${response.status_code}</arg>
<arg>201</arg>
<doc>Fails if objects are unequal after converting them to integers.</doc>
<status status="PASS" start="2025-10-31T12:35:00.506114" elapsed="0.000332"/>
</kw>
<kw name="Log To Console" owner="BuiltIn">
[...]
 status=200, reason=OK 
 headers={'X-Powered-By': 'Express', 'Access-Control-Allow-Origin': '*', 'Content-Type': 'application/json; charset=utf-8', 'Content-Length': '213', 'ETag': 'W/"d5-395ZE0o1thCqk9KA/yQUFZYLayY"', 'Date': 'Fri, 31 Oct 2025 16:35:02 GMT', 'Connection': 'keep-alive', 'Keep-Alive': 'timeout=5'} 
 body={"success":true,"data":{"_id":"6904e5367918e3c013d5b2ac","name":"Updated Name","email":"tempuserxktav@mail.com","role":"user","createdAt":"2025-10-31T16:35:02.036Z","updatedAt":"2025-10-31T16:35:02.100Z","__v":0}} 
 </msg>
<msg time="2025-10-31T12:35:02.106802" level="INFO">${get_response} = &lt;Response [200]&gt;</msg>
<var>${get_response}</var>
<arg>api</arg>
<arg>${USER_ENDPOINT}${CREATED_USER_ID}</arg>
<doc>Sends a GET request on a previously created HTTP Session.</doc>
<status status="PASS" start="2025-10-31T12:35:02.103342" elapsed="0.003475"/>
</kw>
<kw name="Get From Dictionary" owner="Collections">
<msg time="2025-10-31T12:35:02.107380" level="INFO">${updated_name} = Updated Name</msg>
<var>${updated_name}</var>
<arg>${get_response.json()["data"]}</arg>
<arg>name</arg>
<doc>Returns a value from the given ``dictionary`` based on the given ``key``.</doc>
<status status="PASS" start="2025-10-31T12:35:02.106980" elapsed="0.000416"/>
</kw>
<kw name="Should Be Equal" owner="BuiltIn">
<arg>${updated_name}</arg>
<arg>Updated Name</arg>
<doc>Fails if the given objects are unequal.</doc>
<status status="PASS" start="2025-10-31T12:35:02.107515" elapsed="0.000116"/>
</kw>
<kw name="Run Keyword If" owner="BuiltIn" type="TEARDOWN">
<kw name="Safe Delete Created User">
<kw name="Log" owner="BuiltIn">
<msg time="2025-10-31T12:35:02.108204" level="INFO">🧹 Tentando deletar usuário criado: 6904e5367918e3c013d5b2ac</msg>
<arg>🧹 Tentando deletar usuário criado: ${CREATED_USER_ID}</arg>
<doc>Logs the given message with the given level.</doc>
<status status="PASS" start="2025-10-31T12:35:02.108122" elapsed="0.000109"/>
</kw>
<kw name="Run Keyword And Ignore Error" owner="BuiltIn">
<kw name="Create Authorized Session" owner="keywords">
<kw name="Catenate" owner="BuiltIn">
<msg time="2025-10-31T12:35:02.108685" level="INFO">${auth_header} = BearerBearer eyJhbGciOiJIUzI1NiIsInR5cCI6IkpXVCJ9.eyJpZCI6IjY5MDRlM2I1Y2ZlZmM3ZTQzZWE3ZTg5ZSIsImlhdCI6MTc2MTkyODUwMiwiZXhwIjoxNzYxOTMyMTAyfQ.RWO1dlF0tF5Sw1mtuA252J8uY7OPsg-hMM6QGy2Ffpk</msg>
<var>${auth_header}</var>
<arg>SEPARATOR=</arg>
<arg>Bearer</arg>
<arg>${token}</arg>
<doc>Catenates the given items together and returns the resulted string.</doc>
<status status="PASS" start="2025-10-31T12:35:02.108583" elapsed="0.000160"/>
</kw>
<kw name="Create Session" owner="RequestsLibrary">
<msg time="2025-10-31T12:35:02.108982" level="INFO">Creating Session using : alias=api, url=http://localhost:5000/api/v1, headers={'Authorization': 'BearerBearer eyJhbGciOiJIUzI1NiIsInR5cCI6IkpXVCJ9.eyJpZCI6IjY5MDRlM2I1Y2ZlZmM3ZTQzZWE3ZTg5ZSIsImlhdCI6MTc2MTkyODUwMiwiZXhwIjoxNzYxOTMyMTAyfQ.RWO1dlF0tF5Sw1mtuA252J8uY7OPsg-hMM6QGy2Ffpk', 'Content-Type': 'application/json'},                     cookies={}, auth=None, timeout=None, proxies=None, verify=False,                     debug=0 </msg>
<arg>api</arg>
<arg>${BASE_URL}</arg>
<arg>headers={"Authorization": "${auth_header}", "Content-Type": "application/json"}</arg>
<doc>Create Session: create a HTTP session to a server</doc>
<status status="PASS" start="2025-10-31T12:35:02.108816" elapsed="0.000274"/>
</kw>
<arg>${TOKEN_ADMIN}</arg>
<status status="PASS" start="2025-10-31T12:35:02.108407" elapsed="0.000725"/>
</kw>
<arg>Create Authorized Session</arg>
<arg>${TOKEN_ADMIN}</arg>
<doc>Runs the given keyword with the given arguments and ignores possible error.</doc>
<status status="PASS" start="2025-10-31T12:35:02.108298" elapsed="0.000857"/>
</kw>
<kw name="Run Keyword And Ignore Error" owner="BuiltIn">
<kw name="DELETE On Session" owner="RequestsLibrary">
<msg time="2025-10-31T12:35:02.113623" level="INFO">DELETE Request : url=http://localhost:5000/api/v1/users/6904e5367918e3c013d5b2ac 
 path_url=/api/v1/users/6904e5367918e3c013d5b2ac 
 headers={'User-Agent': 'python-requests/2.32.4', 'Accept-Encoding': 'gzip, deflate, br', 'Accept': '*/*', 'Connection': 'keep-alive', 'Authorization': 'BearerBearer eyJhbGciOiJIUzI1NiIsInR5cCI6IkpXVCJ9.eyJpZCI6IjY5MDRlM2I1Y2ZlZmM3ZTQzZWE3ZTg5ZSIsImlhdCI6MTc2MTkyODUwMiwiZXhwIjoxNzYxOTMyMTAyfQ.RWO1dlF0tF5Sw1mtuA252J8uY7OPsg-hMM6QGy2Ffpk', 'Content-Type': 'application/json', 'Content-Length': '0'} 
 body=None 
 </msg>
<msg time="2025-10-31T12:35:02.113679" level="INFO">DELETE Response : url=http://localhost:5000/api/v1/users/6904e5367918e3c013d5b2ac 
 status=200, reason=OK 
 headers={'X-Powered-By': 'Express', 'Access-Control-Allow-Origin': '*', 'Content-Type': 'application/json; charset=utf-8', 'Content-Length': '41', 'ETag': 'W/"29-acm6zjlFy5zJu9kfItNOkEuApLY"', 'Date': 'Fri, 31 Oct 2025 16:35:02 GMT', 'Connection': 'keep-alive', 'Keep-Alive': 'timeout=5'} 
 body={"success":true,"message":"User removed"} 
 </msg>
<arg>api</arg>
<arg>${USER_ENDPOINT}${CREATED_USER_ID}</arg>
<doc>Sends a DELETE request on a previously created HTTP Session.</doc>
<status status="PASS" start="2025-10-31T12:35:02.109298" elapsed="0.004430"/>
</kw>
<arg>DELETE On Session</arg>
<arg>api</arg>
<arg>${USER_ENDPOINT}${CREATED_USER_ID}</arg>
<doc>Runs the given keyword with the given arguments and ignores possible error.</doc>
<status status="PASS" start="2025-10-31T12:35:02.109217" elapsed="0.004559"/>
</kw>
<kw name="Set Global Variable" owner="BuiltIn">
<msg time="2025-10-31T12:35:02.114061" level="INFO">${CREATED_USER_ID} = None</msg>
<arg>${CREATED_USER_ID}</arg>
<arg>None</arg>
<doc>Makes a variable available globally in all tests and suites.</doc>
<status status="PASS" start="2025-10-31T12:35:02.113888" elapsed="0.000196"/>
</kw>
<status status="PASS" start="2025-10-31T12:35:02.107963" elapsed="0.006164"/>
</kw>
<arg>'${CREATED_USER_ID}' != 'None'</arg>
<arg>Safe Delete Created User</arg>
<doc>Runs the given keyword with the given arguments, if ``condition`` is true.</doc>
<status status="PASS" start="2025-10-31T12:35:02.107781" elapsed="0.006369"/>
</kw>
<doc>Cria usuário temporário e atualiza nome via admin</doc>
<status status="PASS" start="2025-10-31T12:35:02.027085" elapsed="0.087130"/>
</test>
<test id="s1-s6-t5" name="CT12 - Excluir um usuário (Admin - DELETE)" line="66">
<kw name="Login As Admin" owner="keywords" type="SETUP">
<kw name="Get Admin Token Manual" owner="admin_token_helper">
<msg time="2025-10-31T12:35:02.118588" level="INFO">${token} = Bearer eyJhbGciOiJIUzI1NiIsInR5cCI6IkpXVCJ9.eyJpZCI6IjY5MDRlM2I1Y2ZlZmM3ZTQzZWE3ZTg5ZSIsImlhdCI6MTc2MTkyODUwMiwiZXhwIjoxNzYxOTMyMTAyfQ.RWO1dlF0tF5Sw1mtuA252J8uY7OPsg-hMM6QGy2Ffpk</msg>
<var>${token}</var>
<doc>Wrapper simples para ser usado diretamente no Robot Framework.</doc>
<status status="PASS" start="2025-10-31T12:35:02.114797" elapsed="0.003829"/>
</kw>
<kw name="Set Global Variable" owner="BuiltIn">
<msg time="2025-10-31T12:35:02.119066" level="INFO">${TOKEN_ADMIN} = Bearer eyJhbGciOiJIUzI1NiIsInR5cCI6IkpXVCJ9.eyJpZCI6IjY5MDRlM2I1Y2ZlZmM3ZTQzZWE3ZTg5ZSIsImlhdCI6MTc2MTkyODUwMiwiZXhwIjoxNzYxOTMyMTAyfQ.RWO1dlF0tF5Sw1mtuA252J8uY7OPsg-hMM6QGy2Ffpk</msg>
<arg>${TOKEN_ADMIN}</arg>
<arg>${token}</arg>
<doc>Makes a variable available globally in all tests and suites.</doc>
<status status="PASS" start="2025-10-31T12:35:02.118801" elapsed="0.000304"/>
</kw>
<kw name="Log To Console" owner="BuiltIn">
<arg>✅ Token Admin Gerado com sucesso (WORKAROUND).</arg>
<doc>Logs the given message to the console.</doc>
<status status="PASS" start="2025-10-31T12:35:02.119211" elapsed="0.000132"/>
</kw>
<status status="PASS" start="2025-10-31T12:35:02.114630" elapsed="0.004775"/>
</kw>
<kw name="Generate Random String" owner="String">
<msg time="2025-10-31T12:35:02.119903" level="INFO">${random_suffix} = AJBRE</msg>
<var>${random_suffix}</var>
<arg>5</arg>
<arg>[LETTERS]</arg>
<doc>Generates a string with a desired ``length`` from the given ``chars``.</doc>
<status status="PASS" start="2025-10-31T12:35:02.119549" elapsed="0.000376"/>
</kw>
<kw name="Set Variable" owner="BuiltIn">
<msg time="2025-10-31T12:35:02.120203" level="INFO">${email_to_delete} = deletetestAJBRE@mail.com</msg>
<var>${email_to_delete}</var>
<arg>deletetest${random_suffix}@mail.com</arg>
<doc>Returns the given values which can then be assigned to a variables.</doc>
<status status="PASS" start="2025-10-31T12:35:02.120048" elapsed="0.000168"/>
</kw>
<kw name="Create Unauthorized Session" owner="keywords">
<kw name="Create Session" owner="RequestsLibrary">
<msg time="2025-10-31T12:35:02.120631" level="INFO">Creating Session using : alias=api, url=http://localhost:5000/api/v1, headers={'Content-Type': 'application/json'},                     cookies={}, auth=None, timeout=None, proxies=None, verify=False,                     debug=0 </msg>
<arg>api</arg>
<arg>${BASE_URL}</arg>
<arg>headers={"Content-Type": "application/json"}</arg>
<doc>Create Session: create a HTTP session to a server</doc>
<status status="PASS" start="2025-10-31T12:35:02.120484" elapsed="0.000260"/>
</kw>
<status status="PASS" start="2025-10-31T12:35:02.120327" elapsed="0.000460"/>
</kw>
<kw name="Create Dictionary" owner="BuiltIn">
<msg time="2025-10-31T12:35:02.121029" level="INFO">${body} = {'email': 'deletetestAJBRE@mail.com', 'password': 'senha123', 'name': 'DeleteMe'}</msg>
<var>${body}</var>
<arg>email=${email_to_delete}</arg>
<arg>password=senha123</arg>
<arg>name=DeleteMe</arg>
<doc>Creates and returns a dictionary based on the given ``items``.</doc>
<status status="PASS" start="2025-10-31T12:35:02.120873" elapsed="0.000170"/>
</kw>
<kw name="POST On Session" owner="RequestsLibrary">
<msg time="2025-10-31T12:35:02.181593" level="INFO">POST Request : url=http://localhost:5000/api/v1/auth/register 
 path_url=/api/v1/auth/register 
 headers={'User-Agent': 'python-requests/2.32.4', 'Accept-Encoding': 'gzip, deflate, br', 'Accept': '*/*', 'Connection': 'keep-alive', 'Content-Type': 'application/json', 'Content-Length': '81'} 
 body=b'{"email": "deletetestAJBRE@mail.com", "password": "senha123", "name": "DeleteMe"}' 
 </msg>
<msg time="2025-10-31T12:35:02.181654" level="INFO">POST Response : url=http://localhost:5000/api/v1/auth/register 
 status=201, reason=Created 
 headers={'X-Powered-By': 'Express', 'Access-Control-Allow-Origin': '*', 'Content-Type': 'application/json; charset=utf-8', 'Content-Length': '307', 'ETag': 'W/"133-i+pK2fY/6zIm482ADPjUsGV3Fwc"', 'Date': 'Fri, 31 Oct 2025 16:35:02 GMT', 'Connection': 'keep-alive', 'Keep-Alive': 'timeout=5'} 
 body={"success":true,"data":{"_id":"6904e5367918e3c013d5b2b7","name":"DeleteMe","email":"deletetestajbre@mail.com","role":"user","token":"eyJhbGciOiJIUzI1NiIsInR5cCI6IkpXVCJ9.eyJpZCI6IjY5MDRlNTM2NzkxOGUzYzAxM2Q1YjJiNyIsImlhdCI6MTc2MTkyODUwMiwiZXhwIjoxNzYyMDE0OTAyfQ.aqNZ5xUBEuR7sM6qPM7bkAlHjl9JEiuFU3lCsQW-_bs"}} 
 </msg>
<msg time="2025-10-31T12:35:02.181809" level="INFO">${create_response} = &lt;Response [201]&gt;</msg>
<var>${create_response}</var>
<arg>api</arg>
<arg>/auth/register</arg>
<arg>json=${body}</arg>
<doc>Sends a POST request on a previously created HTTP Session.</doc>
<status status="PASS" start="2025-10-31T12:35:02.121128" elapsed="0.060698"/>
</kw>
<kw name="Get From Dictionary" owner="Collections">
<msg time="2025-10-31T12:35:02.182421" level="INFO">${user_id} = 6904e5367918e3c013d5b2b7</msg>
<var>${user_id}</var>
<arg>${create_response.json()["data"]}</arg>
<arg>_id</arg>
<doc>Returns a value from the given ``dictionary`` based on the given ``key``.</doc>
<status status="PASS" start="2025-10-31T12:35:02.182001" elapsed="0.000436"/>
</kw>
<kw name="Set Global Variable" owner="BuiltIn">
<msg time="2025-10-31T12:35:02.182724" level="INFO">${CREATED_USER_ID} = 6904e5367918e3c013d5b2b7</msg>
<arg>${CREATED_USER_ID}</arg>
<arg>${user_id}</arg>
<doc>Makes a variable available globally in all tests and suites.</doc>
<status status="PASS" start="2025-10-31T12:35:02.182562" elapsed="0.000185"/>
</kw>
<kw name="Create Authorized Session" owner="keywords">
<kw name="Catenate" owner="BuiltIn">
<msg time="2025-10-31T12:35:02.183185" level="INFO">${auth_header} = BearerBearer eyJhbGciOiJIUzI1NiIsInR5cCI6IkpXVCJ9.eyJpZCI6IjY5MDRlM2I1Y2ZlZmM3ZTQzZWE3ZTg5ZSIsImlhdCI6MTc2MTkyODUwMiwiZXhwIjoxNzYxOTMyMTAyfQ.RWO1dlF0tF5Sw1mtuA252J8uY7OPsg-hMM6QGy2Ffpk</msg>
<var>${auth_header}</var>
<arg>SEPARATOR=</arg>
<arg>Bearer</arg>
<arg>${token}</arg>
<doc>Catenates the given items together and returns the resulted string.</doc>
<status status="PASS" start="2025-10-31T12:35:02.183076" elapsed="0.000122"/>
</kw>
<kw name="Create Session" owner="RequestsLibrary">
<msg time="2025-10-31T12:35:02.183441" level="INFO">Creating Session using : alias=api, url=http://localhost:5000/api/v1, headers={'Authorization': 'BearerBearer eyJhbGciOiJIUzI1NiIsInR5cCI6IkpXVCJ9.eyJpZCI6IjY5MDRlM2I1Y2ZlZmM3ZTQzZWE3ZTg5ZSIsImlhdCI6MTc2MTkyODUwMiwiZXhwIjoxNzYxOTMyMTAyfQ.RWO1dlF0tF5Sw1mtuA252J8uY7OPsg-hMM6QGy2Ffpk', 'Content-Type': 'application/json'},                     cookies={}, auth=None, timeout=None, proxies=None, verify=False,                     debug=0 </msg>
<arg>api</arg>
<arg>${BASE_URL}</arg>
<arg>headers={"Authorization": "${auth_header}", "Content-Type": "application/json"}</arg>
<doc>Create Session: create a HTTP session to a server</doc>
<status status="PASS" start="2025-10-31T12:35:02.183269" elapsed="0.000280"/>
</kw>
<arg>${TOKEN_ADMIN}</arg>
<status status="PASS" start="2025-10-31T12:35:02.182876" elapsed="0.000718"/>
</kw>
<kw name="DELETE On Session" owner="RequestsLibrary">
<msg time="2025-10-31T12:35:02.188462" level="INFO">DELETE Request : url=http://localhost:5000/api/v1/users/6904e5367918e3c013d5b2b7 
 path_url=/api/v1/users/6904e5367918e3c013d5b2b7 
 headers={'User-Agent': 'python-requests/2.32.4', 'Accept-Encoding': 'gzip, deflate, br', 'Accept': '*/*', 'Connection': 'keep-alive', 'Authorization': 'BearerBearer eyJhbGciOiJIUzI1NiIsInR5cCI6IkpXVCJ9.eyJpZCI6IjY5MDRlM2I1Y2ZlZmM3ZTQzZWE3ZTg5ZSIsImlhdCI6MTc2MTkyODUwMiwiZXhwIjoxNzYxOTMyMTAyfQ.RWO1dlF0tF5Sw1mtuA252J8uY7OPsg-hMM6QGy2Ffpk', 'Content-Type': 'application/json', 'Content-Length': '0'} 
 body=None 
 </msg>
<msg time="2025-10-31T12:35:02.188523" level="INFO">DELETE Response : url=http://localhost:5000/api/v1/users/6904e5367918e3c013d5b2b7 
 status=200, reason=OK 
 headers={'X-Powered-By': 'Express', 'Access-Control-Allow-Origin': '*', 'Content-Type': 'application/json; charset=utf-8', 'Content-Length': '41', 'ETag': 'W/"29-acm6zjlFy5zJu9kfItNOkEuApLY"', 'Date': 'Fri, 31 Oct 2025 16:35:02 GMT', 'Connection': 'keep-alive', 'Keep-Alive': 'timeout=5'} 
 body={"success":true,"message":"User removed"} 
 </msg>
<msg time="2025-10-31T12:35:02.188614" level="INFO">${delete_response} = &lt;Response [200]&gt;</msg>
<var>${delete_response}</var>
<arg>api</arg>
<arg>${USER_ENDPOINT}${CREATED_USER_ID}</arg>
<doc>Sends a DELETE request on a previously created HTTP Session.</doc>
<status status="PASS" start="2025-10-31T12:35:02.183712" elapsed="0.004916"/>
</kw>
<kw name="Validate 200 OK Response" owner="keywords">
<kw name="Should Be Equal As Integers" owner="BuiltIn">
<msg time="2025-10-31T12:35:02.189408" level="INFO">Argument types are:
&lt;class 'int'&gt;
&lt;class 'str'&gt;</msg>
<arg>${response.status_code}</arg>
<arg>200</arg>
<doc>Fails if objects are unequal after converting them to integers.</doc>
<status status="PASS" start="2025-10-31T12:35:02.189073" elapsed="0.000374"/>
</kw>
<kw name="Log To Console" owner="BuiltIn">
<arg>🟢 Status 200 OK validado.</arg>
<doc>Logs the given message to the console.</doc>
<status status="PASS" start="2025-10-31T12:35:02.189527" elapsed="0.000345"/>
</kw>
<arg>${delete_response}</arg>
<status status="PASS" start="2025-10-31T12:35:02.188833" elapsed="0.001094"/>
</kw>
<kw name="GET On Session" owner="RequestsLibrary">
<msg time="2025-10-31T12:35:02.193530" level="INFO">GET Request : url=http://localhost:5000/api/v1/users/6904e5367918e3c013d5b2b7 
 path_url=/api/v1/users/6904e5367918e3c013d5b2b7 
 headers={'User-Agent': 'python-requests/2.32.4', 'Accept-Encoding': 'gzip, deflate, br', 'Accept': '*/*', 'Connection': 'keep-alive', 'Authorization': 'BearerBearer eyJhbGciOiJIUzI1NiIsInR5cCI6IkpXVCJ9.eyJpZCI6IjY5MDRlM2I1Y2ZlZmM3ZTQzZWE3ZTg5ZSIsImlhdCI6MTc2MTkyODUwMiwiZXhwIjoxNzYxOTMyMTAyfQ.RWO1dlF0tF5Sw1mtuA252J8uY7OPsg-hMM6QGy2Ffpk', 'Content-Type': 'application/json'} 
 body=None 
 </msg>
<msg time="2025-10-31T12:35:02.193588" level="INFO">GET Response : url=http://localhost:5000/api/v1/users/6904e5367918e3c013d5b2b7 
 status=404, reason=Not Found 
 headers={'X-Powered-By': 'Express', 'Access-Control-Allow-Origin': '*', 'Content-Type': 'application/json; charset=utf-8', 'Content-Length': '44', 'ETag': 'W/"2c-EAnCIFy1uGovyo/FU6KYwnjLgrc"', 'Date': 'Fri, 31 Oct 2025 16:35:02 GMT', 'Connection': 'keep-alive', 'Keep-Alive': 'timeout=5'} 
 body={"success":false,"message":"User not found"} 
 </msg>
<msg time="2025-10-31T12:35:02.193679" level="INFO">${get_response} = &lt;Response [404]&gt;</msg>
<var>${get_response}</var>
<arg>api</arg>
<arg>${USER_ENDPOINT}${CREATED_USER_ID}</arg>
<arg>expected_status=any</arg>
<doc>Sends a GET request on a previously created HTTP Session.</doc>
<status status="PASS" start="2025-10-31T12:35:02.190230" elapsed="0.003463"/>
</kw>
<kw name="Validate 404 Not Found Response" owner="keywords">
<kw name="Should Be Equal As Integers" owner="BuiltIn">
<msg time="2025-10-31T12:35:02.194461" level="INFO">Argument types are:
&lt;class 'int'&gt;
&lt;class 'str'&gt;</msg>
<arg>${response.status_code}</arg>
<arg>404</arg>
<doc>Fails if objects are unequal after converting them to integers.</doc>
<status status="PASS" start="2025-10-31T12:35:02.194135" elapsed="0.000365"/>
</kw>
<kw name="Log To Console" owner="BuiltIn">
<arg>🔍 Status 404 Not Found validado.</arg>
<doc>Logs the given message to the console.</doc>
<status status="PASS" start="2025-10-31T12:35:02.194576" elapsed="0.000074"/>
</kw>
<arg>${get_response}</arg>
<status status="PASS" start="2025-10-31T12:35:02.193897" elapsed="0.000790"/>
</kw>
<kw name="Set Global Variable" owner="BuiltIn">
<msg time="2025-10-31T12:35:02.194903" level="INFO">${CREATED_USER_ID} = None</msg>
<arg>${CREATED_USER_ID}</arg>
<arg>None</arg>
<doc>Makes a variable available globally in all tests and suites.</doc>
<status status="PASS" start="2025-10-31T12:35:02.194776" elapsed="0.000148"/>
</kw>
<kw name="Run Keyword If" owner="BuiltIn" type="TEARDOWN">
<arg>'${CREATED_USER_ID}' != 'None'</arg>
<arg>Safe Delete Created User</arg>
<doc>Runs the given keyword with the given arguments, if ``condition`` is true.</doc>
<status status="PASS" start="2025-10-31T12:35:02.195107" elapsed="0.000096"/>
</kw>
<doc>Cria usuário temporário e o exclui com sucesso</doc>
<status status="PASS" start="2025-10-31T12:35:02.114363" elapsed="0.080885"/>
</test>
<status status="PASS" start="2025-10-31T12:35:01.927125" elapsed="0.268306"/>
</suite>
<status status="FAIL" start="2025-10-31T12:35:00.117098" elapsed="2.078643"/>
</suite>
<statistics>
<total>
<stat pass="26" fail="7" skip="0">All Tests</stat>
</total>
<tag>
</tag>
<suite>
<stat pass="26" fail="7" skip="0" id="s1" name="Testcases">Testcases</stat>
<stat pass="7" fail="0" skip="0" id="s1-s1" name="Auth Tests">Testcases.Auth Tests</stat>
<stat pass="5" fail="0" skip="0" id="s1-s2" name="Movies Tests">Testcases.Movies Tests</stat>
<stat pass="0" fail="6" skip="0" id="s1-s3" name="Reservations Tests">Testcases.Reservations Tests</stat>
<stat pass="5" fail="0" skip="0" id="s1-s4" name="Sessions Tests">Testcases.Sessions Tests</stat>
<stat pass="4" fail="1" skip="0" id="s1-s5" name="Theaters Tests">Testcases.Theaters Tests</stat>
<stat pass="5" fail="0" skip="0" id="s1-s6" name="Users Tests">Testcases.Users Tests</stat>
</suite>
</statistics>
<errors>
</errors>
</robot>
