<?xml version="1.0" encoding="UTF-8"?>
<robot generator="Robot 7.0 (Python 3.10.12 on linux)" generated="2025-10-31T11:01:54.385137" rpa="false" schemaversion="5">
<suite id="s1" name="Testcases" source="/home/gregoryozaki/Documentos/compass/challenge-final/api-tests/testcases">
<suite id="s1-s1" name="Auth Tests" source="/home/gregoryozaki/Documentos/compass/challenge-final/api-tests/testcases/auth_tests.robot">
<test id="s1-s1-t1" name="CT01 - Registro de novo usuário válido" line="9">
<kw name="Create Unauthorized Session" owner="keywords">
<kw name="Create Session" owner="RequestsLibrary">
<msg time="2025-10-31T11:01:54.515316" level="INFO">Creating Session using : alias=api, url=http://localhost:5000/api/v1, headers={'Content-Type': 'application/json'},                     cookies={}, auth=None, timeout=None, proxies=None, verify=False,                     debug=0 </msg>
<arg>api</arg>
<arg>${BASE_URL}</arg>
<arg>headers={"Content-Type": "application/json"}</arg>
<doc>Create Session: create a HTTP session to a server</doc>
<status status="PASS" start="2025-10-31T11:01:54.515140" elapsed="0.000308"/>
</kw>
<status status="PASS" start="2025-10-31T11:01:54.514673" elapsed="0.000830"/>
</kw>
<kw name="Generate Random String" owner="String">
<msg time="2025-10-31T11:01:54.515810" level="INFO">${random_suffix} = lquyx</msg>
<var>${random_suffix}</var>
<arg>5</arg>
<arg>[LOWER]</arg>
<doc>Generates a string with a desired ``length`` from the given ``chars``.</doc>
<status status="PASS" start="2025-10-31T11:01:54.515652" elapsed="0.000173"/>
</kw>
<kw name="Set Variable" owner="BuiltIn">
<msg time="2025-10-31T11:01:54.516036" level="INFO">${new_email} = testuserlquyx@mail.com</msg>
<var>${new_email}</var>
<arg>${NEW_USER_EMAIL_PREFIX}${random_suffix}@mail.com</arg>
<doc>Returns the given values which can then be assigned to a variables.</doc>
<status status="PASS" start="2025-10-31T11:01:54.515917" elapsed="0.000131"/>
</kw>
<kw name="Create Dictionary" owner="BuiltIn">
<msg time="2025-10-31T11:01:54.516323" level="INFO">${body} = {'email': 'testuserlquyx@mail.com', 'password': '123456', 'name': 'Test User'}</msg>
<var>${body}</var>
<arg>email=${new_email}</arg>
<arg>password=123456</arg>
<arg>name=Test User</arg>
<doc>Creates and returns a dictionary based on the given ``items``.</doc>
<status status="PASS" start="2025-10-31T11:01:54.516136" elapsed="0.000200"/>
</kw>
<kw name="POST On Session" owner="RequestsLibrary">
<msg time="2025-10-31T11:01:54.577730" level="INFO">POST Request : url=http://localhost:5000/api/v1/auth/register 
 path_url=/api/v1/auth/register 
 headers={'User-Agent': 'python-requests/2.32.4', 'Accept-Encoding': 'gzip, deflate, br', 'Accept': '*/*', 'Connection': 'keep-alive', 'Content-Type': 'application/json', 'Content-Length': '78'} 
 body=b'{"email": "testuserlquyx@mail.com", "password": "123456", "name": "Test User"}' 
 </msg>
<msg time="2025-10-31T11:01:54.577809" level="INFO">POST Response : url=http://localhost:5000/api/v1/auth/register 
 status=201, reason=Created 
 headers={'X-Powered-By': 'Express', 'Access-Control-Allow-Origin': '*', 'Content-Type': 'application/json; charset=utf-8', 'Content-Length': '306', 'ETag': 'W/"132-T/tyQLwRCrAGISGXXz6dzYc6VcY"', 'Date': 'Fri, 31 Oct 2025 15:01:54 GMT', 'Connection': 'keep-alive', 'Keep-Alive': 'timeout=5'} 
 body={"success":true,"data":{"_id":"6904cf625154fb18bf34d606","name":"Test User","email":"testuserlquyx@mail.com","role":"user","token":"eyJhbGciOiJIUzI1NiIsInR5cCI6IkpXVCJ9.eyJpZCI6IjY5MDRjZjYyNTE1NGZiMThiZjM0ZDYwNiIsImlhdCI6MTc2MTkyMjkxNCwiZXhwIjoxNzYyMDA5MzE0fQ.wiCiMTEDzVNsIsQCUgeYSsWjXinci-eBz2PAGNGccyY"}} 
 </msg>
<msg time="2025-10-31T11:01:54.577915" level="INFO">${response} = &lt;Response [201]&gt;</msg>
<var>${response}</var>
<arg>api</arg>
<arg>/auth/register</arg>
<arg>json=${body}</arg>
<doc>Sends a POST request on a previously created HTTP Session.</doc>
<status status="PASS" start="2025-10-31T11:01:54.516423" elapsed="0.061508"/>
</kw>
<kw name="Validate 201 Created Response" owner="keywords">
<kw name="Should Be Equal As Integers" owner="BuiltIn">
<msg time="2025-10-31T11:01:54.578738" level="INFO">Argument types are:
&lt;class 'int'&gt;
&lt;class 'str'&gt;</msg>
<arg>${response.status_code}</arg>
<arg>201</arg>
<doc>Fails if objects are unequal after converting them to integers.</doc>
<status status="PASS" start="2025-10-31T11:01:54.578388" elapsed="0.000392"/>
</kw>
<kw name="Log To Console" owner="BuiltIn">
<arg>🟢 Status 201 Created validado.</arg>
<doc>Logs the given message to the console.</doc>
<status status="PASS" start="2025-10-31T11:01:54.578864" elapsed="0.000081"/>
</kw>
<arg>${response}</arg>
<status status="PASS" start="2025-10-31T11:01:54.578135" elapsed="0.000848"/>
</kw>
<kw name="Run Keywords" owner="BuiltIn" type="TEARDOWN">
<kw name="Full Cleanup Teardown" owner="keywords">
<kw name="Run Keywords" owner="BuiltIn">
<kw name="Delete Resource By ID" owner="keywords">
<kw name="Run Keyword If" owner="BuiltIn">
<arg>'${resource_id}' != 'None' and '${TOKEN_ADMIN}' != 'None'</arg>
<arg>Run Keywords</arg>
<arg>Create Authorized Session</arg>
<arg>${TOKEN_ADMIN}</arg>
<arg>AND</arg>
<arg>DELETE On Session</arg>
<arg>api</arg>
<arg>${endpoint}${resource_id}</arg>
<arg>expected_status=any</arg>
<doc>Runs the given keyword with the given arguments, if ``condition`` is true.</doc>
<status status="PASS" start="2025-10-31T11:01:54.579738" elapsed="0.000117"/>
</kw>
<arg>${CREATED_RESERVATION_ID}</arg>
<arg>/reservations/</arg>
<status status="PASS" start="2025-10-31T11:01:54.579538" elapsed="0.000376"/>
</kw>
<kw name="Delete Resource By ID" owner="keywords">
<kw name="Run Keyword If" owner="BuiltIn">
<arg>'${resource_id}' != 'None' and '${TOKEN_ADMIN}' != 'None'</arg>
<arg>Run Keywords</arg>
<arg>Create Authorized Session</arg>
<arg>${TOKEN_ADMIN}</arg>
<arg>AND</arg>
<arg>DELETE On Session</arg>
<arg>api</arg>
<arg>${endpoint}${resource_id}</arg>
<arg>expected_status=any</arg>
<doc>Runs the given keyword with the given arguments, if ``condition`` is true.</doc>
<status status="PASS" start="2025-10-31T11:01:54.580177" elapsed="0.000101"/>
</kw>
<arg>${CREATED_SESSION_ID}</arg>
<arg>/sessions/</arg>
<status status="PASS" start="2025-10-31T11:01:54.579998" elapsed="0.000323"/>
</kw>
<kw name="Delete Resource By ID" owner="keywords">
<kw name="Run Keyword If" owner="BuiltIn">
<arg>'${resource_id}' != 'None' and '${TOKEN_ADMIN}' != 'None'</arg>
<arg>Run Keywords</arg>
<arg>Create Authorized Session</arg>
<arg>${TOKEN_ADMIN}</arg>
<arg>AND</arg>
<arg>DELETE On Session</arg>
<arg>api</arg>
<arg>${endpoint}${resource_id}</arg>
<arg>expected_status=any</arg>
<doc>Runs the given keyword with the given arguments, if ``condition`` is true.</doc>
<status status="PASS" start="2025-10-31T11:01:54.580567" elapsed="0.000093"/>
</kw>
<arg>${CREATED_MOVIE_ID}</arg>
<arg>/movies/</arg>
<status status="PASS" start="2025-10-31T11:01:54.580396" elapsed="0.000309"/>
</kw>
<kw name="Delete Resource By ID" owner="keywords">
<kw name="Run Keyword If" owner="BuiltIn">
<arg>'${resource_id}' != 'None' and '${TOKEN_ADMIN}' != 'None'</arg>
<arg>Run Keywords</arg>
<arg>Create Authorized Session</arg>
<arg>${TOKEN_ADMIN}</arg>
<arg>AND</arg>
<arg>DELETE On Session</arg>
<arg>api</arg>
<arg>${endpoint}${resource_id}</arg>
<arg>expected_status=any</arg>
<doc>Runs the given keyword with the given arguments, if ``condition`` is true.</doc>
<status status="PASS" start="2025-10-31T11:01:54.580954" elapsed="0.000090"/>
</kw>
<arg>${CREATED_THEATER_ID}</arg>
<arg>/theaters/</arg>
<status status="PASS" start="2025-10-31T11:01:54.580782" elapsed="0.000303"/>
</kw>
<kw name="Delete Resource By ID" owner="keywords">
<kw name="Run Keyword If" owner="BuiltIn">
<arg>'${resource_id}' != 'None' and '${TOKEN_ADMIN}' != 'None'</arg>
<arg>Run Keywords</arg>
<arg>Create Authorized Session</arg>
<arg>${TOKEN_ADMIN}</arg>
<arg>AND</arg>
<arg>DELETE On Session</arg>
<arg>api</arg>
<arg>${endpoint}${resource_id}</arg>
<arg>expected_status=any</arg>
<doc>Runs the given keyword with the given arguments, if ``condition`` is true.</doc>
<status status="PASS" start="2025-10-31T11:01:54.581338" elapsed="0.000098"/>
</kw>
<arg>${CREATED_USER_ID}</arg>
<arg>/users/</arg>
<status status="PASS" start="2025-10-31T11:01:54.581160" elapsed="0.000353"/>
</kw>
<arg>Delete Resource By ID</arg>
<arg>${CREATED_RESERVATION_ID}</arg>
<arg>/reservations/</arg>
<arg>AND</arg>
<arg>Delete Resource By ID</arg>
<arg>${CREATED_SESSION_ID}</arg>
<arg>/sessions/</arg>
<arg>AND</arg>
<arg>Delete Resource By ID</arg>
<arg>${CREATED_MOVIE_ID}</arg>
<arg>/movies/</arg>
<arg>AND</arg>
<arg>Delete Resource By ID</arg>
<arg>${CREATED_THEATER_ID}</arg>
<arg>/theaters/</arg>
<arg>AND</arg>
<arg>Delete Resource By ID</arg>
<arg>${CREATED_USER_ID}</arg>
<arg>/users/</arg>
<doc>Executes all the given keywords in a sequence.</doc>
<status status="PASS" start="2025-10-31T11:01:54.579391" elapsed="0.002147"/>
</kw>
<status status="PASS" start="2025-10-31T11:01:54.579241" elapsed="0.002344"/>
</kw>
<arg>Full Cleanup Teardown</arg>
<doc>Executes all the given keywords in a sequence.</doc>
<status status="PASS" start="2025-10-31T11:01:54.579118" elapsed="0.002484"/>
</kw>
<status status="PASS" start="2025-10-31T11:01:54.514341" elapsed="0.067302"/>
</test>
<test id="s1-s1-t2" name="CT02 - Registro com e-mail existente (Falha - 400)" line="20">
<kw name="Create Unauthorized Session" owner="keywords">
<kw name="Create Session" owner="RequestsLibrary">
<msg time="2025-10-31T11:01:54.582265" level="INFO">Creating Session using : alias=api, url=http://localhost:5000/api/v1, headers={'Content-Type': 'application/json'},                     cookies={}, auth=None, timeout=None, proxies=None, verify=False,                     debug=0 </msg>
<arg>api</arg>
<arg>${BASE_URL}</arg>
<arg>headers={"Content-Type": "application/json"}</arg>
<doc>Create Session: create a HTTP session to a server</doc>
<status status="PASS" start="2025-10-31T11:01:54.582128" elapsed="0.000235"/>
</kw>
<status status="PASS" start="2025-10-31T11:01:54.582002" elapsed="0.000399"/>
</kw>
<kw name="Create Dictionary" owner="BuiltIn">
<msg time="2025-10-31T11:01:54.582646" level="INFO">${body} = {'email': 'user@example.com', 'password': 'password123', 'name': 'Existing User'}</msg>
<var>${body}</var>
<arg>email=${USER_EMAIL}</arg>
<arg>password=password123</arg>
<arg>name=Existing User</arg>
<doc>Creates and returns a dictionary based on the given ``items``.</doc>
<status status="PASS" start="2025-10-31T11:01:54.582488" elapsed="0.000172"/>
</kw>
<kw name="POST On Session" owner="RequestsLibrary">
<msg time="2025-10-31T11:01:54.585250" level="INFO">POST Request : url=http://localhost:5000/api/v1/auth/register 
 path_url=/api/v1/auth/register 
 headers={'User-Agent': 'python-requests/2.32.4', 'Accept-Encoding': 'gzip, deflate, br', 'Accept': '*/*', 'Connection': 'keep-alive', 'Content-Type': 'application/json', 'Content-Length': '81'} 
 body=b'{"email": "user@example.com", "password": "password123", "name": "Existing User"}' 
 </msg>
<msg time="2025-10-31T11:01:54.585296" level="INFO">POST Response : url=http://localhost:5000/api/v1/auth/register 
 status=400, reason=Bad Request 
 headers={'X-Powered-By': 'Express', 'Access-Control-Allow-Origin': '*', 'Content-Type': 'application/json; charset=utf-8', 'Content-Length': '49', 'ETag': 'W/"31-WKEMg8zALB1Ko0WjUHi/6RBGHVc"', 'Date': 'Fri, 31 Oct 2025 15:01:54 GMT', 'Connection': 'keep-alive', 'Keep-Alive': 'timeout=5'} 
 body={"success":false,"message":"User already exists"} 
 </msg>
<msg time="2025-10-31T11:01:54.585366" level="INFO">${response} = &lt;Response [400]&gt;</msg>
<var>${response}</var>
<arg>api</arg>
<arg>/auth/register</arg>
<arg>json=${body}</arg>
<arg>expected_status=any</arg>
<doc>Sends a POST request on a previously created HTTP Session.</doc>
<status status="PASS" start="2025-10-31T11:01:54.582751" elapsed="0.002629"/>
</kw>
<kw name="Validate 400 Bad Request Response" owner="keywords">
<kw name="Should Be Equal As Integers" owner="BuiltIn">
<msg time="2025-10-31T11:01:54.586044" level="INFO">Argument types are:
&lt;class 'int'&gt;
&lt;class 'str'&gt;</msg>
<arg>${response.status_code}</arg>
<arg>400</arg>
<doc>Fails if objects are unequal after converting them to integers.</doc>
<status status="PASS" start="2025-10-31T11:01:54.585737" elapsed="0.000345"/>
</kw>
<kw name="Log To Console" owner="BuiltIn">
<arg>🟠 Status 400 Bad Request validado.</arg>
<doc>Logs the given message to the console.</doc>
<status status="PASS" start="2025-10-31T11:01:54.586158" elapsed="0.000076"/>
</kw>
<arg>${response}</arg>
<status status="PASS" start="2025-10-31T11:01:54.585531" elapsed="0.000737"/>
</kw>
<kw name="Run Keywords" owner="BuiltIn" type="TEARDOWN">
<kw name="Full Cleanup Teardown" owner="keywords">
<kw name="Run Keywords" owner="BuiltIn">
<kw name="Delete Resource By ID" owner="keywords">
<kw name="Run Keyword If" owner="BuiltIn">
<arg>'${resource_id}' != 'None' and '${TOKEN_ADMIN}' != 'None'</arg>
<arg>Run Keywords</arg>
<arg>Create Authorized Session</arg>
<arg>${TOKEN_ADMIN}</arg>
<arg>AND</arg>
<arg>DELETE On Session</arg>
<arg>api</arg>
<arg>${endpoint}${resource_id}</arg>
<arg>expected_status=any</arg>
<doc>Runs the given keyword with the given arguments, if ``condition`` is true.</doc>
<status status="PASS" start="2025-10-31T11:01:54.587021" elapsed="0.000107"/>
</kw>
<arg>${CREATED_RESERVATION_ID}</arg>
<arg>/reservations/</arg>
<status status="PASS" start="2025-10-31T11:01:54.586748" elapsed="0.000423"/>
</kw>
<kw name="Delete Resource By ID" owner="keywords">
<kw name="Run Keyword If" owner="BuiltIn">
<arg>'${resource_id}' != 'None' and '${TOKEN_ADMIN}' != 'None'</arg>
<arg>Run Keywords</arg>
<arg>Create Authorized Session</arg>
<arg>${TOKEN_ADMIN}</arg>
<arg>AND</arg>
<arg>DELETE On Session</arg>
<arg>api</arg>
<arg>${endpoint}${resource_id}</arg>
<arg>expected_status=any</arg>
<doc>Runs the given keyword with the given arguments, if ``condition`` is true.</doc>
<status status="PASS" start="2025-10-31T11:01:54.587432" elapsed="0.000106"/>
</kw>
<arg>${CREATED_SESSION_ID}</arg>
<arg>/sessions/</arg>
<status status="PASS" start="2025-10-31T11:01:54.587249" elapsed="0.000335"/>
</kw>
<kw name="Delete Resource By ID" owner="keywords">
<kw name="Run Keyword If" owner="BuiltIn">
<arg>'${resource_id}' != 'None' and '${TOKEN_ADMIN}' != 'None'</arg>
<arg>Run Keywords</arg>
<arg>Create Authorized Session</arg>
<arg>${TOKEN_ADMIN}</arg>
<arg>AND</arg>
<arg>DELETE On Session</arg>
<arg>api</arg>
<arg>${endpoint}${resource_id}</arg>
<arg>expected_status=any</arg>
<doc>Runs the given keyword with the given arguments, if ``condition`` is true.</doc>
<status status="PASS" start="2025-10-31T11:01:54.587844" elapsed="0.000093"/>
</kw>
<arg>${CREATED_MOVIE_ID}</arg>
<arg>/movies/</arg>
<status status="PASS" start="2025-10-31T11:01:54.587663" elapsed="0.000316"/>
</kw>
<kw name="Delete Resource By ID" owner="keywords">
<kw name="Run Keyword If" owner="BuiltIn">
<arg>'${resource_id}' != 'None' and '${TOKEN_ADMIN}' != 'None'</arg>
<arg>Run Keywords</arg>
<arg>Create Authorized Session</arg>
<arg>${TOKEN_ADMIN}</arg>
<arg>AND</arg>
<arg>DELETE On Session</arg>
<arg>api</arg>
<arg>${endpoint}${resource_id}</arg>
<arg>expected_status=any</arg>
<doc>Runs the given keyword with the given arguments, if ``condition`` is true.</doc>
<status status="PASS" start="2025-10-31T11:01:54.588223" elapsed="0.000091"/>
</kw>
<arg>${CREATED_THEATER_ID}</arg>
<arg>/theaters/</arg>
<status status="PASS" start="2025-10-31T11:01:54.588054" elapsed="0.000301"/>
</kw>
<kw name="Delete Resource By ID" owner="keywords">
<kw name="Run Keyword If" owner="BuiltIn">
<arg>'${resource_id}' != 'None' and '${TOKEN_ADMIN}' != 'None'</arg>
<arg>Run Keywords</arg>
<arg>Create Authorized Session</arg>
<arg>${TOKEN_ADMIN}</arg>
<arg>AND</arg>
<arg>DELETE On Session</arg>
<arg>api</arg>
<arg>${endpoint}${resource_id}</arg>
<arg>expected_status=any</arg>
<doc>Runs the given keyword with the given arguments, if ``condition`` is true.</doc>
<status status="PASS" start="2025-10-31T11:01:54.588592" elapsed="0.000089"/>
</kw>
<arg>${CREATED_USER_ID}</arg>
<arg>/users/</arg>
<status status="PASS" start="2025-10-31T11:01:54.588429" elapsed="0.000295"/>
</kw>
<arg>Delete Resource By ID</arg>
<arg>${CREATED_RESERVATION_ID}</arg>
<arg>/reservations/</arg>
<arg>AND</arg>
<arg>Delete Resource By ID</arg>
<arg>${CREATED_SESSION_ID}</arg>
<arg>/sessions/</arg>
<arg>AND</arg>
<arg>Delete Resource By ID</arg>
<arg>${CREATED_MOVIE_ID}</arg>
<arg>/movies/</arg>
<arg>AND</arg>
<arg>Delete Resource By ID</arg>
<arg>${CREATED_THEATER_ID}</arg>
<arg>/theaters/</arg>
<arg>AND</arg>
<arg>Delete Resource By ID</arg>
<arg>${CREATED_USER_ID}</arg>
<arg>/users/</arg>
<doc>Executes all the given keywords in a sequence.</doc>
<status status="PASS" start="2025-10-31T11:01:54.586652" elapsed="0.002132"/>
</kw>
<status status="PASS" start="2025-10-31T11:01:54.586504" elapsed="0.002331"/>
</kw>
<arg>Full Cleanup Teardown</arg>
<doc>Executes all the given keywords in a sequence.</doc>
<status status="PASS" start="2025-10-31T11:01:54.586392" elapsed="0.002460"/>
</kw>
<doc>Tenta registrar um usuário já existente, deve retornar 400 Bad Request</doc>
<status status="PASS" start="2025-10-31T11:01:54.581767" elapsed="0.007128"/>
</test>
<test id="s1-s1-t3" name="CT03 - Login de sucesso (Admin - 200)" line="27">
<kw name="Login As Admin" owner="keywords">
<kw name="Get Admin Token Manual" owner="admin_token_helper">
<msg time="2025-10-31T11:01:54.593863" level="INFO">${token} = Bearer eyJhbGciOiJIUzI1NiIsInR5cCI6IkpXVCJ9.eyJpZCI6IjY5MDRjZTViZDZlNmRhMWUzMGM2MWRjOCIsImlhdCI6MTc2MTkyMjkxNCwiZXhwIjoxNzYxOTI2NTE0fQ.gaXyImMhvyYVbrXVxpU9QwnbTPMBbaHHlluWzhAVEBE</msg>
<var>${token}</var>
<doc>Wrapper simples para ser usado diretamente no Robot Framework.</doc>
<status status="PASS" start="2025-10-31T11:01:54.589366" elapsed="0.004539"/>
</kw>
<kw name="Set Global Variable" owner="BuiltIn">
<msg time="2025-10-31T11:01:54.594363" level="INFO">${TOKEN_ADMIN} = Bearer eyJhbGciOiJIUzI1NiIsInR5cCI6IkpXVCJ9.eyJpZCI6IjY5MDRjZTViZDZlNmRhMWUzMGM2MWRjOCIsImlhdCI6MTc2MTkyMjkxNCwiZXhwIjoxNzYxOTI2NTE0fQ.gaXyImMhvyYVbrXVxpU9QwnbTPMBbaHHlluWzhAVEBE</msg>
<arg>${TOKEN_ADMIN}</arg>
<arg>${token}</arg>
<doc>Makes a variable available globally in all tests and suites.</doc>
<status status="PASS" start="2025-10-31T11:01:54.594080" elapsed="0.000324"/>
</kw>
<kw name="Log To Console" owner="BuiltIn">
<arg>✅ Token Admin Gerado com sucesso (WORKAROUND).</arg>
<doc>Logs the given message to the console.</doc>
<status status="PASS" start="2025-10-31T11:01:54.594517" elapsed="0.000138"/>
</kw>
<status status="PASS" start="2025-10-31T11:01:54.589234" elapsed="0.005494"/>
</kw>
<kw name="Should Not Be Equal" owner="BuiltIn">
<arg>${TOKEN_ADMIN}</arg>
<arg>None</arg>
<doc>Fails if the given objects are equal.</doc>
<status status="PASS" start="2025-10-31T11:01:54.594864" elapsed="0.000165"/>
</kw>
<kw name="Log To Console" owner="BuiltIn">
<arg>✅ Token Admin: ${TOKEN_ADMIN}</arg>
<doc>Logs the given message to the console.</doc>
<status status="PASS" start="2025-10-31T11:01:54.595167" elapsed="0.000159"/>
</kw>
<kw name="Run Keywords" owner="BuiltIn" type="TEARDOWN">
<kw name="Full Cleanup Teardown" owner="keywords">
<kw name="Run Keywords" owner="BuiltIn">
<kw name="Delete Resource By ID" owner="keywords">
<kw name="Run Keyword If" owner="BuiltIn">
<arg>'${resource_id}' != 'None' and '${TOKEN_ADMIN}' != 'None'</arg>
<arg>Run Keywords</arg>
<arg>Create Authorized Session</arg>
<arg>${TOKEN_ADMIN}</arg>
<arg>AND</arg>
<arg>DELETE On Session</arg>
<arg>api</arg>
<arg>${endpoint}${resource_id}</arg>
<arg>expected_status=any</arg>
<doc>Runs the given keyword with the given arguments, if ``condition`` is true.</doc>
<status status="PASS" start="2025-10-31T11:01:54.596518" elapsed="0.000217"/>
</kw>
<arg>${CREATED_RESERVATION_ID}</arg>
<arg>/reservations/</arg>
<status status="PASS" start="2025-10-31T11:01:54.596195" elapsed="0.000625"/>
</kw>
<kw name="Delete Resource By ID" owner="keywords">
<kw name="Run Keyword If" owner="BuiltIn">
<arg>'${resource_id}' != 'None' and '${TOKEN_ADMIN}' != 'None'</arg>
<arg>Run Keywords</arg>
<arg>Create Authorized Session</arg>
<arg>${TOKEN_ADMIN}</arg>
<arg>AND</arg>
<arg>DELETE On Session</arg>
<arg>api</arg>
<arg>${endpoint}${resource_id}</arg>
<arg>expected_status=any</arg>
<doc>Runs the given keyword with the given arguments, if ``condition`` is true.</doc>
<status status="PASS" start="2025-10-31T11:01:54.597283" elapsed="0.000179"/>
</kw>
<arg>${CREATED_SESSION_ID}</arg>
<arg>/sessions/</arg>
<status status="PASS" start="2025-10-31T11:01:54.596963" elapsed="0.000575"/>
</kw>
<kw name="Delete Resource By ID" owner="keywords">
<kw name="Run Keyword If" owner="BuiltIn">
<arg>'${resource_id}' != 'None' and '${TOKEN_ADMIN}' != 'None'</arg>
<arg>Run Keywords</arg>
<arg>Create Authorized Session</arg>
<arg>${TOKEN_ADMIN}</arg>
<arg>AND</arg>
<arg>DELETE On Session</arg>
<arg>api</arg>
<arg>${endpoint}${resource_id}</arg>
<arg>expected_status=any</arg>
<doc>Runs the given keyword with the given arguments, if ``condition`` is true.</doc>
<status status="PASS" start="2025-10-31T11:01:54.597984" elapsed="0.000178"/>
</kw>
<arg>${CREATED_MOVIE_ID}</arg>
<arg>/movies/</arg>
<status status="PASS" start="2025-10-31T11:01:54.597669" elapsed="0.000567"/>
</kw>
<kw name="Delete Resource By ID" owner="keywords">
<kw name="Run Keyword If" owner="BuiltIn">
<arg>'${resource_id}' != 'None' and '${TOKEN_ADMIN}' != 'None'</arg>
<arg>Run Keywords</arg>
<arg>Create Authorized Session</arg>
<arg>${TOKEN_ADMIN}</arg>
<arg>AND</arg>
<arg>DELETE On Session</arg>
<arg>api</arg>
<arg>${endpoint}${resource_id}</arg>
<arg>expected_status=any</arg>
<doc>Runs the given keyword with the given arguments, if ``condition`` is true.</doc>
<status status="PASS" start="2025-10-31T11:01:54.598671" elapsed="0.000175"/>
</kw>
<arg>${CREATED_THEATER_ID}</arg>
<arg>/theaters/</arg>
<status status="PASS" start="2025-10-31T11:01:54.598368" elapsed="0.000554"/>
</kw>
<kw name="Delete Resource By ID" owner="keywords">
<kw name="Run Keyword If" owner="BuiltIn">
<arg>'${resource_id}' != 'None' and '${TOKEN_ADMIN}' != 'None'</arg>
<arg>Run Keywords</arg>
<arg>Create Authorized Session</arg>
<arg>${TOKEN_ADMIN}</arg>
<arg>AND</arg>
<arg>DELETE On Session</arg>
<arg>api</arg>
<arg>${endpoint}${resource_id}</arg>
<arg>expected_status=any</arg>
<doc>Runs the given keyword with the given arguments, if ``condition`` is true.</doc>
<status status="PASS" start="2025-10-31T11:01:54.599356" elapsed="0.000263"/>
</kw>
<arg>${CREATED_USER_ID}</arg>
<arg>/users/</arg>
<status status="PASS" start="2025-10-31T11:01:54.599050" elapsed="0.000644"/>
</kw>
<arg>Delete Resource By ID</arg>
<arg>${CREATED_RESERVATION_ID}</arg>
<arg>/reservations/</arg>
<arg>AND</arg>
<arg>Delete Resource By ID</arg>
<arg>${CREATED_SESSION_ID}</arg>
<arg>/sessions/</arg>
<arg>AND</arg>
<arg>Delete Resource By ID</arg>
<arg>${CREATED_MOVIE_ID}</arg>
<arg>/movies/</arg>
<arg>AND</arg>
<arg>Delete Resource By ID</arg>
<arg>${CREATED_THEATER_ID}</arg>
<arg>/theaters/</arg>
<arg>AND</arg>
<arg>Delete Resource By ID</arg>
<arg>${CREATED_USER_ID}</arg>
<arg>/users/</arg>
<doc>Executes all the given keywords in a sequence.</doc>
<status status="PASS" start="2025-10-31T11:01:54.596012" elapsed="0.003734"/>
</kw>
<status status="PASS" start="2025-10-31T11:01:54.595738" elapsed="0.004093"/>
</kw>
<arg>Full Cleanup Teardown</arg>
<doc>Executes all the given keywords in a sequence.</doc>
<status status="PASS" start="2025-10-31T11:01:54.595546" elapsed="0.004320"/>
</kw>
<doc>Login com credenciais do Admin</doc>
<status status="PASS" start="2025-10-31T11:01:54.589016" elapsed="0.010918"/>
</test>
<test id="s1-s1-t4" name="CT04 - Login de sucesso (Usuário - 200)" line="33">
<kw name="Login As User" owner="keywords">
<kw name="Create Session" owner="RequestsLibrary">
<msg time="2025-10-31T11:01:54.600952" level="INFO">Creating Session using : alias=api, url=http://localhost:5000/api/v1, headers={},                     cookies={}, auth=None, timeout=None, proxies=None, verify=False,                     debug=0 </msg>
<arg>api</arg>
<arg>${BASE_URL}</arg>
<doc>Create Session: create a HTTP session to a server</doc>
<status status="PASS" start="2025-10-31T11:01:54.600808" elapsed="0.000316"/>
</kw>
<kw name="Create Dictionary" owner="BuiltIn">
<msg time="2025-10-31T11:01:54.601610" level="INFO">${body} = {'email': 'user@example.com', 'password': 'password123'}</msg>
<var>${body}</var>
<arg>email=${USER_EMAIL}</arg>
<arg>password=${USER_PASSWORD}</arg>
<doc>Creates and returns a dictionary based on the given ``items``.</doc>
<status status="PASS" start="2025-10-31T11:01:54.601318" elapsed="0.000316"/>
</kw>
<kw name="POST On Session" owner="RequestsLibrary">
<msg time="2025-10-31T11:01:54.662743" level="INFO">POST Request : url=http://localhost:5000/api/v1/auth/login 
 path_url=/api/v1/auth/login 
 headers={'User-Agent': 'python-requests/2.32.4', 'Accept-Encoding': 'gzip, deflate, br', 'Accept': '*/*', 'Connection': 'keep-alive', 'Content-Length': '56', 'Content-Type': 'application/json'} 
 body=b'{"email": "user@example.com", "password": "password123"}' 
 </msg>
<msg time="2025-10-31T11:01:54.662827" level="INFO">POST Response : url=http://localhost:5000/api/v1/auth/login 
 status=200, reason=OK 
 headers={'X-Powered-By': 'Express', 'Access-Control-Allow-Origin': '*', 'Content-Type': 'application/json; charset=utf-8', 'Content-Length': '303', 'ETag': 'W/"12f-0r2uLMXGIyHiXNhmJaiSYQi+TBs"', 'Date': 'Fri, 31 Oct 2025 15:01:54 GMT', 'Connection': 'keep-alive', 'Keep-Alive': 'timeout=5'} 
 body={"success":true,"data":{"_id":"6904ce5bd6e6da1e30c61dc9","name":"Regular User","email":"user@example.com","role":"user","token":"eyJhbGciOiJIUzI1NiIsInR5cCI6IkpXVCJ9.eyJpZCI6IjY5MDRjZTViZDZlNmRhMWUzMGM2MWRjOSIsImlhdCI6MTc2MTkyMjkxNCwiZXhwIjoxNzYyMDA5MzE0fQ.6n-3nJWvTmjA5_EX27Jbuk0B-dbx7T19bA-id_V6LZw"}} 
 </msg>
<msg time="2025-10-31T11:01:54.662948" level="INFO">${response} = &lt;Response [200]&gt;</msg>
<var>${response}</var>
<arg>api</arg>
<arg>/auth/login</arg>
<arg>json=${body}</arg>
<doc>Sends a POST request on a previously created HTTP Session.</doc>
<status status="PASS" start="2025-10-31T11:01:54.601760" elapsed="0.061207"/>
</kw>
<kw name="Validate 200 OK Response" owner="keywords">
<kw name="Should Be Equal As Integers" owner="BuiltIn">
<msg time="2025-10-31T11:01:54.663775" level="INFO">Argument types are:
&lt;class 'int'&gt;
&lt;class 'str'&gt;</msg>
<arg>${response.status_code}</arg>
<arg>200</arg>
<doc>Fails if objects are unequal after converting them to integers.</doc>
<status status="PASS" start="2025-10-31T11:01:54.663433" elapsed="0.000383"/>
</kw>
<kw name="Log To Console" owner="BuiltIn">
<arg>🟢 Status 200 OK validado.</arg>
<doc>Logs the given message to the console.</doc>
<status status="PASS" start="2025-10-31T11:01:54.663904" elapsed="0.000090"/>
</kw>
<arg>${response}</arg>
<status status="PASS" start="2025-10-31T11:01:54.663189" elapsed="0.000843"/>
</kw>
<kw name="Get From Dictionary" owner="Collections">
<msg time="2025-10-31T11:01:54.664425" level="INFO">${data} = {'_id': '6904ce5bd6e6da1e30c61dc9', 'name': 'Regular User', 'email': 'user@example.com', 'role': 'user', 'token': 'eyJhbGciOiJIUzI1NiIsInR5cCI6IkpXVCJ9.eyJpZCI6IjY5MDRjZTViZDZlNmRhMWUzMGM2MWRjOSIsImlh...</msg>
<var>${data}</var>
<arg>${response.json()}</arg>
<arg>data</arg>
<doc>Returns a value from the given ``dictionary`` based on the given ``key``.</doc>
<status status="PASS" start="2025-10-31T11:01:54.664096" elapsed="0.000343"/>
</kw>
<kw name="Get From Dictionary" owner="Collections">
<msg time="2025-10-31T11:01:54.664602" level="INFO">${token} = eyJhbGciOiJIUzI1NiIsInR5cCI6IkpXVCJ9.eyJpZCI6IjY5MDRjZTViZDZlNmRhMWUzMGM2MWRjOSIsImlhdCI6MTc2MTkyMjkxNCwiZXhwIjoxNzYyMDA5MzE0fQ.6n-3nJWvTmjA5_EX27Jbuk0B-dbx7T19bA-id_V6LZw</msg>
<var>${token}</var>
<arg>${data}</arg>
<arg>token</arg>
<doc>Returns a value from the given ``dictionary`` based on the given ``key``.</doc>
<status status="PASS" start="2025-10-31T11:01:54.664506" elapsed="0.000108"/>
</kw>
<kw name="Set Global Variable" owner="BuiltIn">
<msg time="2025-10-31T11:01:54.664812" level="INFO">${TOKEN_USER} = eyJhbGciOiJIUzI1NiIsInR5cCI6IkpXVCJ9.eyJpZCI6IjY5MDRjZTViZDZlNmRhMWUzMGM2MWRjOSIsImlhdCI6MTc2MTkyMjkxNCwiZXhwIjoxNzYyMDA5MzE0fQ.6n-3nJWvTmjA5_EX27Jbuk0B-dbx7T19bA-id_V6LZw</msg>
<arg>${TOKEN_USER}</arg>
<arg>${token}</arg>
<doc>Makes a variable available globally in all tests and suites.</doc>
<status status="PASS" start="2025-10-31T11:01:54.664679" elapsed="0.000154"/>
</kw>
<kw name="Log To Console" owner="BuiltIn">
<arg>✅ Token User: ${token}</arg>
<doc>Logs the given message to the console.</doc>
<status status="PASS" start="2025-10-31T11:01:54.664892" elapsed="0.000088"/>
</kw>
<status status="PASS" start="2025-10-31T11:01:54.600562" elapsed="0.064452"/>
</kw>
<kw name="Should Not Be Equal" owner="BuiltIn">
<arg>${TOKEN_USER}</arg>
<arg>None</arg>
<doc>Fails if the given objects are equal.</doc>
<status status="PASS" start="2025-10-31T11:01:54.665093" elapsed="0.000102"/>
</kw>
<kw name="Log To Console" owner="BuiltIn">
<arg>✅ Token User: ${TOKEN_USER}</arg>
<doc>Logs the given message to the console.</doc>
<status status="PASS" start="2025-10-31T11:01:54.665278" elapsed="0.000089"/>
</kw>
<kw name="Run Keywords" owner="BuiltIn" type="TEARDOWN">
<kw name="Full Cleanup Teardown" owner="keywords">
<kw name="Run Keywords" owner="BuiltIn">
<kw name="Delete Resource By ID" owner="keywords">
<kw name="Run Keyword If" owner="BuiltIn">
<arg>'${resource_id}' != 'None' and '${TOKEN_ADMIN}' != 'None'</arg>
<arg>Run Keywords</arg>
<arg>Create Authorized Session</arg>
<arg>${TOKEN_ADMIN}</arg>
<arg>AND</arg>
<arg>DELETE On Session</arg>
<arg>api</arg>
<arg>${endpoint}${resource_id}</arg>
<arg>expected_status=any</arg>
<doc>Runs the given keyword with the given arguments, if ``condition`` is true.</doc>
<status status="PASS" start="2025-10-31T11:01:54.666027" elapsed="0.000106"/>
</kw>
<arg>${CREATED_RESERVATION_ID}</arg>
<arg>/reservations/</arg>
<status status="PASS" start="2025-10-31T11:01:54.665846" elapsed="0.000331"/>
</kw>
<kw name="Delete Resource By ID" owner="keywords">
<kw name="Run Keyword If" owner="BuiltIn">
<arg>'${resource_id}' != 'None' and '${TOKEN_ADMIN}' != 'None'</arg>
<arg>Run Keywords</arg>
<arg>Create Authorized Session</arg>
<arg>${TOKEN_ADMIN}</arg>
<arg>AND</arg>
<arg>DELETE On Session</arg>
<arg>api</arg>
<arg>${endpoint}${resource_id}</arg>
<arg>expected_status=any</arg>
<doc>Runs the given keyword with the given arguments, if ``condition`` is true.</doc>
<status status="PASS" start="2025-10-31T11:01:54.666427" elapsed="0.000190"/>
</kw>
<arg>${CREATED_SESSION_ID}</arg>
<arg>/sessions/</arg>
<status status="PASS" start="2025-10-31T11:01:54.666252" elapsed="0.000411"/>
</kw>
<kw name="Delete Resource By ID" owner="keywords">
<kw name="Run Keyword If" owner="BuiltIn">
<arg>'${resource_id}' != 'None' and '${TOKEN_ADMIN}' != 'None'</arg>
<arg>Run Keywords</arg>
<arg>Create Authorized Session</arg>
<arg>${TOKEN_ADMIN}</arg>
<arg>AND</arg>
<arg>DELETE On Session</arg>
<arg>api</arg>
<arg>${endpoint}${resource_id}</arg>
<arg>expected_status=any</arg>
<doc>Runs the given keyword with the given arguments, if ``condition`` is true.</doc>
<status status="PASS" start="2025-10-31T11:01:54.666930" elapsed="0.000094"/>
</kw>
<arg>${CREATED_MOVIE_ID}</arg>
<arg>/movies/</arg>
<status status="PASS" start="2025-10-31T11:01:54.666751" elapsed="0.000315"/>
</kw>
<kw name="Delete Resource By ID" owner="keywords">
<kw name="Run Keyword If" owner="BuiltIn">
<arg>'${resource_id}' != 'None' and '${TOKEN_ADMIN}' != 'None'</arg>
<arg>Run Keywords</arg>
<arg>Create Authorized Session</arg>
<arg>${TOKEN_ADMIN}</arg>
<arg>AND</arg>
<arg>DELETE On Session</arg>
<arg>api</arg>
<arg>${endpoint}${resource_id}</arg>
<arg>expected_status=any</arg>
<doc>Runs the given keyword with the given arguments, if ``condition`` is true.</doc>
<status status="PASS" start="2025-10-31T11:01:54.667313" elapsed="0.000092"/>
</kw>
<arg>${CREATED_THEATER_ID}</arg>
<arg>/theaters/</arg>
<status status="PASS" start="2025-10-31T11:01:54.667143" elapsed="0.000301"/>
</kw>
<kw name="Delete Resource By ID" owner="keywords">
<kw name="Run Keyword If" owner="BuiltIn">
<arg>'${resource_id}' != 'None' and '${TOKEN_ADMIN}' != 'None'</arg>
<arg>Run Keywords</arg>
<arg>Create Authorized Session</arg>
<arg>${TOKEN_ADMIN}</arg>
<arg>AND</arg>
<arg>DELETE On Session</arg>
<arg>api</arg>
<arg>${endpoint}${resource_id}</arg>
<arg>expected_status=any</arg>
<doc>Runs the given keyword with the given arguments, if ``condition`` is true.</doc>
<status status="PASS" start="2025-10-31T11:01:54.667682" elapsed="0.000098"/>
</kw>
<arg>${CREATED_USER_ID}</arg>
<arg>/users/</arg>
<status status="PASS" start="2025-10-31T11:01:54.667518" elapsed="0.000340"/>
</kw>
<arg>Delete Resource By ID</arg>
<arg>${CREATED_RESERVATION_ID}</arg>
<arg>/reservations/</arg>
<arg>AND</arg>
<arg>Delete Resource By ID</arg>
<arg>${CREATED_SESSION_ID}</arg>
<arg>/sessions/</arg>
<arg>AND</arg>
<arg>Delete Resource By ID</arg>
<arg>${CREATED_MOVIE_ID}</arg>
<arg>/movies/</arg>
<arg>AND</arg>
<arg>Delete Resource By ID</arg>
<arg>${CREATED_THEATER_ID}</arg>
<arg>/theaters/</arg>
<arg>AND</arg>
<arg>Delete Resource By ID</arg>
<arg>${CREATED_USER_ID}</arg>
<arg>/users/</arg>
<doc>Executes all the given keywords in a sequence.</doc>
<status status="PASS" start="2025-10-31T11:01:54.665751" elapsed="0.002131"/>
</kw>
<status status="PASS" start="2025-10-31T11:01:54.665601" elapsed="0.002325"/>
</kw>
<arg>Full Cleanup Teardown</arg>
<doc>Executes all the given keywords in a sequence.</doc>
<status status="PASS" start="2025-10-31T11:01:54.665493" elapsed="0.002450"/>
</kw>
<doc>Login com credenciais do Usuário</doc>
<status status="PASS" start="2025-10-31T11:01:54.600146" elapsed="0.067836"/>
</test>
<test id="s1-s1-t5" name="CT05 - Login inválido retorna 401 (esperado)" line="39">
<kw name="Create Unauthorized Session" owner="keywords">
<kw name="Create Session" owner="RequestsLibrary">
<msg time="2025-10-31T11:01:54.668587" level="INFO">Creating Session using : alias=api, url=http://localhost:5000/api/v1, headers={'Content-Type': 'application/json'},                     cookies={}, auth=None, timeout=None, proxies=None, verify=False,                     debug=0 </msg>
<arg>api</arg>
<arg>${BASE_URL}</arg>
<arg>headers={"Content-Type": "application/json"}</arg>
<doc>Create Session: create a HTTP session to a server</doc>
<status status="PASS" start="2025-10-31T11:01:54.668450" elapsed="0.000238"/>
</kw>
<status status="PASS" start="2025-10-31T11:01:54.668317" elapsed="0.000410"/>
</kw>
<kw name="Create Dictionary" owner="BuiltIn">
<msg time="2025-10-31T11:01:54.668918" level="INFO">${body} = {'email': 'wrong@mail.com', 'password': 'wrong'}</msg>
<var>${body}</var>
<arg>email=wrong@mail.com</arg>
<arg>password=wrong</arg>
<doc>Creates and returns a dictionary based on the given ``items``.</doc>
<status status="PASS" start="2025-10-31T11:01:54.668806" elapsed="0.000124"/>
</kw>
<kw name="POST On Session" owner="RequestsLibrary">
<msg time="2025-10-31T11:01:54.671721" level="INFO">POST Request : url=http://localhost:5000/api/v1/auth/login 
 path_url=/api/v1/auth/login 
 headers={'User-Agent': 'python-requests/2.32.4', 'Accept-Encoding': 'gzip, deflate, br', 'Accept': '*/*', 'Connection': 'keep-alive', 'Content-Type': 'application/json', 'Content-Length': '48'} 
 body=b'{"email": "wrong@mail.com", "password": "wrong"}' 
 </msg>
<msg time="2025-10-31T11:01:54.671773" level="INFO">POST Response : url=http://localhost:5000/api/v1/auth/login 
 status=401, reason=Unauthorized 
 headers={'X-Powered-By': 'Express', 'Access-Control-Allow-Origin': '*', 'Content-Type': 'application/json; charset=utf-8', 'Content-Length': '55', 'ETag': 'W/"37-5uDpJTljPBecOPs/j7OXFdPRcmQ"', 'Date': 'Fri, 31 Oct 2025 15:01:54 GMT', 'Connection': 'keep-alive', 'Keep-Alive': 'timeout=5'} 
 body={"success":false,"message":"Invalid email or password"} 
 </msg>
<msg time="2025-10-31T11:01:54.671857" level="INFO">${response} = &lt;Response [401]&gt;</msg>
<var>${response}</var>
<arg>api</arg>
<arg>/auth/login</arg>
<arg>json=${body}</arg>
<arg>expected_status=any</arg>
<doc>Sends a POST request on a previously created HTTP Session.</doc>
<status status="PASS" start="2025-10-31T11:01:54.669010" elapsed="0.002863"/>
</kw>
<kw name="Validate 401 Unauthorized Response" owner="keywords">
<kw name="Should Be Equal As Integers" owner="BuiltIn">
<msg time="2025-10-31T11:01:54.672555" level="INFO">Argument types are:
&lt;class 'int'&gt;
&lt;class 'str'&gt;</msg>
<arg>${response.status_code}</arg>
<arg>401</arg>
<doc>Fails if objects are unequal after converting them to integers.</doc>
<status status="PASS" start="2025-10-31T11:01:54.672250" elapsed="0.000342"/>
</kw>
<kw name="Log To Console" owner="BuiltIn">
<arg>🔒 Status 401 Unauthorized validado.</arg>
<doc>Logs the given message to the console.</doc>
<status status="PASS" start="2025-10-31T11:01:54.672667" elapsed="0.000085"/>
</kw>
<arg>${response}</arg>
<status status="PASS" start="2025-10-31T11:01:54.672038" elapsed="0.000750"/>
</kw>
<kw name="Run Keywords" owner="BuiltIn" type="TEARDOWN">
<kw name="Full Cleanup Teardown" owner="keywords">
<kw name="Run Keywords" owner="BuiltIn">
<kw name="Delete Resource By ID" owner="keywords">
<kw name="Run Keyword If" owner="BuiltIn">
<arg>'${resource_id}' != 'None' and '${TOKEN_ADMIN}' != 'None'</arg>
<arg>Run Keywords</arg>
<arg>Create Authorized Session</arg>
<arg>${TOKEN_ADMIN}</arg>
<arg>AND</arg>
<arg>DELETE On Session</arg>
<arg>api</arg>
<arg>${endpoint}${resource_id}</arg>
<arg>expected_status=any</arg>
<doc>Runs the given keyword with the given arguments, if ``condition`` is true.</doc>
<status status="PASS" start="2025-10-31T11:01:54.673453" elapsed="0.000109"/>
</kw>
<arg>${CREATED_RESERVATION_ID}</arg>
<arg>/reservations/</arg>
<status status="PASS" start="2025-10-31T11:01:54.673268" elapsed="0.000338"/>
</kw>
<kw name="Delete Resource By ID" owner="keywords">
<kw name="Run Keyword If" owner="BuiltIn">
<arg>'${resource_id}' != 'None' and '${TOKEN_ADMIN}' != 'None'</arg>
<arg>Run Keywords</arg>
<arg>Create Authorized Session</arg>
<arg>${TOKEN_ADMIN}</arg>
<arg>AND</arg>
<arg>DELETE On Session</arg>
<arg>api</arg>
<arg>${endpoint}${resource_id}</arg>
<arg>expected_status=any</arg>
<doc>Runs the given keyword with the given arguments, if ``condition`` is true.</doc>
<status status="PASS" start="2025-10-31T11:01:54.673862" elapsed="0.000097"/>
</kw>
<arg>${CREATED_SESSION_ID}</arg>
<arg>/sessions/</arg>
<status status="PASS" start="2025-10-31T11:01:54.673685" elapsed="0.000314"/>
</kw>
<kw name="Delete Resource By ID" owner="keywords">
<kw name="Run Keyword If" owner="BuiltIn">
<arg>'${resource_id}' != 'None' and '${TOKEN_ADMIN}' != 'None'</arg>
<arg>Run Keywords</arg>
<arg>Create Authorized Session</arg>
<arg>${TOKEN_ADMIN}</arg>
<arg>AND</arg>
<arg>DELETE On Session</arg>
<arg>api</arg>
<arg>${endpoint}${resource_id}</arg>
<arg>expected_status=any</arg>
<doc>Runs the given keyword with the given arguments, if ``condition`` is true.</doc>
<status status="PASS" start="2025-10-31T11:01:54.674244" elapsed="0.000099"/>
</kw>
<arg>${CREATED_MOVIE_ID}</arg>
<arg>/movies/</arg>
<status status="PASS" start="2025-10-31T11:01:54.674073" elapsed="0.000314"/>
</kw>
<kw name="Delete Resource By ID" owner="keywords">
<kw name="Run Keyword If" owner="BuiltIn">
<arg>'${resource_id}' != 'None' and '${TOKEN_ADMIN}' != 'None'</arg>
<arg>Run Keywords</arg>
<arg>Create Authorized Session</arg>
<arg>${TOKEN_ADMIN}</arg>
<arg>AND</arg>
<arg>DELETE On Session</arg>
<arg>api</arg>
<arg>${endpoint}${resource_id}</arg>
<arg>expected_status=any</arg>
<doc>Runs the given keyword with the given arguments, if ``condition`` is true.</doc>
<status status="PASS" start="2025-10-31T11:01:54.674637" elapsed="0.000206"/>
</kw>
<arg>${CREATED_THEATER_ID}</arg>
<arg>/theaters/</arg>
<status status="PASS" start="2025-10-31T11:01:54.674464" elapsed="0.000424"/>
</kw>
<kw name="Delete Resource By ID" owner="keywords">
<kw name="Run Keyword If" owner="BuiltIn">
<arg>'${resource_id}' != 'None' and '${TOKEN_ADMIN}' != 'None'</arg>
<arg>Run Keywords</arg>
<arg>Create Authorized Session</arg>
<arg>${TOKEN_ADMIN}</arg>
<arg>AND</arg>
<arg>DELETE On Session</arg>
<arg>api</arg>
<arg>${endpoint}${resource_id}</arg>
<arg>expected_status=any</arg>
<doc>Runs the given keyword with the given arguments, if ``condition`` is true.</doc>
<status status="PASS" start="2025-10-31T11:01:54.675157" elapsed="0.000097"/>
</kw>
<arg>${CREATED_USER_ID}</arg>
<arg>/users/</arg>
<status status="PASS" start="2025-10-31T11:01:54.674972" elapsed="0.000362"/>
</kw>
<arg>Delete Resource By ID</arg>
<arg>${CREATED_RESERVATION_ID}</arg>
<arg>/reservations/</arg>
<arg>AND</arg>
<arg>Delete Resource By ID</arg>
<arg>${CREATED_SESSION_ID}</arg>
<arg>/sessions/</arg>
<arg>AND</arg>
<arg>Delete Resource By ID</arg>
<arg>${CREATED_MOVIE_ID}</arg>
<arg>/movies/</arg>
<arg>AND</arg>
<arg>Delete Resource By ID</arg>
<arg>${CREATED_THEATER_ID}</arg>
<arg>/theaters/</arg>
<arg>AND</arg>
<arg>Delete Resource By ID</arg>
<arg>${CREATED_USER_ID}</arg>
<arg>/users/</arg>
<doc>Executes all the given keywords in a sequence.</doc>
<status status="PASS" start="2025-10-31T11:01:54.673175" elapsed="0.002183"/>
</kw>
<status status="PASS" start="2025-10-31T11:01:54.673029" elapsed="0.002376"/>
</kw>
<arg>Full Cleanup Teardown</arg>
<doc>Executes all the given keywords in a sequence.</doc>
<status status="PASS" start="2025-10-31T11:01:54.672915" elapsed="0.002507"/>
</kw>
<doc>Tentativa de login com credenciais inválidas</doc>
<status status="PASS" start="2025-10-31T11:01:54.668100" elapsed="0.007363"/>
</test>
<test id="s1-s1-t6" name="CT06 - Acessar perfil autenticado (/auth/me - 200)" line="46">
<kw name="Login As User" owner="keywords">
<kw name="Create Session" owner="RequestsLibrary">
<msg time="2025-10-31T11:01:54.676013" level="INFO">Creating Session using : alias=api, url=http://localhost:5000/api/v1, headers={},                     cookies={}, auth=None, timeout=None, proxies=None, verify=False,                     debug=0 </msg>
<arg>api</arg>
<arg>${BASE_URL}</arg>
<doc>Create Session: create a HTTP session to a server</doc>
<status status="PASS" start="2025-10-31T11:01:54.675933" elapsed="0.000175"/>
</kw>
<kw name="Create Dictionary" owner="BuiltIn">
<msg time="2025-10-31T11:01:54.676339" level="INFO">${body} = {'email': 'user@example.com', 'password': 'password123'}</msg>
<var>${body}</var>
<arg>email=${USER_EMAIL}</arg>
<arg>password=${USER_PASSWORD}</arg>
<doc>Creates and returns a dictionary based on the given ``items``.</doc>
<status status="PASS" start="2025-10-31T11:01:54.676178" elapsed="0.000175"/>
</kw>
<kw name="POST On Session" owner="RequestsLibrary">
<msg time="2025-10-31T11:01:54.735112" level="INFO">POST Request : url=http://localhost:5000/api/v1/auth/login 
 path_url=/api/v1/auth/login 
 headers={'User-Agent': 'python-requests/2.32.4', 'Accept-Encoding': 'gzip, deflate, br', 'Accept': '*/*', 'Connection': 'keep-alive', 'Content-Length': '56', 'Content-Type': 'application/json'} 
 body=b'{"email": "user@example.com", "password": "password123"}' 
 </msg>
<msg time="2025-10-31T11:01:54.735175" level="INFO">POST Response : url=http://localhost:5000/api/v1/auth/login 
 status=200, reason=OK 
 headers={'X-Powered-By': 'Express', 'Access-Control-Allow-Origin': '*', 'Content-Type': 'application/json; charset=utf-8', 'Content-Length': '303', 'ETag': 'W/"12f-0r2uLMXGIyHiXNhmJaiSYQi+TBs"', 'Date': 'Fri, 31 Oct 2025 15:01:54 GMT', 'Connection': 'keep-alive', 'Keep-Alive': 'timeout=5'} 
 body={"success":true,"data":{"_id":"6904ce5bd6e6da1e30c61dc9","name":"Regular User","email":"user@example.com","role":"user","token":"eyJhbGciOiJIUzI1NiIsInR5cCI6IkpXVCJ9.eyJpZCI6IjY5MDRjZTViZDZlNmRhMWUzMGM2MWRjOSIsImlhdCI6MTc2MTkyMjkxNCwiZXhwIjoxNzYyMDA5MzE0fQ.6n-3nJWvTmjA5_EX27Jbuk0B-dbx7T19bA-id_V6LZw"}} 
 </msg>
<msg time="2025-10-31T11:01:54.735269" level="INFO">${response} = &lt;Response [200]&gt;</msg>
<var>${response}</var>
<arg>api</arg>
<arg>/auth/login</arg>
<arg>json=${body}</arg>
<doc>Sends a POST request on a previously created HTTP Session.</doc>
<status status="PASS" start="2025-10-31T11:01:54.676417" elapsed="0.058868"/>
</kw>
<kw name="Validate 200 OK Response" owner="keywords">
<kw name="Should Be Equal As Integers" owner="BuiltIn">
<msg time="2025-10-31T11:01:54.736034" level="INFO">Argument types are:
&lt;class 'int'&gt;
&lt;class 'str'&gt;</msg>
<arg>${response.status_code}</arg>
<arg>200</arg>
<doc>Fails if objects are unequal after converting them to integers.</doc>
<status status="PASS" start="2025-10-31T11:01:54.735714" elapsed="0.000359"/>
</kw>
<kw name="Log To Console" owner="BuiltIn">
<arg>🟢 Status 200 OK validado.</arg>
<doc>Logs the given message to the console.</doc>
<status status="PASS" start="2025-10-31T11:01:54.736149" elapsed="0.000086"/>
</kw>
<arg>${response}</arg>
<status status="PASS" start="2025-10-31T11:01:54.735452" elapsed="0.000819"/>
</kw>
<kw name="Get From Dictionary" owner="Collections">
<msg time="2025-10-31T11:01:54.736651" level="INFO">${data} = {'_id': '6904ce5bd6e6da1e30c61dc9', 'name': 'Regular User', 'email': 'user@example.com', 'role': 'user', 'token': 'eyJhbGciOiJIUzI1NiIsInR5cCI6IkpXVCJ9.eyJpZCI6IjY5MDRjZTViZDZlNmRhMWUzMGM2MWRjOSIsImlh...</msg>
<var>${data}</var>
<arg>${response.json()}</arg>
<arg>data</arg>
<doc>Returns a value from the given ``dictionary`` based on the given ``key``.</doc>
<status status="PASS" start="2025-10-31T11:01:54.736335" elapsed="0.000331"/>
</kw>
<kw name="Get From Dictionary" owner="Collections">
<msg time="2025-10-31T11:01:54.736829" level="INFO">${token} = eyJhbGciOiJIUzI1NiIsInR5cCI6IkpXVCJ9.eyJpZCI6IjY5MDRjZTViZDZlNmRhMWUzMGM2MWRjOSIsImlhdCI6MTc2MTkyMjkxNCwiZXhwIjoxNzYyMDA5MzE0fQ.6n-3nJWvTmjA5_EX27Jbuk0B-dbx7T19bA-id_V6LZw</msg>
<var>${token}</var>
<arg>${data}</arg>
<arg>token</arg>
<doc>Returns a value from the given ``dictionary`` based on the given ``key``.</doc>
<status status="PASS" start="2025-10-31T11:01:54.736737" elapsed="0.000105"/>
</kw>
<kw name="Set Global Variable" owner="BuiltIn">
<msg time="2025-10-31T11:01:54.737033" level="INFO">${TOKEN_USER} = eyJhbGciOiJIUzI1NiIsInR5cCI6IkpXVCJ9.eyJpZCI6IjY5MDRjZTViZDZlNmRhMWUzMGM2MWRjOSIsImlhdCI6MTc2MTkyMjkxNCwiZXhwIjoxNzYyMDA5MzE0fQ.6n-3nJWvTmjA5_EX27Jbuk0B-dbx7T19bA-id_V6LZw</msg>
<arg>${TOKEN_USER}</arg>
<arg>${token}</arg>
<doc>Makes a variable available globally in all tests and suites.</doc>
<status status="PASS" start="2025-10-31T11:01:54.736907" elapsed="0.000146"/>
</kw>
<kw name="Log To Console" owner="BuiltIn">
<arg>✅ Token User: ${token}</arg>
<doc>Logs the given message to the console.</doc>
<status status="PASS" start="2025-10-31T11:01:54.737110" elapsed="0.000087"/>
</kw>
<status status="PASS" start="2025-10-31T11:01:54.675805" elapsed="0.061427"/>
</kw>
<kw name="Create Authorized Session" owner="keywords">
<kw name="Catenate" owner="BuiltIn">
<msg time="2025-10-31T11:01:54.737606" level="INFO">${auth_header} = BearereyJhbGciOiJIUzI1NiIsInR5cCI6IkpXVCJ9.eyJpZCI6IjY5MDRjZTViZDZlNmRhMWUzMGM2MWRjOSIsImlhdCI6MTc2MTkyMjkxNCwiZXhwIjoxNzYyMDA5MzE0fQ.6n-3nJWvTmjA5_EX27Jbuk0B-dbx7T19bA-id_V6LZw</msg>
<var>${auth_header}</var>
<arg>SEPARATOR=</arg>
<arg>Bearer</arg>
<arg>${token}</arg>
<doc>Catenates the given items together and returns the resulted string.</doc>
<status status="PASS" start="2025-10-31T11:01:54.737501" elapsed="0.000119"/>
</kw>
<kw name="Create Session" owner="RequestsLibrary">
<msg time="2025-10-31T11:01:54.737854" level="INFO">Creating Session using : alias=api, url=http://localhost:5000/api/v1, headers={'Authorization': 'BearereyJhbGciOiJIUzI1NiIsInR5cCI6IkpXVCJ9.eyJpZCI6IjY5MDRjZTViZDZlNmRhMWUzMGM2MWRjOSIsImlhdCI6MTc2MTkyMjkxNCwiZXhwIjoxNzYyMDA5MzE0fQ.6n-3nJWvTmjA5_EX27Jbuk0B-dbx7T19bA-id_V6LZw', 'Content-Type': 'application/json'},                     cookies={}, auth=None, timeout=None, proxies=None, verify=False,                     debug=0 </msg>
<arg>api</arg>
<arg>${BASE_URL}</arg>
<arg>headers={"Authorization": "${auth_header}", "Content-Type": "application/json"}</arg>
<doc>Create Session: create a HTTP session to a server</doc>
<status status="PASS" start="2025-10-31T11:01:54.737687" elapsed="0.000270"/>
</kw>
<arg>${TOKEN_USER}</arg>
<status status="PASS" start="2025-10-31T11:01:54.737333" elapsed="0.000662"/>
</kw>
<kw name="GET On Session" owner="RequestsLibrary">
<msg time="2025-10-31T11:01:54.739433" level="INFO">GET Request : url=http://localhost:5000/api/v1/auth/me 
 path_url=/api/v1/auth/me 
 headers={'User-Agent': 'python-requests/2.32.4', 'Accept-Encoding': 'gzip, deflate, br', 'Accept': '*/*', 'Connection': 'keep-alive', 'Authorization': 'BearereyJhbGciOiJIUzI1NiIsInR5cCI6IkpXVCJ9.eyJpZCI6IjY5MDRjZTViZDZlNmRhMWUzMGM2MWRjOSIsImlhdCI6MTc2MTkyMjkxNCwiZXhwIjoxNzYyMDA5MzE0fQ.6n-3nJWvTmjA5_EX27Jbuk0B-dbx7T19bA-id_V6LZw', 'Content-Type': 'application/json'} 
 body=None 
 </msg>
<msg time="2025-10-31T11:01:54.739518" level="INFO">GET Response : url=http://localhost:5000/api/v1/auth/me 
 status=401, reason=Unauthorized 
 headers={'X-Powered-By': 'Express', 'Access-Control-Allow-Origin': '*', 'Content-Type': 'application/json; charset=utf-8', 'Content-Length': '65', 'ETag': 'W/"41-TJq3LYiwj1On+7IZ17oLU5tM1Zs"', 'Date': 'Fri, 31 Oct 2025 15:01:54 GMT', 'Connection': 'keep-alive', 'Keep-Alive': 'timeout=5'} 
 body={"success":false,"message":"Not authorized to access this route"} 
 </msg>
<msg time="2025-10-31T11:01:54.739584" level="INFO">${response} = &lt;Response [401]&gt;</msg>
<var>${response}</var>
<arg>api</arg>
<arg>/auth/me</arg>
<arg>expected_status=any</arg>
<doc>Sends a GET request on a previously created HTTP Session.</doc>
<status status="PASS" start="2025-10-31T11:01:54.738076" elapsed="0.001521"/>
</kw>
<kw name="Log To Console" owner="BuiltIn">
<arg>🔎 Status: ${response.status_code}</arg>
<doc>Logs the given message to the console.</doc>
<status status="PASS" start="2025-10-31T11:01:54.739712" elapsed="0.000328"/>
</kw>
<kw name="Run Keyword If" owner="BuiltIn">
<kw name="Validate 401 Unauthorized Response" owner="keywords">
<kw name="Should Be Equal As Integers" owner="BuiltIn">
<msg time="2025-10-31T11:01:54.741019" level="INFO">Argument types are:
&lt;class 'int'&gt;
&lt;class 'str'&gt;</msg>
<arg>${response.status_code}</arg>
<arg>401</arg>
<doc>Fails if objects are unequal after converting them to integers.</doc>
<status status="PASS" start="2025-10-31T11:01:54.740768" elapsed="0.000284"/>
</kw>
<kw name="Log To Console" owner="BuiltIn">
<arg>🔒 Status 401 Unauthorized validado.</arg>
<doc>Logs the given message to the console.</doc>
<status status="PASS" start="2025-10-31T11:01:54.741119" elapsed="0.000069"/>
</kw>
<arg>${response}</arg>
<status status="PASS" start="2025-10-31T11:01:54.740593" elapsed="0.000629"/>
</kw>
<arg>'${response.status_code}'=='200'</arg>
<arg>Validate 200 OK Response</arg>
<arg>${response}</arg>
<arg>ELSE</arg>
<arg>Validate 401 Unauthorized Response</arg>
<arg>${response}</arg>
<doc>Runs the given keyword with the given arguments, if ``condition`` is true.</doc>
<status status="PASS" start="2025-10-31T11:01:54.740144" elapsed="0.001101"/>
</kw>
<kw name="Run Keywords" owner="BuiltIn" type="TEARDOWN">
<kw name="Full Cleanup Teardown" owner="keywords">
<kw name="Run Keywords" owner="BuiltIn">
<kw name="Delete Resource By ID" owner="keywords">
<kw name="Run Keyword If" owner="BuiltIn">
<arg>'${resource_id}' != 'None' and '${TOKEN_ADMIN}' != 'None'</arg>
<arg>Run Keywords</arg>
<arg>Create Authorized Session</arg>
<arg>${TOKEN_ADMIN}</arg>
<arg>AND</arg>
<arg>DELETE On Session</arg>
<arg>api</arg>
<arg>${endpoint}${resource_id}</arg>
<arg>expected_status=any</arg>
<doc>Runs the given keyword with the given arguments, if ``condition`` is true.</doc>
<status status="PASS" start="2025-10-31T11:01:54.741910" elapsed="0.000101"/>
</kw>
<arg>${CREATED_RESERVATION_ID}</arg>
<arg>/reservations/</arg>
<status status="PASS" start="2025-10-31T11:01:54.741734" elapsed="0.000319"/>
</kw>
<kw name="Delete Resource By ID" owner="keywords">
<kw name="Run Keyword If" owner="BuiltIn">
<arg>'${resource_id}' != 'None' and '${TOKEN_ADMIN}' != 'None'</arg>
<arg>Run Keywords</arg>
<arg>Create Authorized Session</arg>
<arg>${TOKEN_ADMIN}</arg>
<arg>AND</arg>
<arg>DELETE On Session</arg>
<arg>api</arg>
<arg>${endpoint}${resource_id}</arg>
<arg>expected_status=any</arg>
<doc>Runs the given keyword with the given arguments, if ``condition`` is true.</doc>
<status status="PASS" start="2025-10-31T11:01:54.742298" elapsed="0.000097"/>
</kw>
<arg>${CREATED_SESSION_ID}</arg>
<arg>/sessions/</arg>
<status status="PASS" start="2025-10-31T11:01:54.742130" elapsed="0.000306"/>
</kw>
<kw name="Delete Resource By ID" owner="keywords">
<kw name="Run Keyword If" owner="BuiltIn">
<arg>'${resource_id}' != 'None' and '${TOKEN_ADMIN}' != 'None'</arg>
<arg>Run Keywords</arg>
<arg>Create Authorized Session</arg>
<arg>${TOKEN_ADMIN}</arg>
<arg>AND</arg>
<arg>DELETE On Session</arg>
<arg>api</arg>
<arg>${endpoint}${resource_id}</arg>
<arg>expected_status=any</arg>
<doc>Runs the given keyword with the given arguments, if ``condition`` is true.</doc>
<status status="PASS" start="2025-10-31T11:01:54.742675" elapsed="0.000099"/>
</kw>
<arg>${CREATED_MOVIE_ID}</arg>
<arg>/movies/</arg>
<status status="PASS" start="2025-10-31T11:01:54.742510" elapsed="0.000305"/>
</kw>
<kw name="Delete Resource By ID" owner="keywords">
<kw name="Run Keyword If" owner="BuiltIn">
<arg>'${resource_id}' != 'None' and '${TOKEN_ADMIN}' != 'None'</arg>
<arg>Run Keywords</arg>
<arg>Create Authorized Session</arg>
<arg>${TOKEN_ADMIN}</arg>
<arg>AND</arg>
<arg>DELETE On Session</arg>
<arg>api</arg>
<arg>${endpoint}${resource_id}</arg>
<arg>expected_status=any</arg>
<doc>Runs the given keyword with the given arguments, if ``condition`` is true.</doc>
<status status="PASS" start="2025-10-31T11:01:54.743054" elapsed="0.000092"/>
</kw>
<arg>${CREATED_THEATER_ID}</arg>
<arg>/theaters/</arg>
<status status="PASS" start="2025-10-31T11:01:54.742889" elapsed="0.000296"/>
</kw>
<kw name="Delete Resource By ID" owner="keywords">
<kw name="Run Keyword If" owner="BuiltIn">
<arg>'${resource_id}' != 'None' and '${TOKEN_ADMIN}' != 'None'</arg>
<arg>Run Keywords</arg>
<arg>Create Authorized Session</arg>
<arg>${TOKEN_ADMIN}</arg>
<arg>AND</arg>
<arg>DELETE On Session</arg>
<arg>api</arg>
<arg>${endpoint}${resource_id}</arg>
<arg>expected_status=any</arg>
<doc>Runs the given keyword with the given arguments, if ``condition`` is true.</doc>
<status status="PASS" start="2025-10-31T11:01:54.743428" elapsed="0.000096"/>
</kw>
<arg>${CREATED_USER_ID}</arg>
<arg>/users/</arg>
<status status="PASS" start="2025-10-31T11:01:54.743258" elapsed="0.000311"/>
</kw>
<arg>Delete Resource By ID</arg>
<arg>${CREATED_RESERVATION_ID}</arg>
<arg>/reservations/</arg>
<arg>AND</arg>
<arg>Delete Resource By ID</arg>
<arg>${CREATED_SESSION_ID}</arg>
<arg>/sessions/</arg>
<arg>AND</arg>
<arg>Delete Resource By ID</arg>
<arg>${CREATED_MOVIE_ID}</arg>
<arg>/movies/</arg>
<arg>AND</arg>
<arg>Delete Resource By ID</arg>
<arg>${CREATED_THEATER_ID}</arg>
<arg>/theaters/</arg>
<arg>AND</arg>
<arg>Delete Resource By ID</arg>
<arg>${CREATED_USER_ID}</arg>
<arg>/users/</arg>
<doc>Executes all the given keywords in a sequence.</doc>
<status status="PASS" start="2025-10-31T11:01:54.741635" elapsed="0.001957"/>
</kw>
<status status="PASS" start="2025-10-31T11:01:54.741491" elapsed="0.002145"/>
</kw>
<arg>Full Cleanup Teardown</arg>
<doc>Executes all the given keywords in a sequence.</doc>
<status status="PASS" start="2025-10-31T11:01:54.741380" elapsed="0.002274"/>
</kw>
<doc>Acessa /auth/me com token válido</doc>
<status status="PASS" start="2025-10-31T11:01:54.675576" elapsed="0.068118"/>
</test>
<test id="s1-s1-t7" name="CT07 - Acessar perfil sem token (401 esperado)" line="55">
<kw name="Create Unauthorized Session" owner="keywords">
<kw name="Create Session" owner="RequestsLibrary">
<msg time="2025-10-31T11:01:54.744265" level="INFO">Creating Session using : alias=api, url=http://localhost:5000/api/v1, headers={'Content-Type': 'application/json'},                     cookies={}, auth=None, timeout=None, proxies=None, verify=False,                     debug=0 </msg>
<arg>api</arg>
<arg>${BASE_URL}</arg>
<arg>headers={"Content-Type": "application/json"}</arg>
<doc>Create Session: create a HTTP session to a server</doc>
<status status="PASS" start="2025-10-31T11:01:54.744141" elapsed="0.000218"/>
</kw>
<status status="PASS" start="2025-10-31T11:01:54.744018" elapsed="0.000375"/>
</kw>
<kw name="GET On Session" owner="RequestsLibrary">
<msg time="2025-10-31T11:01:54.745667" level="INFO">GET Request : url=http://localhost:5000/api/v1/auth/me 
 path_url=/api/v1/auth/me 
 headers={'User-Agent': 'python-requests/2.32.4', 'Accept-Encoding': 'gzip, deflate, br', 'Accept': '*/*', 'Connection': 'keep-alive', 'Content-Type': 'application/json'} 
 body=None 
 </msg>
<msg time="2025-10-31T11:01:54.745714" level="INFO">GET Response : url=http://localhost:5000/api/v1/auth/me 
 status=401, reason=Unauthorized 
 headers={'X-Powered-By': 'Express', 'Access-Control-Allow-Origin': '*', 'Content-Type': 'application/json; charset=utf-8', 'Content-Length': '65', 'ETag': 'W/"41-TJq3LYiwj1On+7IZ17oLU5tM1Zs"', 'Date': 'Fri, 31 Oct 2025 15:01:54 GMT', 'Connection': 'keep-alive', 'Keep-Alive': 'timeout=5'} 
 body={"success":false,"message":"Not authorized to access this route"} 
 </msg>
<msg time="2025-10-31T11:01:54.745774" level="INFO">${response} = &lt;Response [401]&gt;</msg>
<var>${response}</var>
<arg>api</arg>
<arg>/auth/me</arg>
<arg>expected_status=any</arg>
<doc>Sends a GET request on a previously created HTTP Session.</doc>
<status status="PASS" start="2025-10-31T11:01:54.744466" elapsed="0.001321"/>
</kw>
<kw name="Validate 401 Unauthorized Response" owner="keywords">
<kw name="Should Be Equal As Integers" owner="BuiltIn">
<msg time="2025-10-31T11:01:54.746374" level="INFO">Argument types are:
&lt;class 'int'&gt;
&lt;class 'str'&gt;</msg>
<arg>${response.status_code}</arg>
<arg>401</arg>
<doc>Fails if objects are unequal after converting them to integers.</doc>
<status status="PASS" start="2025-10-31T11:01:54.746094" elapsed="0.000314"/>
</kw>
<kw name="Log To Console" owner="BuiltIn">
<arg>🔒 Status 401 Unauthorized validado.</arg>
<doc>Logs the given message to the console.</doc>
<status status="PASS" start="2025-10-31T11:01:54.746479" elapsed="0.000070"/>
</kw>
<arg>${response}</arg>
<status status="PASS" start="2025-10-31T11:01:54.745914" elapsed="0.000669"/>
</kw>
<kw name="Run Keywords" owner="BuiltIn" type="TEARDOWN">
<kw name="Full Cleanup Teardown" owner="keywords">
<kw name="Run Keywords" owner="BuiltIn">
<kw name="Delete Resource By ID" owner="keywords">
<kw name="Run Keyword If" owner="BuiltIn">
<arg>'${resource_id}' != 'None' and '${TOKEN_ADMIN}' != 'None'</arg>
<arg>Run Keywords</arg>
<arg>Create Authorized Session</arg>
<arg>${TOKEN_ADMIN}</arg>
<arg>AND</arg>
<arg>DELETE On Session</arg>
<arg>api</arg>
<arg>${endpoint}${resource_id}</arg>
<arg>expected_status=any</arg>
<doc>Runs the given keyword with the given arguments, if ``condition`` is true.</doc>
<status status="PASS" start="2025-10-31T11:01:54.747327" elapsed="0.000120"/>
</kw>
<arg>${CREATED_RESERVATION_ID}</arg>
<arg>/reservations/</arg>
<status status="PASS" start="2025-10-31T11:01:54.747147" elapsed="0.000352"/>
</kw>
<kw name="Delete Resource By ID" owner="keywords">
<kw name="Run Keyword If" owner="BuiltIn">
<arg>'${resource_id}' != 'None' and '${TOKEN_ADMIN}' != 'None'</arg>
<arg>Run Keywords</arg>
<arg>Create Authorized Session</arg>
<arg>${TOKEN_ADMIN}</arg>
<arg>AND</arg>
<arg>DELETE On Session</arg>
<arg>api</arg>
<arg>${endpoint}${resource_id}</arg>
<arg>expected_status=any</arg>
<doc>Runs the given keyword with the given arguments, if ``condition`` is true.</doc>
<status status="PASS" start="2025-10-31T11:01:54.747780" elapsed="0.000104"/>
</kw>
<arg>${CREATED_SESSION_ID}</arg>
<arg>/sessions/</arg>
<status status="PASS" start="2025-10-31T11:01:54.747588" elapsed="0.000342"/>
</kw>
<kw name="Delete Resource By ID" owner="keywords">
<kw name="Run Keyword If" owner="BuiltIn">
<arg>'${resource_id}' != 'None' and '${TOKEN_ADMIN}' != 'None'</arg>
<arg>Run Keywords</arg>
<arg>Create Authorized Session</arg>
<arg>${TOKEN_ADMIN}</arg>
<arg>AND</arg>
<arg>DELETE On Session</arg>
<arg>api</arg>
<arg>${endpoint}${resource_id}</arg>
<arg>expected_status=any</arg>
<doc>Runs the given keyword with the given arguments, if ``condition`` is true.</doc>
<status status="PASS" start="2025-10-31T11:01:54.748192" elapsed="0.000099"/>
</kw>
<arg>${CREATED_MOVIE_ID}</arg>
<arg>/movies/</arg>
<status status="PASS" start="2025-10-31T11:01:54.748013" elapsed="0.000321"/>
</kw>
<kw name="Delete Resource By ID" owner="keywords">
<kw name="Run Keyword If" owner="BuiltIn">
<arg>'${resource_id}' != 'None' and '${TOKEN_ADMIN}' != 'None'</arg>
<arg>Run Keywords</arg>
<arg>Create Authorized Session</arg>
<arg>${TOKEN_ADMIN}</arg>
<arg>AND</arg>
<arg>DELETE On Session</arg>
<arg>api</arg>
<arg>${endpoint}${resource_id}</arg>
<arg>expected_status=any</arg>
<doc>Runs the given keyword with the given arguments, if ``condition`` is true.</doc>
<status status="PASS" start="2025-10-31T11:01:54.748589" elapsed="0.000095"/>
</kw>
<arg>${CREATED_THEATER_ID}</arg>
<arg>/theaters/</arg>
<status status="PASS" start="2025-10-31T11:01:54.748414" elapsed="0.000318"/>
</kw>
<kw name="Delete Resource By ID" owner="keywords">
<kw name="Run Keyword If" owner="BuiltIn">
<arg>'${resource_id}' != 'None' and '${TOKEN_ADMIN}' != 'None'</arg>
<arg>Run Keywords</arg>
<arg>Create Authorized Session</arg>
<arg>${TOKEN_ADMIN}</arg>
<arg>AND</arg>
<arg>DELETE On Session</arg>
<arg>api</arg>
<arg>${endpoint}${resource_id}</arg>
<arg>expected_status=any</arg>
<doc>Runs the given keyword with the given arguments, if ``condition`` is true.</doc>
<status status="PASS" start="2025-10-31T11:01:54.748980" elapsed="0.000091"/>
</kw>
<arg>${CREATED_USER_ID}</arg>
<arg>/users/</arg>
<status status="PASS" start="2025-10-31T11:01:54.748810" elapsed="0.000301"/>
</kw>
<arg>Delete Resource By ID</arg>
<arg>${CREATED_RESERVATION_ID}</arg>
<arg>/reservations/</arg>
<arg>AND</arg>
<arg>Delete Resource By ID</arg>
<arg>${CREATED_SESSION_ID}</arg>
<arg>/sessions/</arg>
<arg>AND</arg>
<arg>Delete Resource By ID</arg>
<arg>${CREATED_MOVIE_ID}</arg>
<arg>/movies/</arg>
<arg>AND</arg>
<arg>Delete Resource By ID</arg>
<arg>${CREATED_THEATER_ID}</arg>
<arg>/theaters/</arg>
<arg>AND</arg>
<arg>Delete Resource By ID</arg>
<arg>${CREATED_USER_ID}</arg>
<arg>/users/</arg>
<doc>Executes all the given keywords in a sequence.</doc>
<status status="PASS" start="2025-10-31T11:01:54.747052" elapsed="0.002081"/>
</kw>
<status status="PASS" start="2025-10-31T11:01:54.746904" elapsed="0.002275"/>
</kw>
<arg>Full Cleanup Teardown</arg>
<doc>Executes all the given keywords in a sequence.</doc>
<status status="PASS" start="2025-10-31T11:01:54.746704" elapsed="0.002495"/>
</kw>
<doc>Acessa /auth/me sem token, deve retornar 401</doc>
<status status="PASS" start="2025-10-31T11:01:54.743811" elapsed="0.005439"/>
</test>
<status status="PASS" start="2025-10-31T11:01:54.396316" elapsed="0.353185"/>
</suite>
<suite id="s1-s2" name="Movies Tests" source="/home/gregoryozaki/Documentos/compass/challenge-final/api-tests/testcases/movies_tests.robot">
<test id="s1-s2-t1" name="CT14 - Listar Filmes (Público - 200)" line="15">
<kw name="Login As Admin" owner="keywords" type="SETUP">
<kw name="Get Admin Token Manual" owner="admin_token_helper">
<msg time="2025-10-31T11:01:54.755661" level="INFO">${token} = Bearer eyJhbGciOiJIUzI1NiIsInR5cCI6IkpXVCJ9.eyJpZCI6IjY5MDRjZTViZDZlNmRhMWUzMGM2MWRjOCIsImlhdCI6MTc2MTkyMjkxNCwiZXhwIjoxNzYxOTI2NTE0fQ.gaXyImMhvyYVbrXVxpU9QwnbTPMBbaHHlluWzhAVEBE</msg>
<var>${token}</var>
<doc>Wrapper simples para ser usado diretamente no Robot Framework.</doc>
<status status="PASS" start="2025-10-31T11:01:54.752324" elapsed="0.003388"/>
</kw>
<kw name="Set Global Variable" owner="BuiltIn">
<msg time="2025-10-31T11:01:54.756171" level="INFO">${TOKEN_ADMIN} = Bearer eyJhbGciOiJIUzI1NiIsInR5cCI6IkpXVCJ9.eyJpZCI6IjY5MDRjZTViZDZlNmRhMWUzMGM2MWRjOCIsImlhdCI6MTc2MTkyMjkxNCwiZXhwIjoxNzYxOTI2NTE0fQ.gaXyImMhvyYVbrXVxpU9QwnbTPMBbaHHlluWzhAVEBE</msg>
<arg>${TOKEN_ADMIN}</arg>
<arg>${token}</arg>
<doc>Makes a variable available globally in all tests and suites.</doc>
<status status="PASS" start="2025-10-31T11:01:54.755894" elapsed="0.000316"/>
</kw>
<kw name="Log To Console" owner="BuiltIn">
<arg>✅ Token Admin Gerado com sucesso (WORKAROUND).</arg>
<doc>Logs the given message to the console.</doc>
<status status="PASS" start="2025-10-31T11:01:54.756317" elapsed="0.000138"/>
</kw>
<status status="PASS" start="2025-10-31T11:01:54.752160" elapsed="0.004420"/>
</kw>
<kw name="Create Unauthorized Session" owner="keywords">
<kw name="Create Session" owner="RequestsLibrary">
<msg time="2025-10-31T11:01:54.757238" level="INFO">Creating Session using : alias=api, url=http://localhost:5000/api/v1, headers={'Content-Type': 'application/json'},                     cookies={}, auth=None, timeout=None, proxies=None, verify=False,                     debug=0 </msg>
<arg>api</arg>
<arg>${BASE_URL}</arg>
<arg>headers={"Content-Type": "application/json"}</arg>
<doc>Create Session: create a HTTP session to a server</doc>
<status status="PASS" start="2025-10-31T11:01:54.757026" elapsed="0.000376"/>
</kw>
<status status="PASS" start="2025-10-31T11:01:54.756786" elapsed="0.000679"/>
</kw>
<kw name="GET On Session" owner="RequestsLibrary">
<msg time="2025-10-31T11:01:54.762535" level="INFO">GET Request : url=http://localhost:5000/api/v1/movies/ 
 path_url=/api/v1/movies/ 
 headers={'User-Agent': 'python-requests/2.32.4', 'Accept-Encoding': 'gzip, deflate, br', 'Accept': '*/*', 'Connection': 'keep-alive', 'Content-Type': 'application/json'} 
 body=None 
 </msg>
<msg time="2025-10-31T11:01:54.762594" level="INFO">GET Response : url=http://localhost:5000/api/v1/movies/ 
 status=200, reason=OK 
 headers={'X-Powered-By': 'Express', 'Access-Control-Allow-Origin': '*', 'Content-Type': 'application/json; charset=utf-8', 'Content-Length': '2440', 'ETag': 'W/"988-AN0qx0v36Ub+UbkvGBC8bS6kgek"', 'Date': 'Fri, 31 Oct 2025 15:01:54 GMT', 'Connection': 'keep-alive', 'Keep-Alive': 'timeout=5'} 
 body={"success":true,"count":7,"pagination":{},"data":[{"_id":"6904cf515154fb18bf34d50d","customId":"sdoKU","title":"Filme Atualizado 7152","synopsis":"Filme criado automaticamente para testes.","director":"John Doe","genres":["[\"Action\", \"Adventure\"]"],"duration":120,"classification":"PG-13","poster":"poster_sdoKU.jpg","releaseDate":"2025-01-01T00:00:00.000Z","id":"6904cf515154fb18bf34d50d"},{"_id":"6904cf525154fb18bf34d595","customId":"OcrdN","title":"Novo Filme OcrdN","synopsis":"Filme criado automaticamente para testes.","director":"John Doe","genres":["[\"Action\", \"Adventure\"]"],"duration":120,"classification":"PG-13","poster":"poster_OcrdN.jpg","releaseDate":"2025-01-01T00:00:00.000Z","id":"6904cf525154fb18bf34d595"},{"_id":"6904cf525154fb18bf34d5af","customId":"pwDBa","title":"Novo Filme pwDBa","synopsis":"Filme criado automaticamente para testes.","director":"John Doe","genres":["[\"Action\", \"Adventure\"]"],"duration":120,"classification":"PG-13","poster":"poster_pwDBa.jpg","releaseDate":"2025-01-01T00:00:00.000Z","id":"6904cf525154fb18bf34d5af"},{"_id":"6904cf525154fb18bf34d5c3","customId":"XKxSO","title":"Novo Filme XKxSO","synopsis":"Filme criado automaticamente para testes.","director":"John Doe","genres":["[\"Action\", \"Adventure\"]"],"duration":120,"classification":"PG-13","poster":"poster_XKxSO.jpg","releaseDate":"2025-01-01T00:00:00.000Z","id":"6904cf525154fb18bf34d5c3"},{"_id":"6904ce5bd6e6da1e30c61dcc","customId":"2","title":"The Avengers","synopsis":"Earth's mightiest heroes must come together to save the world.","director":"Joss Whedon","genres":["Action","Adventure"],"duration":143,"classification":"PG-13","poster":"avengers.jpg","releaseDate":"2012-05-04T00:00:00.000Z","id":"6904ce5bd6e6da1e30c61dcc"},{"_id":"6904ce5bd6e6da1e30c61dcb","customId":"1","title":"Inception","synopsis":"A thief who enters the dreams of others to steal their secrets.","director":"Christopher Nolan","genres":["Science Fiction","Action"],"duration":148,"classification":"PG-13","poster":"inception.jpg","releaseDate":"2010-07-16T00:00:00.000Z","id":"6904ce5bd6e6da1e30c61dcb"},{"_id":"6904ce5bd6e6da1e30c61dcd","customId":"3","title":"The Shawshank Redemption","synopsis":"Two imprisoned men bond over a number of years.","director":"Frank Darabont","genres":["Drama"],"duration":142,"classification":"R","poster":"shawshank.jpg","releaseDate":"1994-10-14T00:00:00.000Z","id":"6904ce5bd6e6da1e30c61dcd"}]} 
 </msg>
<msg time="2025-10-31T11:01:54.762682" level="INFO">${response} = &lt;Response [200]&gt;</msg>
<var>${response}</var>
<arg>api</arg>
<arg>${MOVIE_ENDPOINT}</arg>
<doc>Sends a GET request on a previously created HTTP Session.</doc>
<status status="PASS" start="2025-10-31T11:01:54.757616" elapsed="0.005081"/>
</kw>
<kw name="Validate 200 OK Response" owner="keywords">
<kw name="Should Be Equal As Integers" owner="BuiltIn">
<msg time="2025-10-31T11:01:54.763459" level="INFO">Argument types are:
&lt;class 'int'&gt;
&lt;class 'str'&gt;</msg>
<arg>${response.status_code}</arg>
<arg>200</arg>
<doc>Fails if objects are unequal after converting them to integers.</doc>
<status status="PASS" start="2025-10-31T11:01:54.763113" elapsed="0.000387"/>
</kw>
<kw name="Log To Console" owner="BuiltIn">
<arg>🟢 Status 200 OK validado.</arg>
<doc>Logs the given message to the console.</doc>
<status status="PASS" start="2025-10-31T11:01:54.763588" elapsed="0.000089"/>
</kw>
<arg>${response}</arg>
<status status="PASS" start="2025-10-31T11:01:54.762890" elapsed="0.000831"/>
</kw>
<kw name="Cleanup Movie Teardown" owner="keywords" type="TEARDOWN">
<kw name="Log To Console" owner="BuiltIn">
<arg>...🧹 Limpando filmes criados no teste.</arg>
<doc>Logs the given message to the console.</doc>
<status status="PASS" start="2025-10-31T11:01:54.764052" elapsed="0.000076"/>
</kw>
<kw name="Run Keyword If" owner="BuiltIn">
<arg>'${CREATED_MOVIE_ID}' != 'None'</arg>
<arg>Delete Movie By ID</arg>
<doc>Runs the given keyword with the given arguments, if ``condition`` is true.</doc>
<status status="PASS" start="2025-10-31T11:01:54.764202" elapsed="0.000103"/>
</kw>
<status status="PASS" start="2025-10-31T11:01:54.763887" elapsed="0.000453"/>
</kw>
<doc>Lista todos os filmes disponíveis sem autenticação.</doc>
<status status="PASS" start="2025-10-31T11:01:54.751908" elapsed="0.012468"/>
</test>
<test id="s1-s2-t2" name="CT16 - Criação de Filme (Admin - 201)" line="22">
<kw name="Login As Admin" owner="keywords" type="SETUP">
<kw name="Get Admin Token Manual" owner="admin_token_helper">
<msg time="2025-10-31T11:01:54.768261" level="INFO">${token} = Bearer eyJhbGciOiJIUzI1NiIsInR5cCI6IkpXVCJ9.eyJpZCI6IjY5MDRjZTViZDZlNmRhMWUzMGM2MWRjOCIsImlhdCI6MTc2MTkyMjkxNCwiZXhwIjoxNzYxOTI2NTE0fQ.gaXyImMhvyYVbrXVxpU9QwnbTPMBbaHHlluWzhAVEBE</msg>
<var>${token}</var>
<doc>Wrapper simples para ser usado diretamente no Robot Framework.</doc>
<status status="PASS" start="2025-10-31T11:01:54.764867" elapsed="0.003427"/>
</kw>
<kw name="Set Global Variable" owner="BuiltIn">
<msg time="2025-10-31T11:01:54.768625" level="INFO">${TOKEN_ADMIN} = Bearer eyJhbGciOiJIUzI1NiIsInR5cCI6IkpXVCJ9.eyJpZCI6IjY5MDRjZTViZDZlNmRhMWUzMGM2MWRjOCIsImlhdCI6MTc2MTkyMjkxNCwiZXhwIjoxNzYxOTI2NTE0fQ.gaXyImMhvyYVbrXVxpU9QwnbTPMBbaHHlluWzhAVEBE</msg>
<arg>${TOKEN_ADMIN}</arg>
<arg>${token}</arg>
<doc>Makes a variable available globally in all tests and suites.</doc>
<status status="PASS" start="2025-10-31T11:01:54.768435" elapsed="0.000219"/>
</kw>
<kw name="Log To Console" owner="BuiltIn">
<arg>✅ Token Admin Gerado com sucesso (WORKAROUND).</arg>
<doc>Logs the given message to the console.</doc>
<status status="PASS" start="2025-10-31T11:01:54.768762" elapsed="0.000114"/>
</kw>
<status status="PASS" start="2025-10-31T11:01:54.764730" elapsed="0.004191"/>
</kw>
<kw name="Create New Movie As Admin" owner="keywords">
<kw name="Login As Admin" owner="keywords">
<kw name="Get Admin Token Manual" owner="admin_token_helper">
<msg time="2025-10-31T11:01:54.772133" level="INFO">${token} = Bearer eyJhbGciOiJIUzI1NiIsInR5cCI6IkpXVCJ9.eyJpZCI6IjY5MDRjZTViZDZlNmRhMWUzMGM2MWRjOCIsImlhdCI6MTc2MTkyMjkxNCwiZXhwIjoxNzYxOTI2NTE0fQ.gaXyImMhvyYVbrXVxpU9QwnbTPMBbaHHlluWzhAVEBE</msg>
<var>${token}</var>
<doc>Wrapper simples para ser usado diretamente no Robot Framework.</doc>
<status status="PASS" start="2025-10-31T11:01:54.769426" elapsed="0.002735"/>
</kw>
<kw name="Set Global Variable" owner="BuiltIn">
<msg time="2025-10-31T11:01:54.772469" level="INFO">${TOKEN_ADMIN} = Bearer eyJhbGciOiJIUzI1NiIsInR5cCI6IkpXVCJ9.eyJpZCI6IjY5MDRjZTViZDZlNmRhMWUzMGM2MWRjOCIsImlhdCI6MTc2MTkyMjkxNCwiZXhwIjoxNzYxOTI2NTE0fQ.gaXyImMhvyYVbrXVxpU9QwnbTPMBbaHHlluWzhAVEBE</msg>
<arg>${TOKEN_ADMIN}</arg>
<arg>${token}</arg>
<doc>Makes a variable available globally in all tests and suites.</doc>
<status status="PASS" start="2025-10-31T11:01:54.772283" elapsed="0.000252"/>
</kw>
<kw name="Log To Console" owner="BuiltIn">
<arg>✅ Token Admin Gerado com sucesso (WORKAROUND).</arg>
<doc>Logs the given message to the console.</doc>
<status status="PASS" start="2025-10-31T11:01:54.772621" elapsed="0.000112"/>
</kw>
<status status="PASS" start="2025-10-31T11:01:54.769288" elapsed="0.003490"/>
</kw>
<kw name="Create Authorized Session" owner="keywords">
<kw name="Catenate" owner="BuiltIn">
<msg time="2025-10-31T11:01:54.773173" level="INFO">${auth_header} = BearerBearer eyJhbGciOiJIUzI1NiIsInR5cCI6IkpXVCJ9.eyJpZCI6IjY5MDRjZTViZDZlNmRhMWUzMGM2MWRjOCIsImlhdCI6MTc2MTkyMjkxNCwiZXhwIjoxNzYxOTI2NTE0fQ.gaXyImMhvyYVbrXVxpU9QwnbTPMBbaHHlluWzhAVEBE</msg>
<var>${auth_header}</var>
<arg>SEPARATOR=</arg>
<arg>Bearer</arg>
<arg>${token}</arg>
<doc>Catenates the given items together and returns the resulted string.</doc>
<status status="PASS" start="2025-10-31T11:01:54.773063" elapsed="0.000126"/>
</kw>
<kw name="Create Session" owner="RequestsLibrary">
<msg time="2025-10-31T11:01:54.773424" level="INFO">Creating Session using : alias=api, url=http://localhost:5000/api/v1, headers={'Authorization': 'BearerBearer eyJhbGciOiJIUzI1NiIsInR5cCI6IkpXVCJ9.eyJpZCI6IjY5MDRjZTViZDZlNmRhMWUzMGM2MWRjOCIsImlhdCI6MTc2MTkyMjkxNCwiZXhwIjoxNzYxOTI2NTE0fQ.gaXyImMhvyYVbrXVxpU9QwnbTPMBbaHHlluWzhAVEBE', 'Content-Type': 'application/json'},                     cookies={}, auth=None, timeout=None, proxies=None, verify=False,                     debug=0 </msg>
<arg>api</arg>
<arg>${BASE_URL}</arg>
<arg>headers={"Authorization": "${auth_header}", "Content-Type": "application/json"}</arg>
<doc>Create Session: create a HTTP session to a server</doc>
<status status="PASS" start="2025-10-31T11:01:54.773257" elapsed="0.000278"/>
</kw>
<arg>${TOKEN_ADMIN}</arg>
<status status="PASS" start="2025-10-31T11:01:54.772875" elapsed="0.000699"/>
</kw>
<kw name="Generate Random String" owner="String">
<msg time="2025-10-31T11:01:54.773777" level="INFO">${random_suffix} = dfQqr</msg>
<var>${random_suffix}</var>
<arg>5</arg>
<arg>[LETTERS]</arg>
<doc>Generates a string with a desired ``length`` from the given ``chars``.</doc>
<status status="PASS" start="2025-10-31T11:01:54.773638" elapsed="0.000153"/>
</kw>
<kw name="Catenate" owner="BuiltIn">
<msg time="2025-10-31T11:01:54.773959" level="INFO">${title} = Novo Filme dfQqr</msg>
<var>${title}</var>
<arg>SEPARATOR=</arg>
<arg>Novo Filme ${random_suffix}</arg>
<doc>Catenates the given items together and returns the resulted string.</doc>
<status status="PASS" start="2025-10-31T11:01:54.773858" elapsed="0.000117"/>
</kw>
<kw name="Create Dictionary" owner="BuiltIn">
<msg time="2025-10-31T11:01:54.774267" level="INFO">${body} = {'customId': 'dfQqr', 'title': 'Novo Filme dfQqr', 'synopsis': 'Filme criado automaticamente para testes.', 'director': 'John Doe', 'genres': '["Action", "Adventure"]', 'duration': '120', 'classificat...</msg>
<var>${body}</var>
<arg>customId=${random_suffix}</arg>
<arg>title=${title}</arg>
<arg>synopsis=Filme criado automaticamente para testes.</arg>
<arg>director=John Doe</arg>
<arg>genres=["Action", "Adventure"]</arg>
<arg>duration=120</arg>
<arg>classification=PG-13</arg>
<arg>poster=poster_${random_suffix}.jpg</arg>
<arg>releaseDate=2025-01-01</arg>
<doc>Creates and returns a dictionary based on the given ``items``.</doc>
<status status="PASS" start="2025-10-31T11:01:54.774047" elapsed="0.000236"/>
</kw>
<kw name="POST On Session" owner="RequestsLibrary">
<msg time="2025-10-31T11:01:54.778645" level="INFO">POST Request : url=http://localhost:5000/api/v1/movies/ 
 path_url=/api/v1/movies/ 
 headers={'User-Agent': 'python-requests/2.32.4', 'Accept-Encoding': 'gzip, deflate, br', 'Accept': '*/*', 'Connection': 'keep-alive', 'Authorization': 'BearerBearer eyJhbGciOiJIUzI1NiIsInR5cCI6IkpXVCJ9.eyJpZCI6IjY5MDRjZTViZDZlNmRhMWUzMGM2MWRjOCIsImlhdCI6MTc2MTkyMjkxNCwiZXhwIjoxNzYxOTI2NTE0fQ.gaXyImMhvyYVbrXVxpU9QwnbTPMBbaHHlluWzhAVEBE', 'Content-Type': 'application/json', 'Content-Length': '277'} 
 body=b'{"customId": "dfQqr", "title": "Novo Filme dfQqr", "synopsis": "Filme criado automaticamente para testes.", "director": "John Doe", "genres": "[\\"Action\\", \\"Adventure\\"]", "duration": "120", "classification": "PG-13", "poster": "poster_dfQqr.jpg", "releaseDate": "2025-01-01"}' 
 </msg>
<msg time="2025-10-31T11:01:54.778698" level="INFO">POST Response : url=http://localhost:5000/api/v1/movies/ 
 status=201, reason=Created 
 headers={'X-Powered-By': 'Express', 'Access-Control-Allow-Origin': '*', 'Content-Type': 'application/json; charset=utf-8', 'Content-Length': '449', 'ETag': 'W/"1c1-3ZjkOqlfwwK38Chi+RoSYKLkLsM"', 'Date': 'Fri, 31 Oct 2025 15:01:54 GMT', 'Connection': 'keep-alive', 'Keep-Alive': 'timeout=5'} 
 body={"success":true,"data":{"customId":"dfQqr","title":"Novo Filme dfQqr","synopsis":"Filme criado automaticamente para testes.","director":"John Doe","genres":["[\"Action\", \"Adventure\"]"],"duration":120,"classification":"PG-13","poster":"poster_dfQqr.jpg","releaseDate":"2025-01-01T00:00:00.000Z","_id":"6904cf625154fb18bf34d60f","createdAt":"2025-10-31T15:01:54.777Z","updatedAt":"2025-10-31T15:01:54.777Z","__v":0,"id":"6904cf625154fb18bf34d60f"}} 
 </msg>
<msg time="2025-10-31T11:01:54.778778" level="INFO">${response} = &lt;Response [201]&gt;</msg>
<var>${response}</var>
<arg>api</arg>
<arg>/movies/</arg>
<arg>json=${body}</arg>
<arg>expected_status=any</arg>
<doc>Sends a POST request on a previously created HTTP Session.</doc>
<status status="PASS" start="2025-10-31T11:01:54.774364" elapsed="0.004429"/>
</kw>
<kw name="Log To Console" owner="BuiltIn">
<arg>🎬 Tentativa de criação de filme — Status: ${response.status_code}</arg>
<doc>Logs the given message to the console.</doc>
<status status="PASS" start="2025-10-31T11:01:54.778906" elapsed="0.000414"/>
</kw>
<kw name="Validate 201 Created Response" owner="keywords">
<kw name="Should Be Equal As Integers" owner="BuiltIn">
<msg time="2025-10-31T11:01:54.779977" level="INFO">Argument types are:
&lt;class 'int'&gt;
&lt;class 'str'&gt;</msg>
<arg>${response.status_code}</arg>
<arg>201</arg>
<doc>Fails if objects are unequal after converting them to integers.</doc>
<status status="PASS" start="2025-10-31T11:01:54.779668" elapsed="0.000345"/>
</kw>
<kw name="Log To Console" owner="BuiltIn">
[...]
 status=200, reason=OK 
 headers={'X-Powered-By': 'Express', 'Access-Control-Allow-Origin': '*', 'Content-Type': 'application/json; charset=utf-8', 'Content-Length': '213', 'ETag': 'W/"d5-aLCLwzJZebG+50DCn8f4q3Icm6s"', 'Date': 'Fri, 31 Oct 2025 15:01:56 GMT', 'Connection': 'keep-alive', 'Keep-Alive': 'timeout=5'} 
 body={"success":true,"data":{"_id":"6904cf645154fb18bf34d6fe","name":"Updated Name","email":"tempuserihlbz@mail.com","role":"user","createdAt":"2025-10-31T15:01:56.278Z","updatedAt":"2025-10-31T15:01:56.344Z","__v":0}} 
 </msg>
<msg time="2025-10-31T11:01:56.350684" level="INFO">${get_response} = &lt;Response [200]&gt;</msg>
<var>${get_response}</var>
<arg>api</arg>
<arg>${USER_ENDPOINT}${CREATED_USER_ID}</arg>
<doc>Sends a GET request on a previously created HTTP Session.</doc>
<status status="PASS" start="2025-10-31T11:01:56.347238" elapsed="0.003467"/>
</kw>
<kw name="Get From Dictionary" owner="Collections">
<msg time="2025-10-31T11:01:56.351315" level="INFO">${updated_name} = Updated Name</msg>
<var>${updated_name}</var>
<arg>${get_response.json()["data"]}</arg>
<arg>name</arg>
<doc>Returns a value from the given ``dictionary`` based on the given ``key``.</doc>
<status status="PASS" start="2025-10-31T11:01:56.350905" elapsed="0.000424"/>
</kw>
<kw name="Should Be Equal" owner="BuiltIn">
<arg>${updated_name}</arg>
<arg>Updated Name</arg>
<doc>Fails if the given objects are unequal.</doc>
<status status="PASS" start="2025-10-31T11:01:56.351438" elapsed="0.000113"/>
</kw>
<kw name="Run Keyword If" owner="BuiltIn" type="TEARDOWN">
<kw name="Safe Delete Created User">
<kw name="Log" owner="BuiltIn">
<msg time="2025-10-31T11:01:56.352129" level="INFO">🧹 Tentando deletar usuário criado: 6904cf645154fb18bf34d6fe</msg>
<arg>🧹 Tentando deletar usuário criado: ${CREATED_USER_ID}</arg>
<doc>Logs the given message with the given level.</doc>
<status status="PASS" start="2025-10-31T11:01:56.352051" elapsed="0.000102"/>
</kw>
<kw name="Run Keyword And Ignore Error" owner="BuiltIn">
<kw name="Create Authorized Session" owner="keywords">
<kw name="Catenate" owner="BuiltIn">
<msg time="2025-10-31T11:01:56.352597" level="INFO">${auth_header} = BearerBearer eyJhbGciOiJIUzI1NiIsInR5cCI6IkpXVCJ9.eyJpZCI6IjY5MDRjZTViZDZlNmRhMWUzMGM2MWRjOCIsImlhdCI6MTc2MTkyMjkxNiwiZXhwIjoxNzYxOTI2NTE2fQ.jw2KBEwtDhULI65AG-v_Gyei0zBGFK3cCzGwX5bm4-E</msg>
<var>${auth_header}</var>
<arg>SEPARATOR=</arg>
<arg>Bearer</arg>
<arg>${token}</arg>
<doc>Catenates the given items together and returns the resulted string.</doc>
<status status="PASS" start="2025-10-31T11:01:56.352499" elapsed="0.000112"/>
</kw>
<kw name="Create Session" owner="RequestsLibrary">
<msg time="2025-10-31T11:01:56.352849" level="INFO">Creating Session using : alias=api, url=http://localhost:5000/api/v1, headers={'Authorization': 'BearerBearer eyJhbGciOiJIUzI1NiIsInR5cCI6IkpXVCJ9.eyJpZCI6IjY5MDRjZTViZDZlNmRhMWUzMGM2MWRjOCIsImlhdCI6MTc2MTkyMjkxNiwiZXhwIjoxNzYxOTI2NTE2fQ.jw2KBEwtDhULI65AG-v_Gyei0zBGFK3cCzGwX5bm4-E', 'Content-Type': 'application/json'},                     cookies={}, auth=None, timeout=None, proxies=None, verify=False,                     debug=0 </msg>
<arg>api</arg>
<arg>${BASE_URL}</arg>
<arg>headers={"Authorization": "${auth_header}", "Content-Type": "application/json"}</arg>
<doc>Create Session: create a HTTP session to a server</doc>
<status status="PASS" start="2025-10-31T11:01:56.352677" elapsed="0.000273"/>
</kw>
<arg>${TOKEN_ADMIN}</arg>
<status status="PASS" start="2025-10-31T11:01:56.352324" elapsed="0.000665"/>
</kw>
<arg>Create Authorized Session</arg>
<arg>${TOKEN_ADMIN}</arg>
<doc>Runs the given keyword with the given arguments and ignores possible error.</doc>
<status status="PASS" start="2025-10-31T11:01:56.352218" elapsed="0.000794"/>
</kw>
<kw name="Run Keyword And Ignore Error" owner="BuiltIn">
<kw name="DELETE On Session" owner="RequestsLibrary">
<msg time="2025-10-31T11:01:56.357646" level="INFO">DELETE Request : url=http://localhost:5000/api/v1/users/6904cf645154fb18bf34d6fe 
 path_url=/api/v1/users/6904cf645154fb18bf34d6fe 
 headers={'User-Agent': 'python-requests/2.32.4', 'Accept-Encoding': 'gzip, deflate, br', 'Accept': '*/*', 'Connection': 'keep-alive', 'Authorization': 'BearerBearer eyJhbGciOiJIUzI1NiIsInR5cCI6IkpXVCJ9.eyJpZCI6IjY5MDRjZTViZDZlNmRhMWUzMGM2MWRjOCIsImlhdCI6MTc2MTkyMjkxNiwiZXhwIjoxNzYxOTI2NTE2fQ.jw2KBEwtDhULI65AG-v_Gyei0zBGFK3cCzGwX5bm4-E', 'Content-Type': 'application/json', 'Content-Length': '0'} 
 body=None 
 </msg>
<msg time="2025-10-31T11:01:56.357711" level="INFO">DELETE Response : url=http://localhost:5000/api/v1/users/6904cf645154fb18bf34d6fe 
 status=200, reason=OK 
 headers={'X-Powered-By': 'Express', 'Access-Control-Allow-Origin': '*', 'Content-Type': 'application/json; charset=utf-8', 'Content-Length': '41', 'ETag': 'W/"29-acm6zjlFy5zJu9kfItNOkEuApLY"', 'Date': 'Fri, 31 Oct 2025 15:01:56 GMT', 'Connection': 'keep-alive', 'Keep-Alive': 'timeout=5'} 
 body={"success":true,"message":"User removed"} 
 </msg>
<arg>api</arg>
<arg>${USER_ENDPOINT}${CREATED_USER_ID}</arg>
<doc>Sends a DELETE request on a previously created HTTP Session.</doc>
<status status="PASS" start="2025-10-31T11:01:56.353157" elapsed="0.004600"/>
</kw>
<arg>DELETE On Session</arg>
<arg>api</arg>
<arg>${USER_ENDPOINT}${CREATED_USER_ID}</arg>
<doc>Runs the given keyword with the given arguments and ignores possible error.</doc>
<status status="PASS" start="2025-10-31T11:01:56.353074" elapsed="0.004729"/>
</kw>
<kw name="Set Global Variable" owner="BuiltIn">
<msg time="2025-10-31T11:01:56.358110" level="INFO">${CREATED_USER_ID} = None</msg>
<arg>${CREATED_USER_ID}</arg>
<arg>None</arg>
<doc>Makes a variable available globally in all tests and suites.</doc>
<status status="PASS" start="2025-10-31T11:01:56.357922" elapsed="0.000212"/>
</kw>
<status status="PASS" start="2025-10-31T11:01:56.351894" elapsed="0.006283"/>
</kw>
<arg>'${CREATED_USER_ID}' != 'None'</arg>
<arg>Safe Delete Created User</arg>
<doc>Runs the given keyword with the given arguments, if ``condition`` is true.</doc>
<status status="PASS" start="2025-10-31T11:01:56.351704" elapsed="0.006497"/>
</kw>
<doc>Cria usuário temporário e atualiza nome via admin</doc>
<status status="PASS" start="2025-10-31T11:01:56.270282" elapsed="0.087985"/>
</test>
<test id="s1-s6-t5" name="CT12 - Excluir um usuário (Admin - DELETE)" line="66">
<kw name="Login As Admin" owner="keywords" type="SETUP">
<kw name="Get Admin Token Manual" owner="admin_token_helper">
<msg time="2025-10-31T11:01:56.362404" level="INFO">${token} = Bearer eyJhbGciOiJIUzI1NiIsInR5cCI6IkpXVCJ9.eyJpZCI6IjY5MDRjZTViZDZlNmRhMWUzMGM2MWRjOCIsImlhdCI6MTc2MTkyMjkxNiwiZXhwIjoxNzYxOTI2NTE2fQ.jw2KBEwtDhULI65AG-v_Gyei0zBGFK3cCzGwX5bm4-E</msg>
<var>${token}</var>
<doc>Wrapper simples para ser usado diretamente no Robot Framework.</doc>
<status status="PASS" start="2025-10-31T11:01:56.358888" elapsed="0.003544"/>
</kw>
<kw name="Set Global Variable" owner="BuiltIn">
<msg time="2025-10-31T11:01:56.362746" level="INFO">${TOKEN_ADMIN} = Bearer eyJhbGciOiJIUzI1NiIsInR5cCI6IkpXVCJ9.eyJpZCI6IjY5MDRjZTViZDZlNmRhMWUzMGM2MWRjOCIsImlhdCI6MTc2MTkyMjkxNiwiZXhwIjoxNzYxOTI2NTE2fQ.jw2KBEwtDhULI65AG-v_Gyei0zBGFK3cCzGwX5bm4-E</msg>
<arg>${TOKEN_ADMIN}</arg>
<arg>${token}</arg>
<doc>Makes a variable available globally in all tests and suites.</doc>
<status status="PASS" start="2025-10-31T11:01:56.362555" elapsed="0.000219"/>
</kw>
<kw name="Log To Console" owner="BuiltIn">
<arg>✅ Token Admin Gerado com sucesso (WORKAROUND).</arg>
<doc>Logs the given message to the console.</doc>
<status status="PASS" start="2025-10-31T11:01:56.362858" elapsed="0.000100"/>
</kw>
<status status="PASS" start="2025-10-31T11:01:56.358716" elapsed="0.004286"/>
</kw>
<kw name="Generate Random String" owner="String">
<msg time="2025-10-31T11:01:56.363258" level="INFO">${random_suffix} = cyKJY</msg>
<var>${random_suffix}</var>
<arg>5</arg>
<arg>[LETTERS]</arg>
<doc>Generates a string with a desired ``length`` from the given ``chars``.</doc>
<status status="PASS" start="2025-10-31T11:01:56.363104" elapsed="0.000169"/>
</kw>
<kw name="Set Variable" owner="BuiltIn">
<msg time="2025-10-31T11:01:56.363470" level="INFO">${email_to_delete} = deletetestcyKJY@mail.com</msg>
<var>${email_to_delete}</var>
<arg>deletetest${random_suffix}@mail.com</arg>
<doc>Returns the given values which can then be assigned to a variables.</doc>
<status status="PASS" start="2025-10-31T11:01:56.363366" elapsed="0.000117"/>
</kw>
<kw name="Create Unauthorized Session" owner="keywords">
<kw name="Create Session" owner="RequestsLibrary">
<msg time="2025-10-31T11:01:56.363910" level="INFO">Creating Session using : alias=api, url=http://localhost:5000/api/v1, headers={'Content-Type': 'application/json'},                     cookies={}, auth=None, timeout=None, proxies=None, verify=False,                     debug=0 </msg>
<arg>api</arg>
<arg>${BASE_URL}</arg>
<arg>headers={"Content-Type": "application/json"}</arg>
<doc>Create Session: create a HTTP session to a server</doc>
<status status="PASS" start="2025-10-31T11:01:56.363766" elapsed="0.000252"/>
</kw>
<status status="PASS" start="2025-10-31T11:01:56.363600" elapsed="0.000499"/>
</kw>
<kw name="Create Dictionary" owner="BuiltIn">
<msg time="2025-10-31T11:01:56.364381" level="INFO">${body} = {'email': 'deletetestcyKJY@mail.com', 'password': 'senha123', 'name': 'DeleteMe'}</msg>
<var>${body}</var>
<arg>email=${email_to_delete}</arg>
<arg>password=senha123</arg>
<arg>name=DeleteMe</arg>
<doc>Creates and returns a dictionary based on the given ``items``.</doc>
<status status="PASS" start="2025-10-31T11:01:56.364204" elapsed="0.000192"/>
</kw>
<kw name="POST On Session" owner="RequestsLibrary">
<msg time="2025-10-31T11:01:56.424944" level="INFO">POST Request : url=http://localhost:5000/api/v1/auth/register 
 path_url=/api/v1/auth/register 
 headers={'User-Agent': 'python-requests/2.32.4', 'Accept-Encoding': 'gzip, deflate, br', 'Accept': '*/*', 'Connection': 'keep-alive', 'Content-Type': 'application/json', 'Content-Length': '81'} 
 body=b'{"email": "deletetestcyKJY@mail.com", "password": "senha123", "name": "DeleteMe"}' 
 </msg>
<msg time="2025-10-31T11:01:56.425010" level="INFO">POST Response : url=http://localhost:5000/api/v1/auth/register 
 status=201, reason=Created 
 headers={'X-Powered-By': 'Express', 'Access-Control-Allow-Origin': '*', 'Content-Type': 'application/json; charset=utf-8', 'Content-Length': '307', 'ETag': 'W/"133-mjFq4J6/Mox8rpA7DdpIS9Duxfc"', 'Date': 'Fri, 31 Oct 2025 15:01:56 GMT', 'Connection': 'keep-alive', 'Keep-Alive': 'timeout=5'} 
 body={"success":true,"data":{"_id":"6904cf645154fb18bf34d709","name":"DeleteMe","email":"deletetestcykjy@mail.com","role":"user","token":"eyJhbGciOiJIUzI1NiIsInR5cCI6IkpXVCJ9.eyJpZCI6IjY5MDRjZjY0NTE1NGZiMThiZjM0ZDcwOSIsImlhdCI6MTc2MTkyMjkxNiwiZXhwIjoxNzYyMDA5MzE2fQ.ChoQJkj4B_VVeylKNhhO1WcwkrvPThdfgWVlSKiWtwo"}} 
 </msg>
<msg time="2025-10-31T11:01:56.425116" level="INFO">${create_response} = &lt;Response [201]&gt;</msg>
<var>${create_response}</var>
<arg>api</arg>
<arg>/auth/register</arg>
<arg>json=${body}</arg>
<doc>Sends a POST request on a previously created HTTP Session.</doc>
<status status="PASS" start="2025-10-31T11:01:56.364490" elapsed="0.060642"/>
</kw>
<kw name="Get From Dictionary" owner="Collections">
<msg time="2025-10-31T11:01:56.425719" level="INFO">${user_id} = 6904cf645154fb18bf34d709</msg>
<var>${user_id}</var>
<arg>${create_response.json()["data"]}</arg>
<arg>_id</arg>
<doc>Returns a value from the given ``dictionary`` based on the given ``key``.</doc>
<status status="PASS" start="2025-10-31T11:01:56.425308" elapsed="0.000428"/>
</kw>
<kw name="Set Global Variable" owner="BuiltIn">
<msg time="2025-10-31T11:01:56.426180" level="INFO">${CREATED_USER_ID} = 6904cf645154fb18bf34d709</msg>
<arg>${CREATED_USER_ID}</arg>
<arg>${user_id}</arg>
<doc>Makes a variable available globally in all tests and suites.</doc>
<status status="PASS" start="2025-10-31T11:01:56.426017" elapsed="0.000188"/>
</kw>
<kw name="Create Authorized Session" owner="keywords">
<kw name="Catenate" owner="BuiltIn">
<msg time="2025-10-31T11:01:56.426620" level="INFO">${auth_header} = BearerBearer eyJhbGciOiJIUzI1NiIsInR5cCI6IkpXVCJ9.eyJpZCI6IjY5MDRjZTViZDZlNmRhMWUzMGM2MWRjOCIsImlhdCI6MTc2MTkyMjkxNiwiZXhwIjoxNzYxOTI2NTE2fQ.jw2KBEwtDhULI65AG-v_Gyei0zBGFK3cCzGwX5bm4-E</msg>
<var>${auth_header}</var>
<arg>SEPARATOR=</arg>
<arg>Bearer</arg>
<arg>${token}</arg>
<doc>Catenates the given items together and returns the resulted string.</doc>
<status status="PASS" start="2025-10-31T11:01:56.426521" elapsed="0.000112"/>
</kw>
<kw name="Create Session" owner="RequestsLibrary">
<msg time="2025-10-31T11:01:56.426866" level="INFO">Creating Session using : alias=api, url=http://localhost:5000/api/v1, headers={'Authorization': 'BearerBearer eyJhbGciOiJIUzI1NiIsInR5cCI6IkpXVCJ9.eyJpZCI6IjY5MDRjZTViZDZlNmRhMWUzMGM2MWRjOCIsImlhdCI6MTc2MTkyMjkxNiwiZXhwIjoxNzYxOTI2NTE2fQ.jw2KBEwtDhULI65AG-v_Gyei0zBGFK3cCzGwX5bm4-E', 'Content-Type': 'application/json'},                     cookies={}, auth=None, timeout=None, proxies=None, verify=False,                     debug=0 </msg>
<arg>api</arg>
<arg>${BASE_URL}</arg>
<arg>headers={"Authorization": "${auth_header}", "Content-Type": "application/json"}</arg>
<doc>Create Session: create a HTTP session to a server</doc>
<status status="PASS" start="2025-10-31T11:01:56.426697" elapsed="0.000267"/>
</kw>
<arg>${TOKEN_ADMIN}</arg>
<status status="PASS" start="2025-10-31T11:01:56.426336" elapsed="0.000670"/>
</kw>
<kw name="DELETE On Session" owner="RequestsLibrary">
<msg time="2025-10-31T11:01:56.431931" level="INFO">DELETE Request : url=http://localhost:5000/api/v1/users/6904cf645154fb18bf34d709 
 path_url=/api/v1/users/6904cf645154fb18bf34d709 
 headers={'User-Agent': 'python-requests/2.32.4', 'Accept-Encoding': 'gzip, deflate, br', 'Accept': '*/*', 'Connection': 'keep-alive', 'Authorization': 'BearerBearer eyJhbGciOiJIUzI1NiIsInR5cCI6IkpXVCJ9.eyJpZCI6IjY5MDRjZTViZDZlNmRhMWUzMGM2MWRjOCIsImlhdCI6MTc2MTkyMjkxNiwiZXhwIjoxNzYxOTI2NTE2fQ.jw2KBEwtDhULI65AG-v_Gyei0zBGFK3cCzGwX5bm4-E', 'Content-Type': 'application/json', 'Content-Length': '0'} 
 body=None 
 </msg>
<msg time="2025-10-31T11:01:56.431986" level="INFO">DELETE Response : url=http://localhost:5000/api/v1/users/6904cf645154fb18bf34d709 
 status=200, reason=OK 
 headers={'X-Powered-By': 'Express', 'Access-Control-Allow-Origin': '*', 'Content-Type': 'application/json; charset=utf-8', 'Content-Length': '41', 'ETag': 'W/"29-acm6zjlFy5zJu9kfItNOkEuApLY"', 'Date': 'Fri, 31 Oct 2025 15:01:56 GMT', 'Connection': 'keep-alive', 'Keep-Alive': 'timeout=5'} 
 body={"success":true,"message":"User removed"} 
 </msg>
<msg time="2025-10-31T11:01:56.432067" level="INFO">${delete_response} = &lt;Response [200]&gt;</msg>
<var>${delete_response}</var>
<arg>api</arg>
<arg>${USER_ENDPOINT}${CREATED_USER_ID}</arg>
<doc>Sends a DELETE request on a previously created HTTP Session.</doc>
<status status="PASS" start="2025-10-31T11:01:56.427579" elapsed="0.004502"/>
</kw>
<kw name="Validate 200 OK Response" owner="keywords">
<kw name="Should Be Equal As Integers" owner="BuiltIn">
<msg time="2025-10-31T11:01:56.432806" level="INFO">Argument types are:
&lt;class 'int'&gt;
&lt;class 'str'&gt;</msg>
<arg>${response.status_code}</arg>
<arg>200</arg>
<doc>Fails if objects are unequal after converting them to integers.</doc>
<status status="PASS" start="2025-10-31T11:01:56.432484" elapsed="0.000359"/>
</kw>
<kw name="Log To Console" owner="BuiltIn">
<arg>🟢 Status 200 OK validado.</arg>
<doc>Logs the given message to the console.</doc>
<status status="PASS" start="2025-10-31T11:01:56.432924" elapsed="0.000078"/>
</kw>
<arg>${delete_response}</arg>
<status status="PASS" start="2025-10-31T11:01:56.432258" elapsed="0.000781"/>
</kw>
<kw name="GET On Session" owner="RequestsLibrary">
<msg time="2025-10-31T11:01:56.436161" level="INFO">GET Request : url=http://localhost:5000/api/v1/users/6904cf645154fb18bf34d709 
 path_url=/api/v1/users/6904cf645154fb18bf34d709 
 headers={'User-Agent': 'python-requests/2.32.4', 'Accept-Encoding': 'gzip, deflate, br', 'Accept': '*/*', 'Connection': 'keep-alive', 'Authorization': 'BearerBearer eyJhbGciOiJIUzI1NiIsInR5cCI6IkpXVCJ9.eyJpZCI6IjY5MDRjZTViZDZlNmRhMWUzMGM2MWRjOCIsImlhdCI6MTc2MTkyMjkxNiwiZXhwIjoxNzYxOTI2NTE2fQ.jw2KBEwtDhULI65AG-v_Gyei0zBGFK3cCzGwX5bm4-E', 'Content-Type': 'application/json'} 
 body=None 
 </msg>
<msg time="2025-10-31T11:01:56.436212" level="INFO">GET Response : url=http://localhost:5000/api/v1/users/6904cf645154fb18bf34d709 
 status=404, reason=Not Found 
 headers={'X-Powered-By': 'Express', 'Access-Control-Allow-Origin': '*', 'Content-Type': 'application/json; charset=utf-8', 'Content-Length': '44', 'ETag': 'W/"2c-EAnCIFy1uGovyo/FU6KYwnjLgrc"', 'Date': 'Fri, 31 Oct 2025 15:01:56 GMT', 'Connection': 'keep-alive', 'Keep-Alive': 'timeout=5'} 
 body={"success":false,"message":"User not found"} 
 </msg>
<msg time="2025-10-31T11:01:56.436286" level="INFO">${get_response} = &lt;Response [404]&gt;</msg>
<var>${get_response}</var>
<arg>api</arg>
<arg>${USER_ENDPOINT}${CREATED_USER_ID}</arg>
<arg>expected_status=any</arg>
<doc>Sends a GET request on a previously created HTTP Session.</doc>
<status status="PASS" start="2025-10-31T11:01:56.433118" elapsed="0.003182"/>
</kw>
<kw name="Validate 404 Not Found Response" owner="keywords">
<kw name="Should Be Equal As Integers" owner="BuiltIn">
<msg time="2025-10-31T11:01:56.437076" level="INFO">Argument types are:
&lt;class 'int'&gt;
&lt;class 'str'&gt;</msg>
<arg>${response.status_code}</arg>
<arg>404</arg>
<doc>Fails if objects are unequal after converting them to integers.</doc>
<status status="PASS" start="2025-10-31T11:01:56.436757" elapsed="0.000355"/>
</kw>
<kw name="Log To Console" owner="BuiltIn">
<arg>🔍 Status 404 Not Found validado.</arg>
<doc>Logs the given message to the console.</doc>
<status status="PASS" start="2025-10-31T11:01:56.437195" elapsed="0.000089"/>
</kw>
<arg>${get_response}</arg>
<status status="PASS" start="2025-10-31T11:01:56.436513" elapsed="0.000814"/>
</kw>
<kw name="Set Global Variable" owner="BuiltIn">
<msg time="2025-10-31T11:01:56.437566" level="INFO">${CREATED_USER_ID} = None</msg>
<arg>${CREATED_USER_ID}</arg>
<arg>None</arg>
<doc>Makes a variable available globally in all tests and suites.</doc>
<status status="PASS" start="2025-10-31T11:01:56.437429" elapsed="0.000161"/>
</kw>
<kw name="Run Keyword If" owner="BuiltIn" type="TEARDOWN">
<arg>'${CREATED_USER_ID}' != 'None'</arg>
<arg>Safe Delete Created User</arg>
<doc>Runs the given keyword with the given arguments, if ``condition`` is true.</doc>
<status status="PASS" start="2025-10-31T11:01:56.437744" elapsed="0.000102"/>
</kw>
<doc>Cria usuário temporário e o exclui com sucesso</doc>
<status status="PASS" start="2025-10-31T11:01:56.358416" elapsed="0.079478"/>
</test>
<status status="PASS" start="2025-10-31T11:01:56.165225" elapsed="0.273011"/>
</suite>
<status status="FAIL" start="2025-10-31T11:01:54.385779" elapsed="2.052769"/>
</suite>
<statistics>
<total>
<stat pass="26" fail="7" skip="0">All Tests</stat>
</total>
<tag>
</tag>
<suite>
<stat pass="26" fail="7" skip="0" id="s1" name="Testcases">Testcases</stat>
<stat pass="7" fail="0" skip="0" id="s1-s1" name="Auth Tests">Testcases.Auth Tests</stat>
<stat pass="5" fail="0" skip="0" id="s1-s2" name="Movies Tests">Testcases.Movies Tests</stat>
<stat pass="0" fail="6" skip="0" id="s1-s3" name="Reservations Tests">Testcases.Reservations Tests</stat>
<stat pass="5" fail="0" skip="0" id="s1-s4" name="Sessions Tests">Testcases.Sessions Tests</stat>
<stat pass="4" fail="1" skip="0" id="s1-s5" name="Theaters Tests">Testcases.Theaters Tests</stat>
<stat pass="5" fail="0" skip="0" id="s1-s6" name="Users Tests">Testcases.Users Tests</stat>
</suite>
</statistics>
<errors>
</errors>
</robot>
