<?xml version="1.0" encoding="UTF-8"?>
<robot generator="Robot 7.3.2 (Python 3.10.12 on linux)" generated="2025-10-31T01:10:18.102858" rpa="false" schemaversion="5">
<suite id="s1" name="Testcases" source="/home/gregoryozaki/Documentos/compass/challenge-final/api-tests/testcases">
<suite id="s1-s1" name="Auth Tests" source="/home/gregoryozaki/Documentos/compass/challenge-final/api-tests/testcases/auth_tests.robot">
<test id="s1-s1-t1" name="CT01 - Registro de novo usuário válido" line="7">
<kw name="Create Unauthorized Session" owner="keywords">
<kw name="Create Session" owner="RequestsLibrary">
<msg time="2025-10-31T01:10:18.192334" level="INFO">Creating Session using : alias=api, url=http://localhost:5000/api/v1, headers={'Content-Type': 'application/json'},                     cookies={}, auth=None, timeout=None, proxies=None, verify=False,                     debug=0 </msg>
<arg>api</arg>
<arg>${BASE_URL}</arg>
<arg>headers={"Content-Type": "application/json"}</arg>
<doc>Create Session: create a HTTP session to a server</doc>
<status status="PASS" start="2025-10-31T01:10:18.192109" elapsed="0.000366"/>
</kw>
<status status="PASS" start="2025-10-31T01:10:18.191697" elapsed="0.000858"/>
</kw>
<kw name="Generate Random String" owner="String">
<msg time="2025-10-31T01:10:18.192866" level="INFO">${random_suffix} = czQnG</msg>
<var>${random_suffix}</var>
<arg>5</arg>
<arg>[LETTERS]</arg>
<doc>Generates a string with a desired ``length`` from the given ``chars``.</doc>
<status status="PASS" start="2025-10-31T01:10:18.192672" elapsed="0.000216"/>
</kw>
<kw name="Catenate" owner="BuiltIn">
<msg time="2025-10-31T01:10:18.193149" level="INFO">${new_email} = testuser@mail.comczQnG</msg>
<var>${new_email}</var>
<arg>SEPARATOR=@mail.com</arg>
<arg>${NEW_USER_EMAIL_PREFIX}</arg>
<arg>${random_suffix}</arg>
<doc>Catenates the given items together and returns the resulted string.</doc>
<status status="PASS" start="2025-10-31T01:10:18.192997" elapsed="0.000169"/>
</kw>
<kw name="Create Dictionary" owner="BuiltIn">
<msg time="2025-10-31T01:10:18.193529" level="INFO">${body} = {'email': 'testuser@mail.comczQnG', 'password': '123456', 'name': 'Test User'}</msg>
<var>${body}</var>
<arg>email=${new_email}</arg>
<arg>password=123456</arg>
<arg>name=Test User</arg>
<doc>Creates and returns a dictionary based on the given ``items``.</doc>
<status status="PASS" start="2025-10-31T01:10:18.193264" elapsed="0.000282"/>
</kw>
<kw name="POST On Session" owner="RequestsLibrary">
<msg time="2025-10-31T01:10:18.200231" level="INFO">POST Request : url=http://localhost:5000/api/v1/auth/register 
 path_url=/api/v1/auth/register 
 headers={'User-Agent': 'python-requests/2.32.4', 'Accept-Encoding': 'gzip, deflate, br', 'Accept': '*/*', 'Connection': 'keep-alive', 'Content-Type': 'application/json', 'Content-Length': '78'} 
 body=b'{"email": "testuser@mail.comczQnG", "password": "123456", "name": "Test User"}' 
 </msg>
<msg time="2025-10-31T01:10:18.200324" level="INFO">POST Response : url=http://localhost:5000/api/v1/auth/register 
 status=400, reason=Bad Request 
 headers={'X-Powered-By': 'Express', 'Access-Control-Allow-Origin': '*', 'Content-Type': 'application/json; charset=utf-8', 'Content-Length': '97', 'ETag': 'W/"61-Krv9gnZpw94ZcTkLQB5OMXVuBok"', 'Date': 'Fri, 31 Oct 2025 05:10:18 GMT', 'Connection': 'keep-alive', 'Keep-Alive': 'timeout=5'} 
 body={"success":false,"message":"Validation failed","errors":{"email":"Please provide a valid email"}} 
 </msg>
<msg time="2025-10-31T01:10:18.200486" level="FAIL">HTTPError: 400 Client Error: Bad Request for url: http://localhost:5000/api/v1/auth/register</msg>
<var>${response}</var>
<arg>api</arg>
<arg>/auth/register</arg>
<arg>json=${body}</arg>
<doc>Sends a POST request on a previously created HTTP Session.</doc>
<status status="FAIL" start="2025-10-31T01:10:18.193632" elapsed="0.007233">HTTPError: 400 Client Error: Bad Request for url: http://localhost:5000/api/v1/auth/register</status>
</kw>
<kw name="Validate 201 Created Response" owner="keywords">
<arg>${response}</arg>
<status status="NOT RUN" start="2025-10-31T01:10:18.201128" elapsed="0.000036"/>
</kw>
<status status="FAIL" start="2025-10-31T01:10:18.191173" elapsed="0.010156">HTTPError: 400 Client Error: Bad Request for url: http://localhost:5000/api/v1/auth/register</status>
</test>
<test id="s1-s1-t2" name="CT02 - Registro com e-mail existente (Falha - 400)" line="17">
<kw name="Create Unauthorized Session" owner="keywords">
<kw name="Create Session" owner="RequestsLibrary">
<msg time="2025-10-31T01:10:18.202120" level="INFO">Creating Session using : alias=api, url=http://localhost:5000/api/v1, headers={'Content-Type': 'application/json'},                     cookies={}, auth=None, timeout=None, proxies=None, verify=False,                     debug=0 </msg>
<arg>api</arg>
<arg>${BASE_URL}</arg>
<arg>headers={"Content-Type": "application/json"}</arg>
<doc>Create Session: create a HTTP session to a server</doc>
<status status="PASS" start="2025-10-31T01:10:18.201926" elapsed="0.000317"/>
</kw>
<status status="PASS" start="2025-10-31T01:10:18.201732" elapsed="0.000555"/>
</kw>
<kw name="Create Dictionary" owner="BuiltIn">
<msg time="2025-10-31T01:10:18.202562" level="INFO">${body} = {'email': 'user@example.com', 'password': '123456', 'name': 'Test User'}</msg>
<var>${body}</var>
<arg>email=${USER_EMAIL}</arg>
<arg>password=123456</arg>
<arg>name=Test User</arg>
<doc>Creates and returns a dictionary based on the given ``items``.</doc>
<status status="PASS" start="2025-10-31T01:10:18.202379" elapsed="0.000201"/>
</kw>
<kw name="POST On Session" owner="RequestsLibrary">
<msg time="2025-10-31T01:10:18.205935" level="INFO">POST Request : url=http://localhost:5000/api/v1/auth/register 
 path_url=/api/v1/auth/register 
 headers={'User-Agent': 'python-requests/2.32.4', 'Accept-Encoding': 'gzip, deflate, br', 'Accept': '*/*', 'Connection': 'keep-alive', 'Content-Type': 'application/json', 'Content-Length': '72'} 
 body=b'{"email": "user@example.com", "password": "123456", "name": "Test User"}' 
 </msg>
<msg time="2025-10-31T01:10:18.206015" level="INFO">POST Response : url=http://localhost:5000/api/v1/auth/register 
 status=400, reason=Bad Request 
 headers={'X-Powered-By': 'Express', 'Access-Control-Allow-Origin': '*', 'Content-Type': 'application/json; charset=utf-8', 'Content-Length': '49', 'ETag': 'W/"31-WKEMg8zALB1Ko0WjUHi/6RBGHVc"', 'Date': 'Fri, 31 Oct 2025 05:10:18 GMT', 'Connection': 'keep-alive', 'Keep-Alive': 'timeout=5'} 
 body={"success":false,"message":"User already exists"} 
 </msg>
<msg time="2025-10-31T01:10:18.206127" level="FAIL">HTTPError: 400 Client Error: Bad Request for url: http://localhost:5000/api/v1/auth/register</msg>
<var>${response}</var>
<arg>api</arg>
<arg>/auth/register</arg>
<arg>json=${body}</arg>
<doc>Sends a POST request on a previously created HTTP Session.</doc>
<status status="FAIL" start="2025-10-31T01:10:18.202668" elapsed="0.003581">HTTPError: 400 Client Error: Bad Request for url: http://localhost:5000/api/v1/auth/register</status>
</kw>
<kw name="Validate 400 Bad Request Response" owner="keywords">
<arg>${response}</arg>
<status status="NOT RUN" start="2025-10-31T01:10:18.206508" elapsed="0.000031"/>
</kw>
<status status="FAIL" start="2025-10-31T01:10:18.201473" elapsed="0.005218">HTTPError: 400 Client Error: Bad Request for url: http://localhost:5000/api/v1/auth/register</status>
</test>
<test id="s1-s1-t3" name="CT03 - Login de sucesso (Admin - 200)" line="24">
<kw name="Login As Admin" owner="keywords">
<kw name="Create Session" owner="RequestsLibrary">
<msg time="2025-10-31T01:10:18.207418" level="INFO">Creating Session using : alias=api, url=http://localhost:5000/api/v1, headers={},                     cookies={}, auth=None, timeout=None, proxies=None, verify=False,                     debug=0 </msg>
<arg>api</arg>
<arg>${BASE_URL}</arg>
<doc>Create Session: create a HTTP session to a server</doc>
<status status="PASS" start="2025-10-31T01:10:18.207303" elapsed="0.000342"/>
</kw>
<kw name="Create Dictionary" owner="BuiltIn">
<msg time="2025-10-31T01:10:18.207924" level="INFO">${body} = {'email': 'admin@example.com', 'password': 'password123'}</msg>
<var>${body}</var>
<arg>email=${ADMIN_EMAIL}</arg>
<arg>password=${ADMIN_PASSWORD}</arg>
<doc>Creates and returns a dictionary based on the given ``items``.</doc>
<status status="PASS" start="2025-10-31T01:10:18.207734" elapsed="0.000260"/>
</kw>
<kw name="POST On Session" owner="RequestsLibrary">
<msg time="2025-10-31T01:10:18.210681" level="INFO">POST Request : url=http://localhost:5000/api/v1/auth/login 
 path_url=/api/v1/auth/login 
 headers={'User-Agent': 'python-requests/2.32.4', 'Accept-Encoding': 'gzip, deflate, br', 'Accept': '*/*', 'Connection': 'keep-alive', 'Content-Length': '57', 'Content-Type': 'application/json'} 
 body=b'{"email": "admin@example.com", "password": "password123"}' 
 </msg>
<msg time="2025-10-31T01:10:18.210738" level="INFO">POST Response : url=http://localhost:5000/api/v1/auth/login 
 status=401, reason=Unauthorized 
 headers={'X-Powered-By': 'Express', 'Access-Control-Allow-Origin': '*', 'Content-Type': 'application/json; charset=utf-8', 'Content-Length': '55', 'ETag': 'W/"37-5uDpJTljPBecOPs/j7OXFdPRcmQ"', 'Date': 'Fri, 31 Oct 2025 05:10:18 GMT', 'Connection': 'keep-alive', 'Keep-Alive': 'timeout=5'} 
 body={"success":false,"message":"Invalid email or password"} 
 </msg>
<msg time="2025-10-31T01:10:18.210819" level="FAIL">HTTPError: 401 Client Error: Unauthorized for url: http://localhost:5000/api/v1/auth/login</msg>
<var>${response}</var>
<arg>api</arg>
<arg>/auth/login</arg>
<arg>json=${body}</arg>
<doc>Sends a POST request on a previously created HTTP Session.</doc>
<status status="FAIL" start="2025-10-31T01:10:18.208068" elapsed="0.002839">HTTPError: 401 Client Error: Unauthorized for url: http://localhost:5000/api/v1/auth/login</status>
</kw>
<kw name="Validate 200 OK Response" owner="keywords">
<arg>${response}</arg>
<status status="NOT RUN" start="2025-10-31T01:10:18.211060" elapsed="0.000023"/>
</kw>
<kw name="Get From Dictionary" owner="Collections">
<var>${token}</var>
<arg>${response.json()}</arg>
<arg>token</arg>
<doc>Returns a value from the given ``dictionary`` based on the given ``key``.</doc>
<status status="NOT RUN" start="2025-10-31T01:10:18.211166" elapsed="0.000014"/>
</kw>
<kw name="Set Global Variable" owner="BuiltIn">
<arg>${TOKEN_ADMIN}</arg>
<arg>${token}</arg>
<doc>Makes a variable available globally in all tests and suites.</doc>
<status status="NOT RUN" start="2025-10-31T01:10:18.211247" elapsed="0.000012"/>
</kw>
<status status="FAIL" start="2025-10-31T01:10:18.207089" elapsed="0.004240">HTTPError: 401 Client Error: Unauthorized for url: http://localhost:5000/api/v1/auth/login</status>
</kw>
<kw name="Should Not Be Equal" owner="BuiltIn">
<arg>${TOKEN_ADMIN}</arg>
<arg>None</arg>
<doc>Fails if the given objects are equal.</doc>
<status status="NOT RUN" start="2025-10-31T01:10:18.211430" elapsed="0.000013"/>
</kw>
<status status="FAIL" start="2025-10-31T01:10:18.206826" elapsed="0.004729">HTTPError: 401 Client Error: Unauthorized for url: http://localhost:5000/api/v1/auth/login</status>
</test>
<test id="s1-s1-t4" name="CT04 - Login de sucesso (Usuário - 200)" line="28">
<kw name="Login As User" owner="keywords">
<kw name="Create Session" owner="RequestsLibrary">
<msg time="2025-10-31T01:10:18.212181" level="INFO">Creating Session using : alias=api, url=http://localhost:5000/api/v1, headers={},                     cookies={}, auth=None, timeout=None, proxies=None, verify=False,                     debug=0 </msg>
<arg>api</arg>
<arg>${BASE_URL}</arg>
<doc>Create Session: create a HTTP session to a server</doc>
<status status="PASS" start="2025-10-31T01:10:18.212068" elapsed="0.000218"/>
</kw>
<kw name="Create Dictionary" owner="BuiltIn">
<msg time="2025-10-31T01:10:18.212535" level="INFO">${body} = {'email': 'user@example.com', 'password': 'password123'}</msg>
<var>${body}</var>
<arg>email=${USER_EMAIL}</arg>
<arg>password=${USER_PASSWORD}</arg>
<doc>Creates and returns a dictionary based on the given ``items``.</doc>
<status status="PASS" start="2025-10-31T01:10:18.212362" elapsed="0.000190"/>
</kw>
<kw name="POST On Session" owner="RequestsLibrary">
<msg time="2025-10-31T01:10:18.214960" level="INFO">POST Request : url=http://localhost:5000/api/v1/auth/login 
 path_url=/api/v1/auth/login 
 headers={'User-Agent': 'python-requests/2.32.4', 'Accept-Encoding': 'gzip, deflate, br', 'Accept': '*/*', 'Connection': 'keep-alive', 'Content-Length': '56', 'Content-Type': 'application/json'} 
 body=b'{"email": "user@example.com", "password": "password123"}' 
 </msg>
<msg time="2025-10-31T01:10:18.215013" level="INFO">POST Response : url=http://localhost:5000/api/v1/auth/login 
 status=401, reason=Unauthorized 
 headers={'X-Powered-By': 'Express', 'Access-Control-Allow-Origin': '*', 'Content-Type': 'application/json; charset=utf-8', 'Content-Length': '55', 'ETag': 'W/"37-5uDpJTljPBecOPs/j7OXFdPRcmQ"', 'Date': 'Fri, 31 Oct 2025 05:10:18 GMT', 'Connection': 'keep-alive', 'Keep-Alive': 'timeout=5'} 
 body={"success":false,"message":"Invalid email or password"} 
 </msg>
<msg time="2025-10-31T01:10:18.215081" level="FAIL">HTTPError: 401 Client Error: Unauthorized for url: http://localhost:5000/api/v1/auth/login</msg>
<var>${response}</var>
<arg>api</arg>
<arg>/auth/login</arg>
<arg>json=${body}</arg>
<doc>Sends a POST request on a previously created HTTP Session.</doc>
<status status="FAIL" start="2025-10-31T01:10:18.212614" elapsed="0.002560">HTTPError: 401 Client Error: Unauthorized for url: http://localhost:5000/api/v1/auth/login</status>
</kw>
<kw name="Validate 200 OK Response" owner="keywords">
<arg>${response}</arg>
<status status="NOT RUN" start="2025-10-31T01:10:18.215322" elapsed="0.000023"/>
</kw>
<kw name="Get From Dictionary" owner="Collections">
<var>${token}</var>
<arg>${response.json()}</arg>
<arg>token</arg>
<doc>Returns a value from the given ``dictionary`` based on the given ``key``.</doc>
<status status="NOT RUN" start="2025-10-31T01:10:18.215416" elapsed="0.000013"/>
</kw>
<kw name="Set Global Variable" owner="BuiltIn">
<arg>${TOKEN_USER}</arg>
<arg>${token}</arg>
<doc>Makes a variable available globally in all tests and suites.</doc>
<status status="NOT RUN" start="2025-10-31T01:10:18.215494" elapsed="0.000011"/>
</kw>
<status status="FAIL" start="2025-10-31T01:10:18.211909" elapsed="0.003658">HTTPError: 401 Client Error: Unauthorized for url: http://localhost:5000/api/v1/auth/login</status>
</kw>
<kw name="Should Not Be Equal" owner="BuiltIn">
<arg>${TOKEN_USER}</arg>
<arg>None</arg>
<doc>Fails if the given objects are equal.</doc>
<status status="NOT RUN" start="2025-10-31T01:10:18.215655" elapsed="0.000013"/>
</kw>
<status status="FAIL" start="2025-10-31T01:10:18.211673" elapsed="0.004104">HTTPError: 401 Client Error: Unauthorized for url: http://localhost:5000/api/v1/auth/login</status>
</test>
<test id="s1-s1-t5" name="CT05 - Login inválido retorna 401" line="32">
<kw name="Create Unauthorized Session" owner="keywords">
<kw name="Create Session" owner="RequestsLibrary">
<msg time="2025-10-31T01:10:18.216419" level="INFO">Creating Session using : alias=api, url=http://localhost:5000/api/v1, headers={'Content-Type': 'application/json'},                     cookies={}, auth=None, timeout=None, proxies=None, verify=False,                     debug=0 </msg>
<arg>api</arg>
<arg>${BASE_URL}</arg>
<arg>headers={"Content-Type": "application/json"}</arg>
<doc>Create Session: create a HTTP session to a server</doc>
<status status="PASS" start="2025-10-31T01:10:18.216259" elapsed="0.000367"/>
</kw>
<status status="PASS" start="2025-10-31T01:10:18.216105" elapsed="0.000561"/>
</kw>
<kw name="Create Dictionary" owner="BuiltIn">
<msg time="2025-10-31T01:10:18.216871" level="INFO">${body} = {'email': 'wrong@mail.com', 'password': 'wrong'}</msg>
<var>${body}</var>
<arg>email=wrong@mail.com</arg>
<arg>password=wrong</arg>
<doc>Creates and returns a dictionary based on the given ``items``.</doc>
<status status="PASS" start="2025-10-31T01:10:18.216747" elapsed="0.000143"/>
</kw>
<kw name="POST On Session" owner="RequestsLibrary">
<msg time="2025-10-31T01:10:18.219517" level="INFO">POST Request : url=http://localhost:5000/api/v1/auth/login 
 path_url=/api/v1/auth/login 
 headers={'User-Agent': 'python-requests/2.32.4', 'Accept-Encoding': 'gzip, deflate, br', 'Accept': '*/*', 'Connection': 'keep-alive', 'Content-Type': 'application/json', 'Content-Length': '48'} 
 body=b'{"email": "wrong@mail.com", "password": "wrong"}' 
 </msg>
<msg time="2025-10-31T01:10:18.219637" level="INFO">POST Response : url=http://localhost:5000/api/v1/auth/login 
 status=401, reason=Unauthorized 
 headers={'X-Powered-By': 'Express', 'Access-Control-Allow-Origin': '*', 'Content-Type': 'application/json; charset=utf-8', 'Content-Length': '55', 'ETag': 'W/"37-5uDpJTljPBecOPs/j7OXFdPRcmQ"', 'Date': 'Fri, 31 Oct 2025 05:10:18 GMT', 'Connection': 'keep-alive', 'Keep-Alive': 'timeout=5'} 
 body={"success":false,"message":"Invalid email or password"} 
 </msg>
<msg time="2025-10-31T01:10:18.219741" level="FAIL">HTTPError: 401 Client Error: Unauthorized for url: http://localhost:5000/api/v1/auth/login</msg>
<var>${response}</var>
<arg>api</arg>
<arg>/auth/login</arg>
<arg>json=${body}</arg>
<doc>Sends a POST request on a previously created HTTP Session.</doc>
<status status="FAIL" start="2025-10-31T01:10:18.216971" elapsed="0.002869">HTTPError: 401 Client Error: Unauthorized for url: http://localhost:5000/api/v1/auth/login</status>
</kw>
<kw name="Validate 401 Unauthorized Response" owner="keywords">
<arg>${response}</arg>
<status status="NOT RUN" start="2025-10-31T01:10:18.220068" elapsed="0.000035"/>
</kw>
<status status="FAIL" start="2025-10-31T01:10:18.215890" elapsed="0.004354">HTTPError: 401 Client Error: Unauthorized for url: http://localhost:5000/api/v1/auth/login</status>
</test>
<test id="s1-s1-t6" name="CT06 - Acessar perfil autenticado (/auth/me - 200)" line="38">
<kw name="Login As User" owner="keywords">
<kw name="Create Session" owner="RequestsLibrary">
<msg time="2025-10-31T01:10:18.220904" level="INFO">Creating Session using : alias=api, url=http://localhost:5000/api/v1, headers={},                     cookies={}, auth=None, timeout=None, proxies=None, verify=False,                     debug=0 </msg>
<arg>api</arg>
<arg>${BASE_URL}</arg>
<doc>Create Session: create a HTTP session to a server</doc>
<status status="PASS" start="2025-10-31T01:10:18.220801" elapsed="0.000215"/>
</kw>
<kw name="Create Dictionary" owner="BuiltIn">
<msg time="2025-10-31T01:10:18.221288" level="INFO">${body} = {'email': 'user@example.com', 'password': 'password123'}</msg>
<var>${body}</var>
<arg>email=${USER_EMAIL}</arg>
<arg>password=${USER_PASSWORD}</arg>
<doc>Creates and returns a dictionary based on the given ``items``.</doc>
<status status="PASS" start="2025-10-31T01:10:18.221100" elapsed="0.000205"/>
</kw>
<kw name="POST On Session" owner="RequestsLibrary">
<msg time="2025-10-31T01:10:18.223971" level="INFO">POST Request : url=http://localhost:5000/api/v1/auth/login 
 path_url=/api/v1/auth/login 
 headers={'User-Agent': 'python-requests/2.32.4', 'Accept-Encoding': 'gzip, deflate, br', 'Accept': '*/*', 'Connection': 'keep-alive', 'Content-Length': '56', 'Content-Type': 'application/json'} 
 body=b'{"email": "user@example.com", "password": "password123"}' 
 </msg>
<msg time="2025-10-31T01:10:18.224024" level="INFO">POST Response : url=http://localhost:5000/api/v1/auth/login 
 status=401, reason=Unauthorized 
 headers={'X-Powered-By': 'Express', 'Access-Control-Allow-Origin': '*', 'Content-Type': 'application/json; charset=utf-8', 'Content-Length': '55', 'ETag': 'W/"37-5uDpJTljPBecOPs/j7OXFdPRcmQ"', 'Date': 'Fri, 31 Oct 2025 05:10:18 GMT', 'Connection': 'keep-alive', 'Keep-Alive': 'timeout=5'} 
 body={"success":false,"message":"Invalid email or password"} 
 </msg>
<msg time="2025-10-31T01:10:18.224101" level="FAIL">HTTPError: 401 Client Error: Unauthorized for url: http://localhost:5000/api/v1/auth/login</msg>
<var>${response}</var>
<arg>api</arg>
<arg>/auth/login</arg>
<arg>json=${body}</arg>
<doc>Sends a POST request on a previously created HTTP Session.</doc>
<status status="FAIL" start="2025-10-31T01:10:18.221373" elapsed="0.002816">HTTPError: 401 Client Error: Unauthorized for url: http://localhost:5000/api/v1/auth/login</status>
</kw>
<kw name="Validate 200 OK Response" owner="keywords">
<arg>${response}</arg>
<status status="NOT RUN" start="2025-10-31T01:10:18.224340" elapsed="0.000021"/>
</kw>
<kw name="Get From Dictionary" owner="Collections">
<var>${token}</var>
<arg>${response.json()}</arg>
<arg>token</arg>
<doc>Returns a value from the given ``dictionary`` based on the given ``key``.</doc>
<status status="NOT RUN" start="2025-10-31T01:10:18.224433" elapsed="0.000012"/>
</kw>
<kw name="Set Global Variable" owner="BuiltIn">
<arg>${TOKEN_USER}</arg>
<arg>${token}</arg>
<doc>Makes a variable available globally in all tests and suites.</doc>
<status status="NOT RUN" start="2025-10-31T01:10:18.224512" elapsed="0.000012"/>
</kw>
<status status="FAIL" start="2025-10-31T01:10:18.220625" elapsed="0.003962">HTTPError: 401 Client Error: Unauthorized for url: http://localhost:5000/api/v1/auth/login</status>
</kw>
<kw name="Create Authorized Session" owner="keywords">
<arg>${TOKEN_USER}</arg>
<status status="NOT RUN" start="2025-10-31T01:10:18.224706" elapsed="0.000015"/>
</kw>
<kw name="GET On Session" owner="RequestsLibrary">
<var>${response}</var>
<arg>api</arg>
<arg>/auth/me</arg>
<doc>Sends a GET request on a previously created HTTP Session.</doc>
<status status="NOT RUN" start="2025-10-31T01:10:18.224795" elapsed="0.000011"/>
</kw>
<kw name="Validate 200 OK Response" owner="keywords">
<arg>${response}</arg>
<status status="NOT RUN" start="2025-10-31T01:10:18.224890" elapsed="0.000013"/>
</kw>
<kw name="Get From Dictionary" owner="Collections">
<var>${user_email_response}</var>
<arg>${response.json()}</arg>
<arg>email</arg>
<doc>Returns a value from the given ``dictionary`` based on the given ``key``.</doc>
<status status="NOT RUN" start="2025-10-31T01:10:18.224965" elapsed="0.000010"/>
</kw>
<kw name="Should Be Equal" owner="BuiltIn">
<arg>${user_email_response}</arg>
<arg>${USER_EMAIL}</arg>
<doc>Fails if the given objects are unequal.</doc>
<status status="NOT RUN" start="2025-10-31T01:10:18.225041" elapsed="0.000011"/>
</kw>
<status status="FAIL" start="2025-10-31T01:10:18.220374" elapsed="0.004794">HTTPError: 401 Client Error: Unauthorized for url: http://localhost:5000/api/v1/auth/login</status>
</test>
<test id="s1-s1-t7" name="CT07 - Acessar perfil sem token (401)" line="48">
<kw name="Create Unauthorized Session" owner="keywords">
<kw name="Create Session" owner="RequestsLibrary">
<msg time="2025-10-31T01:10:18.225837" level="INFO">Creating Session using : alias=api, url=http://localhost:5000/api/v1, headers={'Content-Type': 'application/json'},                     cookies={}, auth=None, timeout=None, proxies=None, verify=False,                     debug=0 </msg>
<arg>api</arg>
<arg>${BASE_URL}</arg>
<arg>headers={"Content-Type": "application/json"}</arg>
<doc>Create Session: create a HTTP session to a server</doc>
<status status="PASS" start="2025-10-31T01:10:18.225667" elapsed="0.000398"/>
</kw>
<status status="PASS" start="2025-10-31T01:10:18.225506" elapsed="0.000612"/>
</kw>
<kw name="GET On Session" owner="RequestsLibrary">
<msg time="2025-10-31T01:10:18.227510" level="INFO">GET Request : url=http://localhost:5000/api/v1/auth/me 
 path_url=/api/v1/auth/me 
 headers={'User-Agent': 'python-requests/2.32.4', 'Accept-Encoding': 'gzip, deflate, br', 'Accept': '*/*', 'Connection': 'keep-alive', 'Content-Type': 'application/json'} 
 body=None 
 </msg>
<msg time="2025-10-31T01:10:18.227556" level="INFO">GET Response : url=http://localhost:5000/api/v1/auth/me 
 status=401, reason=Unauthorized 
 headers={'X-Powered-By': 'Express', 'Access-Control-Allow-Origin': '*', 'Content-Type': 'application/json; charset=utf-8', 'Content-Length': '65', 'ETag': 'W/"41-TJq3LYiwj1On+7IZ17oLU5tM1Zs"', 'Date': 'Fri, 31 Oct 2025 05:10:18 GMT', 'Connection': 'keep-alive', 'Keep-Alive': 'timeout=5'} 
 body={"success":false,"message":"Not authorized to access this route"} 
 </msg>
<msg time="2025-10-31T01:10:18.227623" level="FAIL">HTTPError: 401 Client Error: Unauthorized for url: http://localhost:5000/api/v1/auth/me</msg>
<var>${response}</var>
<arg>api</arg>
<arg>/auth/me</arg>
<doc>Sends a GET request on a previously created HTTP Session.</doc>
<status status="FAIL" start="2025-10-31T01:10:18.226208" elapsed="0.001528">HTTPError: 401 Client Error: Unauthorized for url: http://localhost:5000/api/v1/auth/me</status>
</kw>
<kw name="Validate 401 Unauthorized Response" owner="keywords">
<arg>${response}</arg>
<status status="NOT RUN" start="2025-10-31T01:10:18.227880" elapsed="0.000019"/>
</kw>
<status status="FAIL" start="2025-10-31T01:10:18.225292" elapsed="0.002719">HTTPError: 401 Client Error: Unauthorized for url: http://localhost:5000/api/v1/auth/me</status>
</test>
<status status="FAIL" start="2025-10-31T01:10:18.114008" elapsed="0.114267"/>
</suite>
<suite id="s1-s2" name="Movies Tests" source="/home/gregoryozaki/Documentos/compass/challenge-final/api-tests/testcases/movies_tests.robot">
<test id="s1-s2-t1" name="CT14 - Listar Filmes (Público - 200)" line="15">
<kw name="Login As Admin" owner="keywords" type="SETUP">
<kw name="Create Session" owner="RequestsLibrary">
<msg time="2025-10-31T01:10:18.230662" level="INFO">Creating Session using : alias=api, url=http://localhost:5000/api/v1, headers={},                     cookies={}, auth=None, timeout=None, proxies=None, verify=False,                     debug=0 </msg>
<arg>api</arg>
<arg>${BASE_URL}</arg>
<doc>Create Session: create a HTTP session to a server</doc>
<status status="PASS" start="2025-10-31T01:10:18.230571" elapsed="0.000189"/>
</kw>
<kw name="Create Dictionary" owner="BuiltIn">
<msg time="2025-10-31T01:10:18.231002" level="INFO">${body} = {'email': 'admin@example.com', 'password': 'password123'}</msg>
<var>${body}</var>
<arg>email=${ADMIN_EMAIL}</arg>
<arg>password=${ADMIN_PASSWORD}</arg>
<doc>Creates and returns a dictionary based on the given ``items``.</doc>
<status status="PASS" start="2025-10-31T01:10:18.230837" elapsed="0.000183"/>
</kw>
<kw name="POST On Session" owner="RequestsLibrary">
<msg time="2025-10-31T01:10:18.233906" level="INFO">POST Request : url=http://localhost:5000/api/v1/auth/login 
 path_url=/api/v1/auth/login 
 headers={'User-Agent': 'python-requests/2.32.4', 'Accept-Encoding': 'gzip, deflate, br', 'Accept': '*/*', 'Connection': 'keep-alive', 'Content-Length': '57', 'Content-Type': 'application/json'} 
 body=b'{"email": "admin@example.com", "password": "password123"}' 
 </msg>
<msg time="2025-10-31T01:10:18.233971" level="INFO">POST Response : url=http://localhost:5000/api/v1/auth/login 
 status=401, reason=Unauthorized 
 headers={'X-Powered-By': 'Express', 'Access-Control-Allow-Origin': '*', 'Content-Type': 'application/json; charset=utf-8', 'Content-Length': '55', 'ETag': 'W/"37-5uDpJTljPBecOPs/j7OXFdPRcmQ"', 'Date': 'Fri, 31 Oct 2025 05:10:18 GMT', 'Connection': 'keep-alive', 'Keep-Alive': 'timeout=5'} 
 body={"success":false,"message":"Invalid email or password"} 
 </msg>
<msg time="2025-10-31T01:10:18.234053" level="FAIL">HTTPError: 401 Client Error: Unauthorized for url: http://localhost:5000/api/v1/auth/login</msg>
<var>${response}</var>
<arg>api</arg>
<arg>/auth/login</arg>
<arg>json=${body}</arg>
<doc>Sends a POST request on a previously created HTTP Session.</doc>
<status status="FAIL" start="2025-10-31T01:10:18.231087" elapsed="0.003066">HTTPError: 401 Client Error: Unauthorized for url: http://localhost:5000/api/v1/auth/login</status>
</kw>
<kw name="Validate 200 OK Response" owner="keywords">
<arg>${response}</arg>
<status status="NOT RUN" start="2025-10-31T01:10:18.234321" elapsed="0.000025"/>
</kw>
<kw name="Get From Dictionary" owner="Collections">
<var>${token}</var>
<arg>${response.json()}</arg>
<arg>token</arg>
<doc>Returns a value from the given ``dictionary`` based on the given ``key``.</doc>
<status status="NOT RUN" start="2025-10-31T01:10:18.234420" elapsed="0.000011"/>
</kw>
<kw name="Set Global Variable" owner="BuiltIn">
<arg>${TOKEN_ADMIN}</arg>
<arg>${token}</arg>
<doc>Makes a variable available globally in all tests and suites.</doc>
<status status="NOT RUN" start="2025-10-31T01:10:18.234497" elapsed="0.000010"/>
</kw>
<status status="FAIL" start="2025-10-31T01:10:18.230420" elapsed="0.004150">HTTPError: 401 Client Error: Unauthorized for url: http://localhost:5000/api/v1/auth/login</status>
</kw>
<kw name="Run Keywords" owner="BuiltIn" type="TEARDOWN">
<kw name="Delete Resource By ID" owner="keywords">
<msg time="2025-10-31T01:10:18.234969" level="FAIL">Keyword 'keywords.Delete Resource By ID' expected 2 arguments, got 0.</msg>
<status status="FAIL" start="2025-10-31T01:10:18.234899" elapsed="0.000090">Keyword 'keywords.Delete Resource By ID' expected 2 arguments, got 0.</status>
</kw>
<kw name="None">
<msg time="2025-10-31T01:10:18.235684" level="FAIL">No keyword with name 'None' found.</msg>
<status status="FAIL" start="2025-10-31T01:10:18.235663" elapsed="0.000044">No keyword with name 'None' found.</status>
</kw>
<kw name="/movies/">
<msg time="2025-10-31T01:10:18.236352" level="FAIL">No keyword with name '/movies/' found.</msg>
<status status="FAIL" start="2025-10-31T01:10:18.236336" elapsed="0.000035">No keyword with name '/movies/' found.</status>
</kw>
<arg>Delete Resource By ID</arg>
<arg>${CREATED_MOVIE_ID}</arg>
<arg>/movies/</arg>
<doc>Executes all the given keywords in a sequence.</doc>
<status status="FAIL" start="2025-10-31T01:10:18.234759" elapsed="0.001666">Several failures occurred:

1) Keyword 'keywords.Delete Resource By ID' expected 2 arguments, got 0.

2) No keyword with name 'None' found.

3) No keyword with name '/movies/' found.</status>
</kw>
<status status="FAIL" start="2025-10-31T01:10:18.230191" elapsed="0.006294">Setup failed:
HTTPError: 401 Client Error: Unauthorized for url: http://localhost:5000/api/v1/auth/login

Also teardown failed:
Several failures occurred:

1) Keyword 'keywords.Delete Resource By ID' expected 2 arguments, got 0.

2) No keyword with name 'None' found.

3) No keyword with name '/movies/' found.</status>
</test>
<test id="s1-s2-t2" name="CT16 - Criação de Filme (Admin - 201)" line="20">
<kw name="Login As Admin" owner="keywords" type="SETUP">
<kw name="Create Session" owner="RequestsLibrary">
<msg time="2025-10-31T01:10:18.237102" level="INFO">Creating Session using : alias=api, url=http://localhost:5000/api/v1, headers={},                     cookies={}, auth=None, timeout=None, proxies=None, verify=False,                     debug=0 </msg>
<arg>api</arg>
<arg>${BASE_URL}</arg>
<doc>Create Session: create a HTTP session to a server</doc>
<status status="PASS" start="2025-10-31T01:10:18.237000" elapsed="0.000286"/>
</kw>
<kw name="Create Dictionary" owner="BuiltIn">
<msg time="2025-10-31T01:10:18.237537" level="INFO">${body} = {'email': 'admin@example.com', 'password': 'password123'}</msg>
<var>${body}</var>
<arg>email=${ADMIN_EMAIL}</arg>
<arg>password=${ADMIN_PASSWORD}</arg>
<doc>Creates and returns a dictionary based on the given ``items``.</doc>
<status status="PASS" start="2025-10-31T01:10:18.237364" elapsed="0.000189"/>
</kw>
<kw name="POST On Session" owner="RequestsLibrary">
<msg time="2025-10-31T01:10:18.240166" level="INFO">POST Request : url=http://localhost:5000/api/v1/auth/login 
 path_url=/api/v1/auth/login 
 headers={'User-Agent': 'python-requests/2.32.4', 'Accept-Encoding': 'gzip, deflate, br', 'Accept': '*/*', 'Connection': 'keep-alive', 'Content-Length': '57', 'Content-Type': 'application/json'} 
 body=b'{"email": "admin@example.com", "password": "password123"}' 
 </msg>
<msg time="2025-10-31T01:10:18.240236" level="INFO">POST Response : url=http://localhost:5000/api/v1/auth/login 
 status=401, reason=Unauthorized 
 headers={'X-Powered-By': 'Express', 'Access-Control-Allow-Origin': '*', 'Content-Type': 'application/json; charset=utf-8', 'Content-Length': '55', 'ETag': 'W/"37-5uDpJTljPBecOPs/j7OXFdPRcmQ"', 'Date': 'Fri, 31 Oct 2025 05:10:18 GMT', 'Connection': 'keep-alive', 'Keep-Alive': 'timeout=5'} 
 body={"success":false,"message":"Invalid email or password"} 
 </msg>
<msg time="2025-10-31T01:10:18.240317" level="FAIL">HTTPError: 401 Client Error: Unauthorized for url: http://localhost:5000/api/v1/auth/login</msg>
<var>${response}</var>
<arg>api</arg>
<arg>/auth/login</arg>
<arg>json=${body}</arg>
<doc>Sends a POST request on a previously created HTTP Session.</doc>
<status status="FAIL" start="2025-10-31T01:10:18.237619" elapsed="0.002832">HTTPError: 401 Client Error: Unauthorized for url: http://localhost:5000/api/v1/auth/login</status>
</kw>
<kw name="Validate 200 OK Response" owner="keywords">
<arg>${response}</arg>
<status status="NOT RUN" start="2025-10-31T01:10:18.240624" elapsed="0.000028"/>
</kw>
<kw name="Get From Dictionary" owner="Collections">
<var>${token}</var>
<arg>${response.json()}</arg>
<arg>token</arg>
<doc>Returns a value from the given ``dictionary`` based on the given ``key``.</doc>
<status status="NOT RUN" start="2025-10-31T01:10:18.240731" elapsed="0.000013"/>
</kw>
<kw name="Set Global Variable" owner="BuiltIn">
<arg>${TOKEN_ADMIN}</arg>
<arg>${token}</arg>
<doc>Makes a variable available globally in all tests and suites.</doc>
<status status="NOT RUN" start="2025-10-31T01:10:18.240808" elapsed="0.000010"/>
</kw>
<status status="FAIL" start="2025-10-31T01:10:18.236853" elapsed="0.004030">HTTPError: 401 Client Error: Unauthorized for url: http://localhost:5000/api/v1/auth/login</status>
</kw>
<kw name="Run Keywords" owner="BuiltIn" type="TEARDOWN">
<kw name="Delete Resource By ID" owner="keywords">
<msg time="2025-10-31T01:10:18.241298" level="FAIL">Keyword 'keywords.Delete Resource By ID' expected 2 arguments, got 0.</msg>
<status status="FAIL" start="2025-10-31T01:10:18.241230" elapsed="0.000088">Keyword 'keywords.Delete Resource By ID' expected 2 arguments, got 0.</status>
</kw>
<kw name="None">
<msg time="2025-10-31T01:10:18.241991" level="FAIL">No keyword with name 'None' found.</msg>
<status status="FAIL" start="2025-10-31T01:10:18.241970" elapsed="0.000043">No keyword with name 'None' found.</status>
</kw>
<kw name="/movies/">
<msg time="2025-10-31T01:10:18.242685" level="FAIL">No keyword with name '/movies/' found.</msg>
<status status="FAIL" start="2025-10-31T01:10:18.242668" elapsed="0.000039">No keyword with name '/movies/' found.</status>
</kw>
<arg>Delete Resource By ID</arg>
<arg>${CREATED_MOVIE_ID}</arg>
<arg>/movies/</arg>
<doc>Executes all the given keywords in a sequence.</doc>
<status status="FAIL" start="2025-10-31T01:10:18.241075" elapsed="0.001688">Several failures occurred:

1) Keyword 'keywords.Delete Resource By ID' expected 2 arguments, got 0.

2) No keyword with name 'None' found.

3) No keyword with name '/movies/' found.</status>
</kw>
<status status="FAIL" start="2025-10-31T01:10:18.236632" elapsed="0.006196">Setup failed:
HTTPError: 401 Client Error: Unauthorized for url: http://localhost:5000/api/v1/auth/login

Also teardown failed:
Several failures occurred:

1) Keyword 'keywords.Delete Resource By ID' expected 2 arguments, got 0.

2) No keyword with name 'None' found.

3) No keyword with name '/movies/' found.</status>
</test>
<test id="s1-s2-t3" name="CT17 - Tentativa de Criar Filme (Usuário Padrão - 403)" line="34">
<kw name="Login As Admin" owner="keywords" type="SETUP">
<kw name="Create Session" owner="RequestsLibrary">
<msg time="2025-10-31T01:10:18.243491" level="INFO">Creating Session using : alias=api, url=http://localhost:5000/api/v1, headers={},                     cookies={}, auth=None, timeout=None, proxies=None, verify=False,                     debug=0 </msg>
<arg>api</arg>
<arg>${BASE_URL}</arg>
<doc>Create Session: create a HTTP session to a server</doc>
<status status="PASS" start="2025-10-31T01:10:18.243394" elapsed="0.000321"/>
</kw>
<kw name="Create Dictionary" owner="BuiltIn">
<msg time="2025-10-31T01:10:18.243962" level="INFO">${body} = {'email': 'admin@example.com', 'password': 'password123'}</msg>
<var>${body}</var>
<arg>email=${ADMIN_EMAIL}</arg>
<arg>password=${ADMIN_PASSWORD}</arg>
<doc>Creates and returns a dictionary based on the given ``items``.</doc>
<status status="PASS" start="2025-10-31T01:10:18.243791" elapsed="0.000186"/>
</kw>
<kw name="POST On Session" owner="RequestsLibrary">
<msg time="2025-10-31T01:10:18.246739" level="INFO">POST Request : url=http://localhost:5000/api/v1/auth/login 
 path_url=/api/v1/auth/login 
 headers={'User-Agent': 'python-requests/2.32.4', 'Accept-Encoding': 'gzip, deflate, br', 'Accept': '*/*', 'Connection': 'keep-alive', 'Content-Length': '57', 'Content-Type': 'application/json'} 
 body=b'{"email": "admin@example.com", "password": "password123"}' 
 </msg>
<msg time="2025-10-31T01:10:18.246791" level="INFO">POST Response : url=http://localhost:5000/api/v1/auth/login 
 status=401, reason=Unauthorized 
 headers={'X-Powered-By': 'Express', 'Access-Control-Allow-Origin': '*', 'Content-Type': 'application/json; charset=utf-8', 'Content-Length': '55', 'ETag': 'W/"37-5uDpJTljPBecOPs/j7OXFdPRcmQ"', 'Date': 'Fri, 31 Oct 2025 05:10:18 GMT', 'Connection': 'keep-alive', 'Keep-Alive': 'timeout=5'} 
 body={"success":false,"message":"Invalid email or password"} 
 </msg>
<msg time="2025-10-31T01:10:18.246973" level="FAIL">HTTPError: 401 Client Error: Unauthorized for url: http://localhost:5000/api/v1/auth/login</msg>
<var>${response}</var>
<arg>api</arg>
<arg>/auth/login</arg>
<arg>json=${body}</arg>
<doc>Sends a POST request on a previously created HTTP Session.</doc>
<status status="FAIL" start="2025-10-31T01:10:18.244040" elapsed="0.003026">HTTPError: 401 Client Error: Unauthorized for url: http://localhost:5000/api/v1/auth/login</status>
</kw>
<kw name="Validate 200 OK Response" owner="keywords">
<arg>${response}</arg>
<status status="NOT RUN" start="2025-10-31T01:10:18.247219" elapsed="0.000022"/>
</kw>
<kw name="Get From Dictionary" owner="Collections">
<var>${token}</var>
<arg>${response.json()}</arg>
<arg>token</arg>
<doc>Returns a value from the given ``dictionary`` based on the given ``key``.</doc>
<status status="NOT RUN" start="2025-10-31T01:10:18.247312" elapsed="0.000011"/>
</kw>
<kw name="Set Global Variable" owner="BuiltIn">
<arg>${TOKEN_ADMIN}</arg>
<arg>${token}</arg>
<doc>Makes a variable available globally in all tests and suites.</doc>
<status status="NOT RUN" start="2025-10-31T01:10:18.247382" elapsed="0.000010"/>
</kw>
<status status="FAIL" start="2025-10-31T01:10:18.243234" elapsed="0.004215">HTTPError: 401 Client Error: Unauthorized for url: http://localhost:5000/api/v1/auth/login</status>
</kw>
<kw name="Run Keywords" owner="BuiltIn" type="TEARDOWN">
<kw name="Delete Resource By ID" owner="keywords">
<msg time="2025-10-31T01:10:18.247797" level="FAIL">Keyword 'keywords.Delete Resource By ID' expected 2 arguments, got 0.</msg>
<status status="FAIL" start="2025-10-31T01:10:18.247729" elapsed="0.000087">Keyword 'keywords.Delete Resource By ID' expected 2 arguments, got 0.</status>
</kw>
<kw name="None">
<msg time="2025-10-31T01:10:18.248496" level="FAIL">No keyword with name 'None' found.</msg>
<status status="FAIL" start="2025-10-31T01:10:18.248476" elapsed="0.000043">No keyword with name 'None' found.</status>
</kw>
<kw name="/movies/">
<msg time="2025-10-31T01:10:18.249188" level="FAIL">No keyword with name '/movies/' found.</msg>
<status status="FAIL" start="2025-10-31T01:10:18.249170" elapsed="0.000039">No keyword with name '/movies/' found.</status>
</kw>
<arg>Delete Resource By ID</arg>
<arg>${CREATED_MOVIE_ID}</arg>
<arg>/movies/</arg>
<doc>Executes all the given keywords in a sequence.</doc>
<status status="FAIL" start="2025-10-31T01:10:18.247609" elapsed="0.001656">Several failures occurred:

1) Keyword 'keywords.Delete Resource By ID' expected 2 arguments, got 0.

2) No keyword with name 'None' found.

3) No keyword with name '/movies/' found.</status>
</kw>
<status status="FAIL" start="2025-10-31T01:10:18.242979" elapsed="0.006351">Setup failed:
HTTPError: 401 Client Error: Unauthorized for url: http://localhost:5000/api/v1/auth/login

Also teardown failed:
Several failures occurred:

1) Keyword 'keywords.Delete Resource By ID' expected 2 arguments, got 0.

2) No keyword with name 'None' found.

3) No keyword with name '/movies/' found.</status>
</test>
<test id="s1-s2-t4" name="CT18 - Atualizar Filme (Admin - PUT)" line="41">
<kw name="Run Keywords" owner="BuiltIn" type="SETUP">
<kw name="Login As Admin" owner="keywords">
<kw name="Create Session" owner="RequestsLibrary">
<msg time="2025-10-31T01:10:18.250142" level="INFO">Creating Session using : alias=api, url=http://localhost:5000/api/v1, headers={},                     cookies={}, auth=None, timeout=None, proxies=None, verify=False,                     debug=0 </msg>
<arg>api</arg>
<arg>${BASE_URL}</arg>
<doc>Create Session: create a HTTP session to a server</doc>
<status status="PASS" start="2025-10-31T01:10:18.250035" elapsed="0.000219"/>
</kw>
<kw name="Create Dictionary" owner="BuiltIn">
<msg time="2025-10-31T01:10:18.250505" level="INFO">${body} = {'email': 'admin@example.com', 'password': 'password123'}</msg>
<var>${body}</var>
<arg>email=${ADMIN_EMAIL}</arg>
<arg>password=${ADMIN_PASSWORD}</arg>
<doc>Creates and returns a dictionary based on the given ``items``.</doc>
<status status="PASS" start="2025-10-31T01:10:18.250331" elapsed="0.000190"/>
</kw>
<kw name="POST On Session" owner="RequestsLibrary">
<msg time="2025-10-31T01:10:18.253309" level="INFO">POST Request : url=http://localhost:5000/api/v1/auth/login 
 path_url=/api/v1/auth/login 
 headers={'User-Agent': 'python-requests/2.32.4', 'Accept-Encoding': 'gzip, deflate, br', 'Accept': '*/*', 'Connection': 'keep-alive', 'Content-Length': '57', 'Content-Type': 'application/json'} 
 body=b'{"email": "admin@example.com", "password": "password123"}' 
 </msg>
<msg time="2025-10-31T01:10:18.253359" level="INFO">POST Response : url=http://localhost:5000/api/v1/auth/login 
 status=401, reason=Unauthorized 
 headers={'X-Powered-By': 'Express', 'Access-Control-Allow-Origin': '*', 'Content-Type': 'application/json; charset=utf-8', 'Content-Length': '55', 'ETag': 'W/"37-5uDpJTljPBecOPs/j7OXFdPRcmQ"', 'Date': 'Fri, 31 Oct 2025 05:10:18 GMT', 'Connection': 'keep-alive', 'Keep-Alive': 'timeout=5'} 
 body={"success":false,"message":"Invalid email or password"} 
 </msg>
<msg time="2025-10-31T01:10:18.253434" level="FAIL">HTTPError: 401 Client Error: Unauthorized for url: http://localhost:5000/api/v1/auth/login</msg>
<var>${response}</var>
<arg>api</arg>
<arg>/auth/login</arg>
<arg>json=${body}</arg>
<doc>Sends a POST request on a previously created HTTP Session.</doc>
<status status="FAIL" start="2025-10-31T01:10:18.250586" elapsed="0.002938">HTTPError: 401 Client Error: Unauthorized for url: http://localhost:5000/api/v1/auth/login</status>
</kw>
<kw name="Validate 200 OK Response" owner="keywords">
<arg>${response}</arg>
<status status="NOT RUN" start="2025-10-31T01:10:18.253670" elapsed="0.000022"/>
</kw>
<kw name="Get From Dictionary" owner="Collections">
<var>${token}</var>
<arg>${response.json()}</arg>
<arg>token</arg>
<doc>Returns a value from the given ``dictionary`` based on the given ``key``.</doc>
<status status="NOT RUN" start="2025-10-31T01:10:18.253762" elapsed="0.000012"/>
</kw>
<kw name="Set Global Variable" owner="BuiltIn">
<arg>${TOKEN_ADMIN}</arg>
<arg>${token}</arg>
<doc>Makes a variable available globally in all tests and suites.</doc>
<status status="NOT RUN" start="2025-10-31T01:10:18.253836" elapsed="0.000010"/>
</kw>
<status status="FAIL" start="2025-10-31T01:10:18.249875" elapsed="0.004033">HTTPError: 401 Client Error: Unauthorized for url: http://localhost:5000/api/v1/auth/login</status>
</kw>
<arg>Login As Admin</arg>
<arg>AND</arg>
<arg>CT16 - Criação de Filme (Admin - 201)</arg>
<doc>Executes all the given keywords in a sequence.</doc>
<status status="FAIL" start="2025-10-31T01:10:18.249732" elapsed="0.004211">HTTPError: 401 Client Error: Unauthorized for url: http://localhost:5000/api/v1/auth/login</status>
</kw>
<kw name="Run Keywords" owner="BuiltIn" type="TEARDOWN">
<kw name="Delete Resource By ID" owner="keywords">
<msg time="2025-10-31T01:10:18.254461" level="FAIL">Keyword 'keywords.Delete Resource By ID' expected 2 arguments, got 0.</msg>
<status status="FAIL" start="2025-10-31T01:10:18.254277" elapsed="0.000205">Keyword 'keywords.Delete Resource By ID' expected 2 arguments, got 0.</status>
</kw>
<kw name="None">
<msg time="2025-10-31T01:10:18.255124" level="FAIL">No keyword with name 'None' found.</msg>
<status status="FAIL" start="2025-10-31T01:10:18.255105" elapsed="0.000040">No keyword with name 'None' found.</status>
</kw>
<kw name="/movies/">
<msg time="2025-10-31T01:10:18.255777" level="FAIL">No keyword with name '/movies/' found.</msg>
<status status="FAIL" start="2025-10-31T01:10:18.255759" elapsed="0.000040">No keyword with name '/movies/' found.</status>
</kw>
<arg>Delete Resource By ID</arg>
<arg>${CREATED_MOVIE_ID}</arg>
<arg>/movies/</arg>
<doc>Executes all the given keywords in a sequence.</doc>
<status status="FAIL" start="2025-10-31T01:10:18.254130" elapsed="0.001721">Several failures occurred:

1) Keyword 'keywords.Delete Resource By ID' expected 2 arguments, got 0.

2) No keyword with name 'None' found.

3) No keyword with name '/movies/' found.</status>
</kw>
<status status="FAIL" start="2025-10-31T01:10:18.249481" elapsed="0.006428">Setup failed:
HTTPError: 401 Client Error: Unauthorized for url: http://localhost:5000/api/v1/auth/login

Also teardown failed:
Several failures occurred:

1) Keyword 'keywords.Delete Resource By ID' expected 2 arguments, got 0.

2) No keyword with name 'None' found.

3) No keyword with name '/movies/' found.</status>
</test>
<test id="s1-s2-t5" name="CT19 - Excluir Filme (Admin - DELETE)" line="52">
<kw name="Run Keywords" owner="BuiltIn" type="SETUP">
<kw name="Login As Admin" owner="keywords">
<kw name="Create Session" owner="RequestsLibrary">
<msg time="2025-10-31T01:10:18.256606" level="INFO">Creating Session using : alias=api, url=http://localhost:5000/api/v1, headers={},                     cookies={}, auth=None, timeout=None, proxies=None, verify=False,                     debug=0 </msg>
<arg>api</arg>
<arg>${BASE_URL}</arg>
<doc>Create Session: create a HTTP session to a server</doc>
<status status="PASS" start="2025-10-31T01:10:18.256514" elapsed="0.000188"/>
</kw>
<kw name="Create Dictionary" owner="BuiltIn">
<msg time="2025-10-31T01:10:18.256940" level="INFO">${body} = {'email': 'admin@example.com', 'password': 'password123'}</msg>
<var>${body}</var>
<arg>email=${ADMIN_EMAIL}</arg>
<arg>password=${ADMIN_PASSWORD}</arg>
<doc>Creates and returns a dictionary based on the given ``items``.</doc>
<status status="PASS" start="2025-10-31T01:10:18.256774" elapsed="0.000182"/>
</kw>
<kw name="POST On Session" owner="RequestsLibrary">
<msg time="2025-10-31T01:10:18.259542" level="INFO">POST Request : url=http://localhost:5000/api/v1/auth/login 
 path_url=/api/v1/auth/login 
 headers={'User-Agent': 'python-requests/2.32.4', 'Accept-Encoding': 'gzip, deflate, br', 'Accept': '*/*', 'Connection': 'keep-alive', 'Content-Length': '57', 'Content-Type': 'application/json'} 
 body=b'{"email": "admin@example.com", "password": "password123"}' 
 </msg>
<msg time="2025-10-31T01:10:18.259601" level="INFO">POST Response : url=http://localhost:5000/api/v1/auth/login 
 status=401, reason=Unauthorized 
 headers={'X-Powered-By': 'Express', 'Access-Control-Allow-Origin': '*', 'Content-Type': 'application/json; charset=utf-8', 'Content-Length': '55', 'ETag': 'W/"37-5uDpJTljPBecOPs/j7OXFdPRcmQ"', 'Date': 'Fri, 31 Oct 2025 05:10:18 GMT', 'Connection': 'keep-alive', 'Keep-Alive': 'timeout=5'} 
 body={"success":false,"message":"Invalid email or password"} 
 </msg>
<msg time="2025-10-31T01:10:18.259683" level="FAIL">HTTPError: 401 Client Error: Unauthorized for url: http://localhost:5000/api/v1/auth/login</msg>
<var>${response}</var>
<arg>api</arg>
<arg>/auth/login</arg>
<arg>json=${body}</arg>
<doc>Sends a POST request on a previously created HTTP Session.</doc>
<status status="FAIL" start="2025-10-31T01:10:18.257020" elapsed="0.002757">HTTPError: 401 Client Error: Unauthorized for url: http://localhost:5000/api/v1/auth/login</status>
</kw>
<kw name="Validate 200 OK Response" owner="keywords">
<arg>${response}</arg>
<status status="NOT RUN" start="2025-10-31T01:10:18.259938" elapsed="0.000025"/>
</kw>
<kw name="Get From Dictionary" owner="Collections">
<var>${token}</var>
<arg>${response.json()}</arg>
<arg>token</arg>
<doc>Returns a value from the given ``dictionary`` based on the given ``key``.</doc>
<status status="NOT RUN" start="2025-10-31T01:10:18.260040" elapsed="0.000051"/>
</kw>
<kw name="Set Global Variable" owner="BuiltIn">
<arg>${TOKEN_ADMIN}</arg>
<arg>${token}</arg>
<doc>Makes a variable available globally in all tests and suites.</doc>
<status status="NOT RUN" start="2025-10-31T01:10:18.260178" elapsed="0.000014"/>
</kw>
<status status="FAIL" start="2025-10-31T01:10:18.256372" elapsed="0.003899">HTTPError: 401 Client Error: Unauthorized for url: http://localhost:5000/api/v1/auth/login</status>
</kw>
<arg>Login As Admin</arg>
<arg>AND</arg>
<arg>CT16 - Criação de Filme (Admin - 201)</arg>
<doc>Executes all the given keywords in a sequence.</doc>
<status status="FAIL" start="2025-10-31T01:10:18.256248" elapsed="0.004059">HTTPError: 401 Client Error: Unauthorized for url: http://localhost:5000/api/v1/auth/login</status>
</kw>
<kw name="Run Keywords" owner="BuiltIn" type="TEARDOWN">
<kw name="Delete Resource By ID" owner="keywords">
<msg time="2025-10-31T01:10:18.260709" level="FAIL">Keyword 'keywords.Delete Resource By ID' expected 2 arguments, got 0.</msg>
<status status="FAIL" start="2025-10-31T01:10:18.260640" elapsed="0.000089">Keyword 'keywords.Delete Resource By ID' expected 2 arguments, got 0.</status>
</kw>
<kw name="None">
<msg time="2025-10-31T01:10:18.261408" level="FAIL">No keyword with name 'None' found.</msg>
<status status="FAIL" start="2025-10-31T01:10:18.261389" elapsed="0.000041">No keyword with name 'None' found.</status>
</kw>
<kw name="/movies/">
<msg time="2025-10-31T01:10:18.262681" level="FAIL">No keyword with name '/movies/' found.</msg>
<status status="FAIL" start="2025-10-31T01:10:18.262659" elapsed="0.000047">No keyword with name '/movies/' found.</status>
</kw>
<arg>Delete Resource By ID</arg>
<arg>${CREATED_MOVIE_ID}</arg>
<arg>/movies/</arg>
<doc>Executes all the given keywords in a sequence.</doc>
<status status="FAIL" start="2025-10-31T01:10:18.260494" elapsed="0.002267">Several failures occurred:

1) Keyword 'keywords.Delete Resource By ID' expected 2 arguments, got 0.

2) No keyword with name 'None' found.

3) No keyword with name '/movies/' found.</status>
</kw>
<status status="FAIL" start="2025-10-31T01:10:18.256050" elapsed="0.006772">Setup failed:
HTTPError: 401 Client Error: Unauthorized for url: http://localhost:5000/api/v1/auth/login

Also teardown failed:
Several failures occurred:

1) Keyword 'keywords.Delete Resource By ID' expected 2 arguments, got 0.

2) No keyword with name 'None' found.

3) No keyword with name '/movies/' found.</status>
</test>
<status status="FAIL" start="2025-10-31T01:10:18.228512" elapsed="0.034513"/>
</suite>
<suite id="s1-s3" name="Reservations Tests" source="/home/gregoryozaki/Documentos/compass/challenge-final/api-tests/testcases/reservations_tests.robot">
<test id="s1-s3-t1" name="CT33 - Criação de Reserva (Usuário Padrão - POST)" line="45">
<kw name="Run Keywords" owner="BuiltIn" type="SETUP">
<kw name="Create Reservation Dependencies">
<kw name="Login As Admin" owner="keywords">
<kw name="Create Session" owner="RequestsLibrary">
<msg time="2025-10-31T01:10:18.265652" level="INFO">Creating Session using : alias=api, url=http://localhost:5000/api/v1, headers={},                     cookies={}, auth=None, timeout=None, proxies=None, verify=False,                     debug=0 </msg>
<arg>api</arg>
<arg>${BASE_URL}</arg>
<doc>Create Session: create a HTTP session to a server</doc>
<status status="PASS" start="2025-10-31T01:10:18.265562" elapsed="0.000190"/>
</kw>
<kw name="Create Dictionary" owner="BuiltIn">
<msg time="2025-10-31T01:10:18.265987" level="INFO">${body} = {'email': 'admin@example.com', 'password': 'password123'}</msg>
<var>${body}</var>
<arg>email=${ADMIN_EMAIL}</arg>
<arg>password=${ADMIN_PASSWORD}</arg>
<doc>Creates and returns a dictionary based on the given ``items``.</doc>
<status status="PASS" start="2025-10-31T01:10:18.265825" elapsed="0.000178"/>
</kw>
<kw name="POST On Session" owner="RequestsLibrary">
<msg time="2025-10-31T01:10:18.275059" level="INFO">POST Request : url=http://localhost:5000/api/v1/auth/login 
 path_url=/api/v1/auth/login 
 headers={'User-Agent': 'python-requests/2.32.4', 'Accept-Encoding': 'gzip, deflate, br', 'Accept': '*/*', 'Connection': 'keep-alive', 'Content-Length': '57', 'Content-Type': 'application/json'} 
 body=b'{"email": "admin@example.com", "password": "password123"}' 
 </msg>
<msg time="2025-10-31T01:10:18.275130" level="INFO">POST Response : url=http://localhost:5000/api/v1/auth/login 
 status=401, reason=Unauthorized 
 headers={'X-Powered-By': 'Express', 'Access-Control-Allow-Origin': '*', 'Content-Type': 'application/json; charset=utf-8', 'Content-Length': '55', 'ETag': 'W/"37-5uDpJTljPBecOPs/j7OXFdPRcmQ"', 'Date': 'Fri, 31 Oct 2025 05:10:18 GMT', 'Connection': 'keep-alive', 'Keep-Alive': 'timeout=5'} 
 body={"success":false,"message":"Invalid email or password"} 
 </msg>
<msg time="2025-10-31T01:10:18.275219" level="FAIL">HTTPError: 401 Client Error: Unauthorized for url: http://localhost:5000/api/v1/auth/login</msg>
<var>${response}</var>
<arg>api</arg>
<arg>/auth/login</arg>
<arg>json=${body}</arg>
<doc>Sends a POST request on a previously created HTTP Session.</doc>
<status status="FAIL" start="2025-10-31T01:10:18.266066" elapsed="0.009248">HTTPError: 401 Client Error: Unauthorized for url: http://localhost:5000/api/v1/auth/login</status>
</kw>
<kw name="Validate 200 OK Response" owner="keywords">
<arg>${response}</arg>
<status status="NOT RUN" start="2025-10-31T01:10:18.275482" elapsed="0.000028"/>
</kw>
<kw name="Get From Dictionary" owner="Collections">
<var>${token}</var>
<arg>${response.json()}</arg>
<arg>token</arg>
<doc>Returns a value from the given ``dictionary`` based on the given ``key``.</doc>
<status status="NOT RUN" start="2025-10-31T01:10:18.275584" elapsed="0.000013"/>
</kw>
<kw name="Set Global Variable" owner="BuiltIn">
<arg>${TOKEN_ADMIN}</arg>
<arg>${token}</arg>
<doc>Makes a variable available globally in all tests and suites.</doc>
<status status="NOT RUN" start="2025-10-31T01:10:18.275661" elapsed="0.000013"/>
</kw>
<status status="FAIL" start="2025-10-31T01:10:18.265434" elapsed="0.010309">HTTPError: 401 Client Error: Unauthorized for url: http://localhost:5000/api/v1/auth/login</status>
</kw>
<kw name="Log" owner="BuiltIn">
<arg>Criando dependências para a Reserva (Movie, Theater, Session).</arg>
<doc>Logs the given message with the given level.</doc>
<status status="NOT RUN" start="2025-10-31T01:10:18.275808" elapsed="0.000012"/>
</kw>
<kw name="Generate Random String" owner="String">
<var>${movie_random}</var>
<arg>5</arg>
<arg>[LETTERS]</arg>
<doc>Generates a string with a desired ``length`` from the given ``chars``.</doc>
<status status="NOT RUN" start="2025-10-31T01:10:18.275878" elapsed="0.000011"/>
</kw>
<kw name="Generate Random String" owner="String">
<var>${theater_random}</var>
<arg>4</arg>
<arg>[NUMBERS]</arg>
<doc>Generates a string with a desired ``length`` from the given ``chars``.</doc>
<status status="NOT RUN" start="2025-10-31T01:10:18.275942" elapsed="0.000010"/>
</kw>
<kw name="Create Authorized Session" owner="keywords">
<arg>${TOKEN_ADMIN}</arg>
<status status="NOT RUN" start="2025-10-31T01:10:18.276037" elapsed="0.000016"/>
</kw>
<kw name="Create Dictionary" owner="BuiltIn">
<var>${movie_body}</var>
<arg>title=Filme Reserva Teste ${movie_random}</arg>
<arg>release_date=2026-02-01</arg>
<arg>duration=100</arg>
<arg>genre=Action</arg>
<doc>Creates and returns a dictionary based on the given ``items``.</doc>
<status status="NOT RUN" start="2025-10-31T01:10:18.276122" elapsed="0.000012"/>
</kw>
<kw name="POST On Session" owner="RequestsLibrary">
<var>${movie_response}</var>
<arg>api</arg>
<arg>/movies</arg>
<arg>json=${movie_body}</arg>
<doc>Sends a POST request on a previously created HTTP Session.</doc>
<status status="NOT RUN" start="2025-10-31T01:10:18.276192" elapsed="0.000011"/>
</kw>
<kw name="Get From Dictionary" owner="Collections">
<var>${movie_id}</var>
<arg>${movie_response.json()}</arg>
<arg>_id</arg>
<doc>Returns a value from the given ``dictionary`` based on the given ``key``.</doc>
<status status="NOT RUN" start="2025-10-31T01:10:18.276254" elapsed="0.000048"/>
</kw>
<kw name="Set Global Variable" owner="BuiltIn">
<arg>${CREATED_MOVIE_ID}</arg>
<arg>${movie_id}</arg>
<doc>Makes a variable available globally in all tests and suites.</doc>
<status status="NOT RUN" start="2025-10-31T01:10:18.276362" elapsed="0.000010"/>
</kw>
<kw name="Create Dictionary" owner="BuiltIn">
<var>${theater_body}</var>
<arg>name=Teatro Reserva Teste ${theater_random}</arg>
<arg>location=South</arg>
<arg>capacity=10</arg>
<doc>Creates and returns a dictionary based on the given ``items``.</doc>
<status status="NOT RUN" start="2025-10-31T01:10:18.276423" elapsed="0.000009"/>
</kw>
<kw name="POST On Session" owner="RequestsLibrary">
<var>${theater_response}</var>
<arg>api</arg>
<arg>/theaters</arg>
<arg>json=${theater_body}</arg>
<doc>Sends a POST request on a previously created HTTP Session.</doc>
<status status="NOT RUN" start="2025-10-31T01:10:18.276482" elapsed="0.000009"/>
</kw>
<kw name="Get From Dictionary" owner="Collections">
<var>${theater_id}</var>
<arg>${theater_response.json()}</arg>
<arg>_id</arg>
<doc>Returns a value from the given ``dictionary`` based on the given ``key``.</doc>
<status status="NOT RUN" start="2025-10-31T01:10:18.276539" elapsed="0.000009"/>
</kw>
<kw name="Set Global Variable" owner="BuiltIn">
<arg>${CREATED_THEATER_ID}</arg>
<arg>${theater_id}</arg>
<doc>Makes a variable available globally in all tests and suites.</doc>
<status status="NOT RUN" start="2025-10-31T01:10:18.276597" elapsed="0.000009"/>
</kw>
<kw name="Create Dictionary" owner="BuiltIn">
<var>${session_body}</var>
<arg>movie_id=${CREATED_MOVIE_ID}</arg>
<arg>theater_id=${CREATED_THEATER_ID}</arg>
<arg>time=18:00</arg>
<arg>price=20.0</arg>
<doc>Creates and returns a dictionary based on the given ``items``.</doc>
<status status="NOT RUN" start="2025-10-31T01:10:18.276655" elapsed="0.000009"/>
</kw>
<kw name="POST On Session" owner="RequestsLibrary">
<var>${session_response}</var>
<arg>api</arg>
<arg>/sessions</arg>
<arg>json=${session_body}</arg>
<doc>Sends a POST request on a previously created HTTP Session.</doc>
<status status="NOT RUN" start="2025-10-31T01:10:18.276715" elapsed="0.000009"/>
</kw>
<kw name="Get From Dictionary" owner="Collections">
<var>${session_id}</var>
<arg>${session_response.json()}</arg>
<arg>_id</arg>
<doc>Returns a value from the given ``dictionary`` based on the given ``key``.</doc>
<status status="NOT RUN" start="2025-10-31T01:10:18.276775" elapsed="0.000009"/>
</kw>
<kw name="Set Global Variable" owner="BuiltIn">
<arg>${CREATED_SESSION_ID}</arg>
<arg>${session_id}</arg>
<doc>Makes a variable available globally in all tests and suites.</doc>
<status status="NOT RUN" start="2025-10-31T01:10:18.276835" elapsed="0.000009"/>
</kw>
<status status="FAIL" start="2025-10-31T01:10:18.265269" elapsed="0.011632">HTTPError: 401 Client Error: Unauthorized for url: http://localhost:5000/api/v1/auth/login</status>
</kw>
<arg>Create Reservation Dependencies</arg>
<arg>AND</arg>
<arg>Login As User</arg>
<doc>Executes all the given keywords in a sequence.</doc>
<status status="FAIL" start="2025-10-31T01:10:18.265112" elapsed="0.011823">HTTPError: 401 Client Error: Unauthorized for url: http://localhost:5000/api/v1/auth/login</status>
</kw>
<kw name="Run Keywords" owner="BuiltIn" type="TEARDOWN">
<kw name="Delete Resource By ID" owner="keywords">
<msg time="2025-10-31T01:10:18.277651" level="FAIL">Variable '${CREATED_RESERVATION_ID}' not found.</msg>
<arg>${CREATED_RESERVATION_ID}</arg>
<arg>/reservations/</arg>
<status status="FAIL" start="2025-10-31T01:10:18.277266" elapsed="0.000407">Variable '${CREATED_RESERVATION_ID}' not found.</status>
</kw>
<kw name="Delete Resource By ID" owner="keywords">
<kw name="Run Keyword If" owner="BuiltIn">
<arg>'${resource_id}' != 'None' and '${TOKEN_ADMIN}' != 'None'</arg>
<arg>Run Keywords</arg>
<arg>Create Authorized Session</arg>
<arg>${TOKEN_ADMIN}</arg>
<arg>AND</arg>
<arg>DELETE On Session</arg>
<arg>api</arg>
<arg>${endpoint}${resource_id}</arg>
<doc>Runs the given keyword with the given arguments, if ``condition`` is true.</doc>
<status status="PASS" start="2025-10-31T01:10:18.277987" elapsed="0.000132"/>
</kw>
<arg>${CREATED_MOVIE_ID}</arg>
<arg>/movies/</arg>
<status status="PASS" start="2025-10-31T01:10:18.277772" elapsed="0.000392"/>
</kw>
<kw name="Delete Resource By ID" owner="keywords">
<kw name="Run Keyword If" owner="BuiltIn">
<arg>'${resource_id}' != 'None' and '${TOKEN_ADMIN}' != 'None'</arg>
<arg>Run Keywords</arg>
<arg>Create Authorized Session</arg>
<arg>${TOKEN_ADMIN}</arg>
<arg>AND</arg>
<arg>DELETE On Session</arg>
<arg>api</arg>
<arg>${endpoint}${resource_id}</arg>
<doc>Runs the given keyword with the given arguments, if ``condition`` is true.</doc>
<status status="PASS" start="2025-10-31T01:10:18.278433" elapsed="0.000102"/>
</kw>
<arg>${CREATED_THEATER_ID}</arg>
<arg>/theaters/</arg>
<status status="PASS" start="2025-10-31T01:10:18.278246" elapsed="0.000331"/>
</kw>
<kw name="Delete Resource By ID" owner="keywords">
<kw name="Run Keyword If" owner="BuiltIn">
<arg>'${resource_id}' != 'None' and '${TOKEN_ADMIN}' != 'None'</arg>
<arg>Run Keywords</arg>
<arg>Create Authorized Session</arg>
<arg>${TOKEN_ADMIN}</arg>
<arg>AND</arg>
<arg>DELETE On Session</arg>
<arg>api</arg>
<arg>${endpoint}${resource_id}</arg>
<doc>Runs the given keyword with the given arguments, if ``condition`` is true.</doc>
<status status="PASS" start="2025-10-31T01:10:18.278833" elapsed="0.000099"/>
</kw>
<arg>${CREATED_SESSION_ID}</arg>
<arg>/sessions/</arg>
<status status="PASS" start="2025-10-31T01:10:18.278654" elapsed="0.000319"/>
</kw>
<arg>Delete Resource By ID</arg>
<arg>${CREATED_RESERVATION_ID}</arg>
<arg>/reservations/</arg>
<arg>AND</arg>
<arg>Delete Resource By ID</arg>
<arg>${CREATED_MOVIE_ID}</arg>
<arg>/movies/</arg>
<arg>AND</arg>
<arg>Delete Resource By ID</arg>
<arg>${CREATED_THEATER_ID}</arg>
<arg>/theaters/</arg>
<arg>AND</arg>
<arg>Delete Resource By ID</arg>
<arg>${CREATED_SESSION_ID}</arg>
<arg>/sessions/</arg>
<doc>Executes all the given keywords in a sequence.</doc>
<status status="FAIL" start="2025-10-31T01:10:18.277125" elapsed="0.001890">Variable '${CREATED_RESERVATION_ID}' not found.</status>
</kw>
<status status="FAIL" start="2025-10-31T01:10:18.264887" elapsed="0.014203">Setup failed:
HTTPError: 401 Client Error: Unauthorized for url: http://localhost:5000/api/v1/auth/login

Also teardown failed:
Variable '${CREATED_RESERVATION_ID}' not found.</status>
</test>
<test id="s1-s3-t2" name="CT34 - Listar Minhas Reservas (Usuário Padrão - /me)" line="56">
<kw name="Run Keywords" owner="BuiltIn" type="SETUP">
<kw name="CT33 - Criação de Reserva (Usuário Padrão - POST)">
<msg time="2025-10-31T01:10:18.280141" level="FAIL">No keyword with name 'CT33 - Criação de Reserva (Usuário Padrão - POST)' found.</msg>
<status status="FAIL" start="2025-10-31T01:10:18.280117" elapsed="0.000051">No keyword with name 'CT33 - Criação de Reserva (Usuário Padrão - POST)' found.</status>
</kw>
<arg>CT33 - Criação de Reserva (Usuário Padrão - POST)</arg>
<arg>AND</arg>
<arg>Login As User</arg>
<doc>Executes all the given keywords in a sequence.</doc>
<status status="FAIL" start="2025-10-31T01:10:18.279432" elapsed="0.000779">No keyword with name 'CT33 - Criação de Reserva (Usuário Padrão - POST)' found.</status>
</kw>
<kw name="Run Keywords" owner="BuiltIn" type="TEARDOWN">
<kw name="Delete Resource By ID" owner="keywords">
<msg time="2025-10-31T01:10:18.280851" level="FAIL">Variable '${CREATED_RESERVATION_ID}' not found.</msg>
<arg>${CREATED_RESERVATION_ID}</arg>
<arg>/reservations/</arg>
<status status="FAIL" start="2025-10-31T01:10:18.280490" elapsed="0.000382">Variable '${CREATED_RESERVATION_ID}' not found.</status>
</kw>
<kw name="Delete Resource By ID" owner="keywords">
<kw name="Run Keyword If" owner="BuiltIn">
<arg>'${resource_id}' != 'None' and '${TOKEN_ADMIN}' != 'None'</arg>
<arg>Run Keywords</arg>
<arg>Create Authorized Session</arg>
<arg>${TOKEN_ADMIN}</arg>
<arg>AND</arg>
<arg>DELETE On Session</arg>
<arg>api</arg>
<arg>${endpoint}${resource_id}</arg>
<doc>Runs the given keyword with the given arguments, if ``condition`` is true.</doc>
<status status="PASS" start="2025-10-31T01:10:18.281180" elapsed="0.000121"/>
</kw>
<arg>${CREATED_MOVIE_ID}</arg>
<arg>/movies/</arg>
<status status="PASS" start="2025-10-31T01:10:18.280974" elapsed="0.000410"/>
</kw>
<kw name="Delete Resource By ID" owner="keywords">
<kw name="Run Keyword If" owner="BuiltIn">
<arg>'${resource_id}' != 'None' and '${TOKEN_ADMIN}' != 'None'</arg>
<arg>Run Keywords</arg>
<arg>Create Authorized Session</arg>
<arg>${TOKEN_ADMIN}</arg>
<arg>AND</arg>
<arg>DELETE On Session</arg>
<arg>api</arg>
<arg>${endpoint}${resource_id}</arg>
<doc>Runs the given keyword with the given arguments, if ``condition`` is true.</doc>
<status status="PASS" start="2025-10-31T01:10:18.281665" elapsed="0.000112"/>
</kw>
<arg>${CREATED_THEATER_ID}</arg>
<arg>/theaters/</arg>
<status status="PASS" start="2025-10-31T01:10:18.281469" elapsed="0.000354"/>
</kw>
<kw name="Delete Resource By ID" owner="keywords">
<kw name="Run Keyword If" owner="BuiltIn">
<arg>'${resource_id}' != 'None' and '${TOKEN_ADMIN}' != 'None'</arg>
<arg>Run Keywords</arg>
<arg>Create Authorized Session</arg>
<arg>${TOKEN_ADMIN}</arg>
<arg>AND</arg>
<arg>DELETE On Session</arg>
<arg>api</arg>
<arg>${endpoint}${resource_id}</arg>
<doc>Runs the given keyword with the given arguments, if ``condition`` is true.</doc>
<status status="PASS" start="2025-10-31T01:10:18.282098" elapsed="0.000099"/>
</kw>
<arg>${CREATED_SESSION_ID}</arg>
<arg>/sessions/</arg>
<status status="PASS" start="2025-10-31T01:10:18.281908" elapsed="0.000330"/>
</kw>
<arg>Delete Resource By ID</arg>
<arg>${CREATED_RESERVATION_ID}</arg>
<arg>/reservations/</arg>
<arg>AND</arg>
<arg>Delete Resource By ID</arg>
<arg>${CREATED_MOVIE_ID}</arg>
<arg>/movies/</arg>
<arg>AND</arg>
<arg>Delete Resource By ID</arg>
<arg>${CREATED_THEATER_ID}</arg>
<arg>/theaters/</arg>
<arg>AND</arg>
<arg>Delete Resource By ID</arg>
<arg>${CREATED_SESSION_ID}</arg>
<arg>/sessions/</arg>
<doc>Executes all the given keywords in a sequence.</doc>
<status status="FAIL" start="2025-10-31T01:10:18.280371" elapsed="0.001910">Variable '${CREATED_RESERVATION_ID}' not found.</status>
</kw>
<status status="FAIL" start="2025-10-31T01:10:18.279231" elapsed="0.003123">Setup failed:
No keyword with name 'CT33 - Criação de Reserva (Usuário Padrão - POST)' found.

Also teardown failed:
Variable '${CREATED_RESERVATION_ID}' not found.</status>
</test>
<test id="s1-s3-t3" name="CT36 - Tentativa de Listar TODAS as Reservas (Usuário Padrão - 403)" line="64">
<kw name="Login As User" owner="keywords" type="SETUP">
<kw name="Create Session" owner="RequestsLibrary">
<msg time="2025-10-31T01:10:18.282929" level="INFO">Creating Session using : alias=api, url=http://localhost:5000/api/v1, headers={},                     cookies={}, auth=None, timeout=None, proxies=None, verify=False,                     debug=0 </msg>
<arg>api</arg>
<arg>${BASE_URL}</arg>
<doc>Create Session: create a HTTP session to a server</doc>
<status status="PASS" start="2025-10-31T01:10:18.282838" elapsed="0.000198"/>
</kw>
<kw name="Create Dictionary" owner="BuiltIn">
<msg time="2025-10-31T01:10:18.283278" level="INFO">${body} = {'email': 'user@example.com', 'password': 'password123'}</msg>
<var>${body}</var>
<arg>email=${USER_EMAIL}</arg>
<arg>password=${USER_PASSWORD}</arg>
<doc>Creates and returns a dictionary based on the given ``items``.</doc>
<status status="PASS" start="2025-10-31T01:10:18.283109" elapsed="0.000185"/>
</kw>
<kw name="POST On Session" owner="RequestsLibrary">
<msg time="2025-10-31T01:10:18.286109" level="INFO">POST Request : url=http://localhost:5000/api/v1/auth/login 
 path_url=/api/v1/auth/login 
 headers={'User-Agent': 'python-requests/2.32.4', 'Accept-Encoding': 'gzip, deflate, br', 'Accept': '*/*', 'Connection': 'keep-alive', 'Content-Length': '56', 'Content-Type': 'application/json'} 
 body=b'{"email": "user@example.com", "password": "password123"}' 
 </msg>
<msg time="2025-10-31T01:10:18.286165" level="INFO">POST Response : url=http://localhost:5000/api/v1/auth/login 
 status=401, reason=Unauthorized 
 headers={'X-Powered-By': 'Express', 'Access-Control-Allow-Origin': '*', 'Content-Type': 'application/json; charset=utf-8', 'Content-Length': '55', 'ETag': 'W/"37-5uDpJTljPBecOPs/j7OXFdPRcmQ"', 'Date': 'Fri, 31 Oct 2025 05:10:18 GMT', 'Connection': 'keep-alive', 'Keep-Alive': 'timeout=5'} 
 body={"success":false,"message":"Invalid email or password"} 
 </msg>
<msg time="2025-10-31T01:10:18.286240" level="FAIL">HTTPError: 401 Client Error: Unauthorized for url: http://localhost:5000/api/v1/auth/login</msg>
<var>${response}</var>
<arg>api</arg>
<arg>/auth/login</arg>
<arg>json=${body}</arg>
<doc>Sends a POST request on a previously created HTTP Session.</doc>
<status status="FAIL" start="2025-10-31T01:10:18.283356" elapsed="0.002974">HTTPError: 401 Client Error: Unauthorized for url: http://localhost:5000/api/v1/auth/login</status>
</kw>
<kw name="Validate 200 OK Response" owner="keywords">
<arg>${response}</arg>
<status status="NOT RUN" start="2025-10-31T01:10:18.286480" elapsed="0.000024"/>
</kw>
<kw name="Get From Dictionary" owner="Collections">
<var>${token}</var>
<arg>${response.json()}</arg>
<arg>token</arg>
<doc>Returns a value from the given ``dictionary`` based on the given ``key``.</doc>
<status status="NOT RUN" start="2025-10-31T01:10:18.286575" elapsed="0.000130"/>
</kw>
<kw name="Set Global Variable" owner="BuiltIn">
<arg>${TOKEN_USER}</arg>
<arg>${token}</arg>
<doc>Makes a variable available globally in all tests and suites.</doc>
<status status="NOT RUN" start="2025-10-31T01:10:18.286785" elapsed="0.000014"/>
</kw>
<status status="FAIL" start="2025-10-31T01:10:18.282706" elapsed="0.004157">HTTPError: 401 Client Error: Unauthorized for url: http://localhost:5000/api/v1/auth/login</status>
</kw>
<kw name="Run Keywords" owner="BuiltIn" type="TEARDOWN">
<kw name="Delete Resource By ID" owner="keywords">
<msg time="2025-10-31T01:10:18.287550" level="FAIL">Variable '${CREATED_RESERVATION_ID}' not found.</msg>
<arg>${CREATED_RESERVATION_ID}</arg>
<arg>/reservations/</arg>
<status status="FAIL" start="2025-10-31T01:10:18.287178" elapsed="0.000392">Variable '${CREATED_RESERVATION_ID}' not found.</status>
</kw>
<kw name="Delete Resource By ID" owner="keywords">
<kw name="Run Keyword If" owner="BuiltIn">
<arg>'${resource_id}' != 'None' and '${TOKEN_ADMIN}' != 'None'</arg>
<arg>Run Keywords</arg>
<arg>Create Authorized Session</arg>
<arg>${TOKEN_ADMIN}</arg>
<arg>AND</arg>
<arg>DELETE On Session</arg>
<arg>api</arg>
<arg>${endpoint}${resource_id}</arg>
<doc>Runs the given keyword with the given arguments, if ``condition`` is true.</doc>
<status status="PASS" start="2025-10-31T01:10:18.287880" elapsed="0.000122"/>
</kw>
<arg>${CREATED_MOVIE_ID}</arg>
<arg>/movies/</arg>
<status status="PASS" start="2025-10-31T01:10:18.287668" elapsed="0.000382"/>
</kw>
<kw name="Delete Resource By ID" owner="keywords">
<kw name="Run Keyword If" owner="BuiltIn">
<arg>'${resource_id}' != 'None' and '${TOKEN_ADMIN}' != 'None'</arg>
<arg>Run Keywords</arg>
<arg>Create Authorized Session</arg>
<arg>${TOKEN_ADMIN}</arg>
<arg>AND</arg>
<arg>DELETE On Session</arg>
<arg>api</arg>
<arg>${endpoint}${resource_id}</arg>
<doc>Runs the given keyword with the given arguments, if ``condition`` is true.</doc>
<status status="PASS" start="2025-10-31T01:10:18.288334" elapsed="0.000104"/>
</kw>
<arg>${CREATED_THEATER_ID}</arg>
<arg>/theaters/</arg>
<status status="PASS" start="2025-10-31T01:10:18.288142" elapsed="0.000340"/>
</kw>
<kw name="Delete Resource By ID" owner="keywords">
<kw name="Run Keyword If" owner="BuiltIn">
<arg>'${resource_id}' != 'None' and '${TOKEN_ADMIN}' != 'None'</arg>
<arg>Run Keywords</arg>
<arg>Create Authorized Session</arg>
<arg>${TOKEN_ADMIN}</arg>
<arg>AND</arg>
<arg>DELETE On Session</arg>
<arg>api</arg>
<arg>${endpoint}${resource_id}</arg>
<doc>Runs the given keyword with the given arguments, if ``condition`` is true.</doc>
<status status="PASS" start="2025-10-31T01:10:18.288747" elapsed="0.000097"/>
</kw>
<arg>${CREATED_SESSION_ID}</arg>
<arg>/sessions/</arg>
<status status="PASS" start="2025-10-31T01:10:18.288565" elapsed="0.000358"/>
</kw>
<arg>Delete Resource By ID</arg>
<arg>${CREATED_RESERVATION_ID}</arg>
<arg>/reservations/</arg>
<arg>AND</arg>
<arg>Delete Resource By ID</arg>
<arg>${CREATED_MOVIE_ID}</arg>
<arg>/movies/</arg>
<arg>AND</arg>
<arg>Delete Resource By ID</arg>
<arg>${CREATED_THEATER_ID}</arg>
<arg>/theaters/</arg>
<arg>AND</arg>
<arg>Delete Resource By ID</arg>
<arg>${CREATED_SESSION_ID}</arg>
<arg>/sessions/</arg>
<doc>Executes all the given keywords in a sequence.</doc>
<status status="FAIL" start="2025-10-31T01:10:18.287039" elapsed="0.001928">Variable '${CREATED_RESERVATION_ID}' not found.</status>
</kw>
<status status="FAIL" start="2025-10-31T01:10:18.282481" elapsed="0.006556">Setup failed:
HTTPError: 401 Client Error: Unauthorized for url: http://localhost:5000/api/v1/auth/login

Also teardown failed:
Variable '${CREATED_RESERVATION_ID}' not found.</status>
</test>
<test id="s1-s3-t4" name="CT35 - Listar TODAS as Reservas (Admin - 200)" line="71">
<kw name="Run Keywords" owner="BuiltIn" type="SETUP">
<kw name="CT33 - Criação de Reserva (Usuário Padrão - POST)">
<msg time="2025-10-31T01:10:18.289948" level="FAIL">No keyword with name 'CT33 - Criação de Reserva (Usuário Padrão - POST)' found.</msg>
<status status="FAIL" start="2025-10-31T01:10:18.289928" elapsed="0.000043">No keyword with name 'CT33 - Criação de Reserva (Usuário Padrão - POST)' found.</status>
</kw>
<arg>CT33 - Criação de Reserva (Usuário Padrão - POST)</arg>
<arg>AND</arg>
<arg>Login As Admin</arg>
<doc>Executes all the given keywords in a sequence.</doc>
<status status="FAIL" start="2025-10-31T01:10:18.289352" elapsed="0.000659">No keyword with name 'CT33 - Criação de Reserva (Usuário Padrão - POST)' found.</status>
</kw>
<kw name="Run Keywords" owner="BuiltIn" type="TEARDOWN">
<kw name="Delete Resource By ID" owner="keywords">
<msg time="2025-10-31T01:10:18.290610" level="FAIL">Variable '${CREATED_RESERVATION_ID}' not found.</msg>
<arg>${CREATED_RESERVATION_ID}</arg>
<arg>/reservations/</arg>
<status status="FAIL" start="2025-10-31T01:10:18.290267" elapsed="0.000362">Variable '${CREATED_RESERVATION_ID}' not found.</status>
</kw>
<kw name="Delete Resource By ID" owner="keywords">
<kw name="Run Keyword If" owner="BuiltIn">
<arg>'${resource_id}' != 'None' and '${TOKEN_ADMIN}' != 'None'</arg>
<arg>Run Keywords</arg>
<arg>Create Authorized Session</arg>
<arg>${TOKEN_ADMIN}</arg>
<arg>AND</arg>
<arg>DELETE On Session</arg>
<arg>api</arg>
<arg>${endpoint}${resource_id}</arg>
<doc>Runs the given keyword with the given arguments, if ``condition`` is true.</doc>
<status status="PASS" start="2025-10-31T01:10:18.290932" elapsed="0.000110"/>
</kw>
<arg>${CREATED_MOVIE_ID}</arg>
<arg>/movies/</arg>
<status status="PASS" start="2025-10-31T01:10:18.290727" elapsed="0.000360"/>
</kw>
<kw name="Delete Resource By ID" owner="keywords">
<kw name="Run Keyword If" owner="BuiltIn">
<arg>'${resource_id}' != 'None' and '${TOKEN_ADMIN}' != 'None'</arg>
<arg>Run Keywords</arg>
<arg>Create Authorized Session</arg>
<arg>${TOKEN_ADMIN}</arg>
<arg>AND</arg>
<arg>DELETE On Session</arg>
<arg>api</arg>
<arg>${endpoint}${resource_id}</arg>
<doc>Runs the given keyword with the given arguments, if ``condition`` is true.</doc>
<status status="PASS" start="2025-10-31T01:10:18.291358" elapsed="0.000101"/>
</kw>
<arg>${CREATED_THEATER_ID}</arg>
<arg>/theaters/</arg>
<status status="PASS" start="2025-10-31T01:10:18.291173" elapsed="0.000326"/>
</kw>
<kw name="Delete Resource By ID" owner="keywords">
<kw name="Run Keyword If" owner="BuiltIn">
<arg>'${resource_id}' != 'None' and '${TOKEN_ADMIN}' != 'None'</arg>
<arg>Run Keywords</arg>
<arg>Create Authorized Session</arg>
<arg>${TOKEN_ADMIN}</arg>
<arg>AND</arg>
<arg>DELETE On Session</arg>
<arg>api</arg>
<arg>${endpoint}${resource_id}</arg>
<doc>Runs the given keyword with the given arguments, if ``condition`` is true.</doc>
<status status="PASS" start="2025-10-31T01:10:18.291757" elapsed="0.000221"/>
</kw>
<arg>${CREATED_SESSION_ID}</arg>
<arg>/sessions/</arg>
<status status="PASS" start="2025-10-31T01:10:18.291578" elapsed="0.000451"/>
</kw>
<arg>Delete Resource By ID</arg>
<arg>${CREATED_RESERVATION_ID}</arg>
<arg>/reservations/</arg>
<arg>AND</arg>
<arg>Delete Resource By ID</arg>
<arg>${CREATED_MOVIE_ID}</arg>
<arg>/movies/</arg>
<arg>AND</arg>
<arg>Delete Resource By ID</arg>
<arg>${CREATED_THEATER_ID}</arg>
<arg>/theaters/</arg>
<arg>AND</arg>
<arg>Delete Resource By ID</arg>
<arg>${CREATED_SESSION_ID}</arg>
<arg>/sessions/</arg>
<doc>Executes all the given keywords in a sequence.</doc>
<status status="FAIL" start="2025-10-31T01:10:18.290152" elapsed="0.001923">Variable '${CREATED_RESERVATION_ID}' not found.</status>
</kw>
<status status="FAIL" start="2025-10-31T01:10:18.289171" elapsed="0.002980">Setup failed:
No keyword with name 'CT33 - Criação de Reserva (Usuário Padrão - POST)' found.

Also teardown failed:
Variable '${CREATED_RESERVATION_ID}' not found.</status>
</test>
<test id="s1-s3-t5" name="CT37 - Atualizar Reserva (Admin - PUT)" line="78">
<kw name="Run Keywords" owner="BuiltIn" type="SETUP">
<kw name="CT33 - Criação de Reserva (Usuário Padrão - POST)">
<msg time="2025-10-31T01:10:18.293174" level="FAIL">No keyword with name 'CT33 - Criação de Reserva (Usuário Padrão - POST)' found.</msg>
<status status="FAIL" start="2025-10-31T01:10:18.293154" elapsed="0.000044">No keyword with name 'CT33 - Criação de Reserva (Usuário Padrão - POST)' found.</status>
</kw>
<arg>CT33 - Criação de Reserva (Usuário Padrão - POST)</arg>
<arg>AND</arg>
<arg>Login As Admin</arg>
<doc>Executes all the given keywords in a sequence.</doc>
<status status="FAIL" start="2025-10-31T01:10:18.292558" elapsed="0.000679">No keyword with name 'CT33 - Criação de Reserva (Usuário Padrão - POST)' found.</status>
</kw>
<kw name="Run Keywords" owner="BuiltIn" type="TEARDOWN">
<kw name="Delete Resource By ID" owner="keywords">
<msg time="2025-10-31T01:10:18.293862" level="FAIL">Variable '${CREATED_RESERVATION_ID}' not found.</msg>
<arg>${CREATED_RESERVATION_ID}</arg>
<arg>/reservations/</arg>
<status status="FAIL" start="2025-10-31T01:10:18.293509" elapsed="0.000373">Variable '${CREATED_RESERVATION_ID}' not found.</status>
</kw>
<kw name="Delete Resource By ID" owner="keywords">
<kw name="Run Keyword If" owner="BuiltIn">
[...]
<kw name="Create Session" owner="RequestsLibrary">
<msg time="2025-10-31T01:10:18.377647" level="INFO">Creating Session using : alias=api, url=http://localhost:5000/api/v1, headers={},                     cookies={}, auth=None, timeout=None, proxies=None, verify=False,                     debug=0 </msg>
<arg>api</arg>
<arg>${BASE_URL}</arg>
<doc>Create Session: create a HTTP session to a server</doc>
<status status="PASS" start="2025-10-31T01:10:18.377551" elapsed="0.000199"/>
</kw>
<kw name="Create Dictionary" owner="BuiltIn">
<msg time="2025-10-31T01:10:18.377993" level="INFO">${body} = {'email': 'admin@example.com', 'password': 'password123'}</msg>
<var>${body}</var>
<arg>email=${ADMIN_EMAIL}</arg>
<arg>password=${ADMIN_PASSWORD}</arg>
<doc>Creates and returns a dictionary based on the given ``items``.</doc>
<status status="PASS" start="2025-10-31T01:10:18.377823" elapsed="0.000185"/>
</kw>
<kw name="POST On Session" owner="RequestsLibrary">
<msg time="2025-10-31T01:10:18.380838" level="INFO">POST Request : url=http://localhost:5000/api/v1/auth/login 
 path_url=/api/v1/auth/login 
 headers={'User-Agent': 'python-requests/2.32.4', 'Accept-Encoding': 'gzip, deflate, br', 'Accept': '*/*', 'Connection': 'keep-alive', 'Content-Length': '57', 'Content-Type': 'application/json'} 
 body=b'{"email": "admin@example.com", "password": "password123"}' 
 </msg>
<msg time="2025-10-31T01:10:18.380890" level="INFO">POST Response : url=http://localhost:5000/api/v1/auth/login 
 status=401, reason=Unauthorized 
 headers={'X-Powered-By': 'Express', 'Access-Control-Allow-Origin': '*', 'Content-Type': 'application/json; charset=utf-8', 'Content-Length': '55', 'ETag': 'W/"37-5uDpJTljPBecOPs/j7OXFdPRcmQ"', 'Date': 'Fri, 31 Oct 2025 05:10:18 GMT', 'Connection': 'keep-alive', 'Keep-Alive': 'timeout=5'} 
 body={"success":false,"message":"Invalid email or password"} 
 </msg>
<msg time="2025-10-31T01:10:18.380963" level="FAIL">HTTPError: 401 Client Error: Unauthorized for url: http://localhost:5000/api/v1/auth/login</msg>
<var>${response}</var>
<arg>api</arg>
<arg>/auth/login</arg>
<arg>json=${body}</arg>
<doc>Sends a POST request on a previously created HTTP Session.</doc>
<status status="FAIL" start="2025-10-31T01:10:18.378072" elapsed="0.002976">HTTPError: 401 Client Error: Unauthorized for url: http://localhost:5000/api/v1/auth/login</status>
</kw>
<kw name="Validate 200 OK Response" owner="keywords">
<arg>${response}</arg>
<status status="NOT RUN" start="2025-10-31T01:10:18.381209" elapsed="0.000024"/>
</kw>
<kw name="Get From Dictionary" owner="Collections">
<var>${token}</var>
<arg>${response.json()}</arg>
<arg>token</arg>
<doc>Returns a value from the given ``dictionary`` based on the given ``key``.</doc>
<status status="NOT RUN" start="2025-10-31T01:10:18.381307" elapsed="0.000012"/>
</kw>
<kw name="Set Global Variable" owner="BuiltIn">
<arg>${TOKEN_ADMIN}</arg>
<arg>${token}</arg>
<doc>Makes a variable available globally in all tests and suites.</doc>
<status status="NOT RUN" start="2025-10-31T01:10:18.381380" elapsed="0.000011"/>
</kw>
<status status="FAIL" start="2025-10-31T01:10:18.377404" elapsed="0.004048">HTTPError: 401 Client Error: Unauthorized for url: http://localhost:5000/api/v1/auth/login</status>
</kw>
<kw name="Delete Resource By ID" owner="keywords" type="TEARDOWN">
<kw name="Run Keyword If" owner="BuiltIn">
<arg>'${resource_id}' != 'None' and '${TOKEN_ADMIN}' != 'None'</arg>
<arg>Run Keywords</arg>
<arg>Create Authorized Session</arg>
<arg>${TOKEN_ADMIN}</arg>
<arg>AND</arg>
<arg>DELETE On Session</arg>
<arg>api</arg>
<arg>${endpoint}${resource_id}</arg>
<doc>Runs the given keyword with the given arguments, if ``condition`` is true.</doc>
<status status="PASS" start="2025-10-31T01:10:18.382056" elapsed="0.000147"/>
</kw>
<arg>${CREATED_USER_ID}</arg>
<arg>/users/</arg>
<status status="PASS" start="2025-10-31T01:10:18.381656" elapsed="0.000598"/>
</kw>
<status status="FAIL" start="2025-10-31T01:10:18.377163" elapsed="0.005138">Setup failed:
HTTPError: 401 Client Error: Unauthorized for url: http://localhost:5000/api/v1/auth/login</status>
</test>
<test id="s1-s6-t4" name="CT11 - Atualizar dados de um usuário (Admin - PUT)" line="33">
<kw name="Login As Admin" owner="keywords" type="SETUP">
<kw name="Create Session" owner="RequestsLibrary">
<msg time="2025-10-31T01:10:18.382900" level="INFO">Creating Session using : alias=api, url=http://localhost:5000/api/v1, headers={},                     cookies={}, auth=None, timeout=None, proxies=None, verify=False,                     debug=0 </msg>
<arg>api</arg>
<arg>${BASE_URL}</arg>
<doc>Create Session: create a HTTP session to a server</doc>
<status status="PASS" start="2025-10-31T01:10:18.382809" elapsed="0.000190"/>
</kw>
<kw name="Create Dictionary" owner="BuiltIn">
<msg time="2025-10-31T01:10:18.383243" level="INFO">${body} = {'email': 'admin@example.com', 'password': 'password123'}</msg>
<var>${body}</var>
<arg>email=${ADMIN_EMAIL}</arg>
<arg>password=${ADMIN_PASSWORD}</arg>
<doc>Creates and returns a dictionary based on the given ``items``.</doc>
<status status="PASS" start="2025-10-31T01:10:18.383071" elapsed="0.000190"/>
</kw>
<kw name="POST On Session" owner="RequestsLibrary">
<msg time="2025-10-31T01:10:18.386033" level="INFO">POST Request : url=http://localhost:5000/api/v1/auth/login 
 path_url=/api/v1/auth/login 
 headers={'User-Agent': 'python-requests/2.32.4', 'Accept-Encoding': 'gzip, deflate, br', 'Accept': '*/*', 'Connection': 'keep-alive', 'Content-Length': '57', 'Content-Type': 'application/json'} 
 body=b'{"email": "admin@example.com", "password": "password123"}' 
 </msg>
<msg time="2025-10-31T01:10:18.386086" level="INFO">POST Response : url=http://localhost:5000/api/v1/auth/login 
 status=401, reason=Unauthorized 
 headers={'X-Powered-By': 'Express', 'Access-Control-Allow-Origin': '*', 'Content-Type': 'application/json; charset=utf-8', 'Content-Length': '55', 'ETag': 'W/"37-5uDpJTljPBecOPs/j7OXFdPRcmQ"', 'Date': 'Fri, 31 Oct 2025 05:10:18 GMT', 'Connection': 'keep-alive', 'Keep-Alive': 'timeout=5'} 
 body={"success":false,"message":"Invalid email or password"} 
 </msg>
<msg time="2025-10-31T01:10:18.386170" level="FAIL">HTTPError: 401 Client Error: Unauthorized for url: http://localhost:5000/api/v1/auth/login</msg>
<var>${response}</var>
<arg>api</arg>
<arg>/auth/login</arg>
<arg>json=${body}</arg>
<doc>Sends a POST request on a previously created HTTP Session.</doc>
<status status="FAIL" start="2025-10-31T01:10:18.383329" elapsed="0.002926">HTTPError: 401 Client Error: Unauthorized for url: http://localhost:5000/api/v1/auth/login</status>
</kw>
<kw name="Validate 200 OK Response" owner="keywords">
<arg>${response}</arg>
<status status="NOT RUN" start="2025-10-31T01:10:18.386395" elapsed="0.000022"/>
</kw>
<kw name="Get From Dictionary" owner="Collections">
<var>${token}</var>
<arg>${response.json()}</arg>
<arg>token</arg>
<doc>Returns a value from the given ``dictionary`` based on the given ``key``.</doc>
<status status="NOT RUN" start="2025-10-31T01:10:18.386486" elapsed="0.000012"/>
</kw>
<kw name="Set Global Variable" owner="BuiltIn">
<arg>${TOKEN_ADMIN}</arg>
<arg>${token}</arg>
<doc>Makes a variable available globally in all tests and suites.</doc>
<status status="NOT RUN" start="2025-10-31T01:10:18.386602" elapsed="0.000012"/>
</kw>
<status status="FAIL" start="2025-10-31T01:10:18.382665" elapsed="0.004010">HTTPError: 401 Client Error: Unauthorized for url: http://localhost:5000/api/v1/auth/login</status>
</kw>
<kw name="Delete Resource By ID" owner="keywords" type="TEARDOWN">
<kw name="Run Keyword If" owner="BuiltIn">
<arg>'${resource_id}' != 'None' and '${TOKEN_ADMIN}' != 'None'</arg>
<arg>Run Keywords</arg>
<arg>Create Authorized Session</arg>
<arg>${TOKEN_ADMIN}</arg>
<arg>AND</arg>
<arg>DELETE On Session</arg>
<arg>api</arg>
<arg>${endpoint}${resource_id}</arg>
<doc>Runs the given keyword with the given arguments, if ``condition`` is true.</doc>
<status status="PASS" start="2025-10-31T01:10:18.387079" elapsed="0.000136"/>
</kw>
<arg>${CREATED_USER_ID}</arg>
<arg>/users/</arg>
<status status="PASS" start="2025-10-31T01:10:18.386859" elapsed="0.000402"/>
</kw>
<status status="FAIL" start="2025-10-31T01:10:18.382435" elapsed="0.004870">Setup failed:
HTTPError: 401 Client Error: Unauthorized for url: http://localhost:5000/api/v1/auth/login</status>
</test>
<test id="s1-s6-t5" name="CT12 - Excluir um usuário (Admin - DELETE)" line="52">
<kw name="Login As Admin" owner="keywords" type="SETUP">
<kw name="Create Session" owner="RequestsLibrary">
<msg time="2025-10-31T01:10:18.387894" level="INFO">Creating Session using : alias=api, url=http://localhost:5000/api/v1, headers={},                     cookies={}, auth=None, timeout=None, proxies=None, verify=False,                     debug=0 </msg>
<arg>api</arg>
<arg>${BASE_URL}</arg>
<doc>Create Session: create a HTTP session to a server</doc>
<status status="PASS" start="2025-10-31T01:10:18.387804" elapsed="0.000186"/>
</kw>
<kw name="Create Dictionary" owner="BuiltIn">
<msg time="2025-10-31T01:10:18.388229" level="INFO">${body} = {'email': 'admin@example.com', 'password': 'password123'}</msg>
<var>${body}</var>
<arg>email=${ADMIN_EMAIL}</arg>
<arg>password=${ADMIN_PASSWORD}</arg>
<doc>Creates and returns a dictionary based on the given ``items``.</doc>
<status status="PASS" start="2025-10-31T01:10:18.388064" elapsed="0.000181"/>
</kw>
<kw name="POST On Session" owner="RequestsLibrary">
<msg time="2025-10-31T01:10:18.390659" level="INFO">POST Request : url=http://localhost:5000/api/v1/auth/login 
 path_url=/api/v1/auth/login 
 headers={'User-Agent': 'python-requests/2.32.4', 'Accept-Encoding': 'gzip, deflate, br', 'Accept': '*/*', 'Connection': 'keep-alive', 'Content-Length': '57', 'Content-Type': 'application/json'} 
 body=b'{"email": "admin@example.com", "password": "password123"}' 
 </msg>
<msg time="2025-10-31T01:10:18.390708" level="INFO">POST Response : url=http://localhost:5000/api/v1/auth/login 
 status=401, reason=Unauthorized 
 headers={'X-Powered-By': 'Express', 'Access-Control-Allow-Origin': '*', 'Content-Type': 'application/json; charset=utf-8', 'Content-Length': '55', 'ETag': 'W/"37-5uDpJTljPBecOPs/j7OXFdPRcmQ"', 'Date': 'Fri, 31 Oct 2025 05:10:18 GMT', 'Connection': 'keep-alive', 'Keep-Alive': 'timeout=5'} 
 body={"success":false,"message":"Invalid email or password"} 
 </msg>
<msg time="2025-10-31T01:10:18.390775" level="FAIL">HTTPError: 401 Client Error: Unauthorized for url: http://localhost:5000/api/v1/auth/login</msg>
<var>${response}</var>
<arg>api</arg>
<arg>/auth/login</arg>
<arg>json=${body}</arg>
<doc>Sends a POST request on a previously created HTTP Session.</doc>
<status status="FAIL" start="2025-10-31T01:10:18.388309" elapsed="0.002550">HTTPError: 401 Client Error: Unauthorized for url: http://localhost:5000/api/v1/auth/login</status>
</kw>
<kw name="Validate 200 OK Response" owner="keywords">
<arg>${response}</arg>
<status status="NOT RUN" start="2025-10-31T01:10:18.390995" elapsed="0.000021"/>
</kw>
<kw name="Get From Dictionary" owner="Collections">
<var>${token}</var>
<arg>${response.json()}</arg>
<arg>token</arg>
<doc>Returns a value from the given ``dictionary`` based on the given ``key``.</doc>
<status status="NOT RUN" start="2025-10-31T01:10:18.391084" elapsed="0.000018"/>
</kw>
<kw name="Set Global Variable" owner="BuiltIn">
<arg>${TOKEN_ADMIN}</arg>
<arg>${token}</arg>
<doc>Makes a variable available globally in all tests and suites.</doc>
<status status="NOT RUN" start="2025-10-31T01:10:18.391169" elapsed="0.000012"/>
</kw>
<status status="FAIL" start="2025-10-31T01:10:18.387658" elapsed="0.003587">HTTPError: 401 Client Error: Unauthorized for url: http://localhost:5000/api/v1/auth/login</status>
</kw>
<kw name="Delete Resource By ID" owner="keywords" type="TEARDOWN">
<kw name="Run Keyword If" owner="BuiltIn">
<arg>'${resource_id}' != 'None' and '${TOKEN_ADMIN}' != 'None'</arg>
<arg>Run Keywords</arg>
<arg>Create Authorized Session</arg>
<arg>${TOKEN_ADMIN}</arg>
<arg>AND</arg>
<arg>DELETE On Session</arg>
<arg>api</arg>
<arg>${endpoint}${resource_id}</arg>
<doc>Runs the given keyword with the given arguments, if ``condition`` is true.</doc>
<status status="PASS" start="2025-10-31T01:10:18.391809" elapsed="0.000130"/>
</kw>
<arg>${CREATED_USER_ID}</arg>
<arg>/users/</arg>
<status status="PASS" start="2025-10-31T01:10:18.391426" elapsed="0.000562"/>
</kw>
<status status="FAIL" start="2025-10-31T01:10:18.387432" elapsed="0.004602">Setup failed:
HTTPError: 401 Client Error: Unauthorized for url: http://localhost:5000/api/v1/auth/login</status>
</test>
<test id="s1-s6-t6" name="CT13 - Tentativa de excluir usuário (Usuário Padrão - 403)" line="69">
<kw name="Login As Admin" owner="keywords" type="SETUP">
<kw name="Create Session" owner="RequestsLibrary">
<msg time="2025-10-31T01:10:18.392624" level="INFO">Creating Session using : alias=api, url=http://localhost:5000/api/v1, headers={},                     cookies={}, auth=None, timeout=None, proxies=None, verify=False,                     debug=0 </msg>
<arg>api</arg>
<arg>${BASE_URL}</arg>
<doc>Create Session: create a HTTP session to a server</doc>
<status status="PASS" start="2025-10-31T01:10:18.392534" elapsed="0.000184"/>
</kw>
<kw name="Create Dictionary" owner="BuiltIn">
<msg time="2025-10-31T01:10:18.392952" level="INFO">${body} = {'email': 'admin@example.com', 'password': 'password123'}</msg>
<var>${body}</var>
<arg>email=${ADMIN_EMAIL}</arg>
<arg>password=${ADMIN_PASSWORD}</arg>
<doc>Creates and returns a dictionary based on the given ``items``.</doc>
<status status="PASS" start="2025-10-31T01:10:18.392788" elapsed="0.000181"/>
</kw>
<kw name="POST On Session" owner="RequestsLibrary">
<msg time="2025-10-31T01:10:18.395654" level="INFO">POST Request : url=http://localhost:5000/api/v1/auth/login 
 path_url=/api/v1/auth/login 
 headers={'User-Agent': 'python-requests/2.32.4', 'Accept-Encoding': 'gzip, deflate, br', 'Accept': '*/*', 'Connection': 'keep-alive', 'Content-Length': '57', 'Content-Type': 'application/json'} 
 body=b'{"email": "admin@example.com", "password": "password123"}' 
 </msg>
<msg time="2025-10-31T01:10:18.395706" level="INFO">POST Response : url=http://localhost:5000/api/v1/auth/login 
 status=401, reason=Unauthorized 
 headers={'X-Powered-By': 'Express', 'Access-Control-Allow-Origin': '*', 'Content-Type': 'application/json; charset=utf-8', 'Content-Length': '55', 'ETag': 'W/"37-5uDpJTljPBecOPs/j7OXFdPRcmQ"', 'Date': 'Fri, 31 Oct 2025 05:10:18 GMT', 'Connection': 'keep-alive', 'Keep-Alive': 'timeout=5'} 
 body={"success":false,"message":"Invalid email or password"} 
 </msg>
<msg time="2025-10-31T01:10:18.395785" level="FAIL">HTTPError: 401 Client Error: Unauthorized for url: http://localhost:5000/api/v1/auth/login</msg>
<var>${response}</var>
<arg>api</arg>
<arg>/auth/login</arg>
<arg>json=${body}</arg>
<doc>Sends a POST request on a previously created HTTP Session.</doc>
<status status="FAIL" start="2025-10-31T01:10:18.393036" elapsed="0.002833">HTTPError: 401 Client Error: Unauthorized for url: http://localhost:5000/api/v1/auth/login</status>
</kw>
<kw name="Validate 200 OK Response" owner="keywords">
<arg>${response}</arg>
<status status="NOT RUN" start="2025-10-31T01:10:18.396053" elapsed="0.000024"/>
</kw>
<kw name="Get From Dictionary" owner="Collections">
<var>${token}</var>
<arg>${response.json()}</arg>
<arg>token</arg>
<doc>Returns a value from the given ``dictionary`` based on the given ``key``.</doc>
<status status="NOT RUN" start="2025-10-31T01:10:18.396158" elapsed="0.000014"/>
</kw>
<kw name="Set Global Variable" owner="BuiltIn">
<arg>${TOKEN_ADMIN}</arg>
<arg>${token}</arg>
<doc>Makes a variable available globally in all tests and suites.</doc>
<status status="NOT RUN" start="2025-10-31T01:10:18.396239" elapsed="0.000011"/>
</kw>
<status status="FAIL" start="2025-10-31T01:10:18.392397" elapsed="0.003916">HTTPError: 401 Client Error: Unauthorized for url: http://localhost:5000/api/v1/auth/login</status>
</kw>
<kw name="Delete Resource By ID" owner="keywords" type="TEARDOWN">
<kw name="Run Keyword If" owner="BuiltIn">
<arg>'${resource_id}' != 'None' and '${TOKEN_ADMIN}' != 'None'</arg>
<arg>Run Keywords</arg>
<arg>Create Authorized Session</arg>
<arg>${TOKEN_ADMIN}</arg>
<arg>AND</arg>
<arg>DELETE On Session</arg>
<arg>api</arg>
<arg>${endpoint}${resource_id}</arg>
<doc>Runs the given keyword with the given arguments, if ``condition`` is true.</doc>
<status status="PASS" start="2025-10-31T01:10:18.396728" elapsed="0.000129"/>
</kw>
<arg>${CREATED_USER_ID}</arg>
<arg>/users/</arg>
<status status="PASS" start="2025-10-31T01:10:18.396503" elapsed="0.000400"/>
</kw>
<status status="FAIL" start="2025-10-31T01:10:18.392162" elapsed="0.004787">Setup failed:
HTTPError: 401 Client Error: Unauthorized for url: http://localhost:5000/api/v1/auth/login</status>
</test>
<status status="FAIL" start="2025-10-31T01:10:18.364598" elapsed="0.032546"/>
</suite>
<status status="FAIL" start="2025-10-31T01:10:18.103450" elapsed="0.294010"/>
</suite>
<statistics>
<total>
<stat pass="0" fail="34" skip="0">All Tests</stat>
</total>
<tag>
</tag>
<suite>
<stat name="Testcases" id="s1" pass="0" fail="34" skip="0">Testcases</stat>
<stat name="Auth Tests" id="s1-s1" pass="0" fail="7" skip="0">Testcases.Auth Tests</stat>
<stat name="Movies Tests" id="s1-s2" pass="0" fail="5" skip="0">Testcases.Movies Tests</stat>
<stat name="Reservations Tests" id="s1-s3" pass="0" fail="6" skip="0">Testcases.Reservations Tests</stat>
<stat name="Sessions Tests" id="s1-s4" pass="0" fail="5" skip="0">Testcases.Sessions Tests</stat>
<stat name="Theaters Tests" id="s1-s5" pass="0" fail="5" skip="0">Testcases.Theaters Tests</stat>
<stat name="Users Tests" id="s1-s6" pass="0" fail="6" skip="0">Testcases.Users Tests</stat>
</suite>
</statistics>
<errors>
<msg time="2025-10-31T01:10:18.115177" level="ERROR">Error in file '/home/gregoryozaki/Documentos/compass/challenge-final/api-tests/resources/variables.robot' on line 21: Setting variable '${CREATED_RESERVATION_ID} None' failed: Invalid variable name '${CREATED_RESERVATION_ID} None'.</msg>
<msg time="2025-10-31T01:10:18.229265" level="ERROR">Error in file '/home/gregoryozaki/Documentos/compass/challenge-final/api-tests/resources/variables.robot' on line 21: Setting variable '${CREATED_RESERVATION_ID} None' failed: Invalid variable name '${CREATED_RESERVATION_ID} None'.</msg>
<msg time="2025-10-31T01:10:18.263961" level="ERROR">Error in file '/home/gregoryozaki/Documentos/compass/challenge-final/api-tests/resources/variables.robot' on line 21: Setting variable '${CREATED_RESERVATION_ID} None' failed: Invalid variable name '${CREATED_RESERVATION_ID} None'.</msg>
<msg time="2025-10-31T01:10:18.299495" level="ERROR">Error in file '/home/gregoryozaki/Documentos/compass/challenge-final/api-tests/resources/variables.robot' on line 21: Setting variable '${CREATED_RESERVATION_ID} None' failed: Invalid variable name '${CREATED_RESERVATION_ID} None'.</msg>
<msg time="2025-10-31T01:10:18.331659" level="ERROR">Error in file '/home/gregoryozaki/Documentos/compass/challenge-final/api-tests/resources/variables.robot' on line 21: Setting variable '${CREATED_RESERVATION_ID} None' failed: Invalid variable name '${CREATED_RESERVATION_ID} None'.</msg>
<msg time="2025-10-31T01:10:18.365308" level="ERROR">Error in file '/home/gregoryozaki/Documentos/compass/challenge-final/api-tests/resources/variables.robot' on line 21: Setting variable '${CREATED_RESERVATION_ID} None' failed: Invalid variable name '${CREATED_RESERVATION_ID} None'.</msg>
<msg time="2025-10-31T01:10:18.366546" level="ERROR">Error in file '/home/gregoryozaki/Documentos/compass/challenge-final/api-tests/testcases/users_tests.robot' on line 11: Setting variable '${NEW_USER_EMAIL}' failed: Resolving variable '${random.string(5, [LETTERS])}' failed: Variable '${random}' not found.</msg>
</errors>
</robot>
